<?xml version="1.0" encoding="UTF-8"?>
<testsuites name="VikasTestCase" time="12224" tests="39" failures="53" errors="0">
   <testsuite name="VikasTestCase" tests="39" failures="53" errors="0" time="12224" timestamp="2018-07-05 20:59:41" hostname="vikas.kiroula - ZIPLBLRSY139.zycus.net" id="Test Suites/VikasTestCase">
      <properties>
[...]
</properties>
      <testcase name="Test Cases/DDS-2053/DDS- 3890 User should be able to mark individual items as favourites on the online store search results page" classname="Test Cases/DDS-2053/DDS- 3890 User should be able to mark individual items as favourites on the online store search results page" status="PASSED">
         <system-out><![CDATA[2018-07-05 20:59:42 - [TEST_CASE][PASSED] - Test Cases/DDS-2053/DDS- 3890 User should be able to mark individual items as favourites on the online store search results page: Test Cases/DDS-2053/DDS- 3890 User should be able to mark individual items as favourites on the online store search results page

2018-07-05 20:59:42 - [TEST_STEP][PASSED] - callTestCase: Call Test Case 'Test Cases/CommonLibraries/Search By Item' successfully

2018-07-05 20:59:42 - [TEST_CASE][PASSED] - Test Cases/CommonLibraries/Search By Item: Test Cases/CommonLibraries/Search By Item

2018-07-05 20:59:42 - [TEST_STEP][PASSED] - callTestCase: Call Test Case 'Test Cases/CommonLibraries/Login' successfully

2018-07-05 20:59:42 - [TEST_CASE][PASSED] - Test Cases/CommonLibraries/Login: Test Cases/CommonLibraries/Login

2018-07-05 20:59:42 - [TEST_STEP][PASSED] - openBrowser: Browser is opened with url: 'https://smtlogin.zycus.net/sso/login?serviceName=http://eproc-qa.zycus.net/'

2018-07-05 20:59:53 - [MESSAGE][PASSED] - Browser is opened with url: 'https://smtlogin.zycus.net/sso/login?serviceName=http://eproc-qa.zycus.net/'

2018-07-05 20:59:53 - [TEST_STEP][PASSED] - maximizeWindow: Current window maximized

2018-07-05 20:59:56 - [MESSAGE][PASSED] - Current window maximized

2018-07-05 20:59:56 - [TEST_STEP][PASSED] - waitForElementVisible: Object 'Object Repository/LoginPage/UserID' is visible

2018-07-05 20:59:56 - [MESSAGE][PASSED] - Object 'Object Repository/LoginPage/UserID' is visible

2018-07-05 20:59:56 - [TEST_STEP][PASSED] - sendKeys: Keys 'monicaqa@zycus.com' sent to object: 'Object Repository/LoginPage/UserID'

2018-07-05 20:59:56 - [MESSAGE][PASSED] - Keys 'monicaqa@zycus.com' sent to object: 'Object Repository/LoginPage/UserID'

2018-07-05 20:59:56 - [TEST_STEP][PASSED] - sendKeys: Keys 'eProc@123' sent to object: 'Object Repository/LoginPage/Password'

2018-07-05 20:59:56 - [MESSAGE][PASSED] - Keys 'eProc@123' sent to object: 'Object Repository/LoginPage/Password'

2018-07-05 20:59:56 - [TEST_STEP][PASSED] - click: Object: 'Object Repository/LoginPage/LoginButton' is clicked on

2018-07-05 21:00:01 - [MESSAGE][PASSED] - Object: 'Object Repository/LoginPage/LoginButton' is clicked on

2018-07-05 21:00:01 - [MESSAGE][PASSED] - Call Test Case 'Test Cases/CommonLibraries/Login' successfully

2018-07-05 21:00:01 - [TEST_STEP][PASSED] - waitForElementPresent: Object 'Object Repository/OnlineStorePage/Search Box' is present

2018-07-05 21:00:41 - [MESSAGE][PASSED] - Object 'Object Repository/OnlineStorePage/Search Box' is present

2018-07-05 21:00:41 - [TEST_STEP][PASSED] - waitForPageLoad: Wait for page load successfully

2018-07-05 21:00:41 - [MESSAGE][PASSED] - Wait for page load successfully

2018-07-05 21:00:41 - [TEST_STEP][PASSED] - sendKeys: Keys 'Item' sent to object: 'Object Repository/OnlineStorePage/Search Box'

2018-07-05 21:00:42 - [MESSAGE][PASSED] - Keys 'Item' sent to object: 'Object Repository/OnlineStorePage/Search Box'

2018-07-05 21:00:42 - [TEST_STEP][PASSED] - click: Object: 'Object Repository/OnlineStorePage/Search Icon' is clicked on

2018-07-05 21:00:42 - [MESSAGE][PASSED] - Object: 'Object Repository/OnlineStorePage/Search Icon' is clicked on

2018-07-05 21:00:42 - [MESSAGE][PASSED] - Call Test Case 'Test Cases/CommonLibraries/Search By Item' successfully

2018-07-05 21:00:42 - [TEST_STEP][PASSED] - waitForElementPresent: Object 'Object Repository/SearchResultPage/SearchItemTab/CatalogItems/Check Box For 2 row item list' is present

2018-07-05 21:00:50 - [MESSAGE][PASSED] - Object 'Object Repository/SearchResultPage/SearchItemTab/CatalogItems/Check Box For 2 row item list' is present

2018-07-05 21:00:50 - [TEST_STEP][PASSED] - waitForElementPresent: Object 'Object Repository/SearchResultPage/SearchItemTab/CatalogItems/Favorite Button For ITEM1' is present

2018-07-05 21:00:50 - [MESSAGE][PASSED] - Object 'Object Repository/SearchResultPage/SearchItemTab/CatalogItems/Favorite Button For ITEM1' is present

2018-07-05 21:00:50 - [TEST_STEP][PASSED] - waitForElementPresent: Object 'Object Repository/SearchResultPage/SearchItemTab/CatalogItems/Favorite Button For Item3' is present

2018-07-05 21:00:50 - [MESSAGE][PASSED] - Object 'Object Repository/SearchResultPage/SearchItemTab/CatalogItems/Favorite Button For Item3' is present

2018-07-05 21:00:50 - [TEST_STEP][PASSED] - Statement - Attribute1 = com.kms.katalon.core.webui.keyword.WebUiBuiltInKeywords.getAttribute(com.kms.katalon.core.testobject.ObjectRepository.findTestObject(SearchResultPage/SearchItemTab/CatalogItems/Favorite Button For ITEM1), "ng-reflect-icon"): Attribute 'ng-reflect-icon' of object 'Object Repository/SearchResultPage/SearchItemTab/CatalogItems/Favorite Button For ITEM1' is: 'heart-fill'

2018-07-05 21:00:50 - [MESSAGE][PASSED] - Attribute 'ng-reflect-icon' of object 'Object Repository/SearchResultPage/SearchItemTab/CatalogItems/Favorite Button For ITEM1' is: 'heart-fill'

2018-07-05 21:00:50 - [TEST_STEP][PASSED] - Statement - Attribute2 = com.kms.katalon.core.webui.keyword.WebUiBuiltInKeywords.getAttribute(com.kms.katalon.core.testobject.ObjectRepository.findTestObject(SearchResultPage/SearchItemTab/CatalogItems/Favorite Button For Item3), "ng-reflect-icon"): Attribute 'ng-reflect-icon' of object 'Object Repository/SearchResultPage/SearchItemTab/CatalogItems/Favorite Button For Item3' is: 'heart-fill'

2018-07-05 21:00:50 - [MESSAGE][PASSED] - Attribute 'ng-reflect-icon' of object 'Object Repository/SearchResultPage/SearchItemTab/CatalogItems/Favorite Button For Item3' is: 'heart-fill'

2018-07-05 21:00:50 - [TEST_STEP][PASSED] - Statement - If (Attribute1 == "heart-fill"): Object 'Object Repository/SearchResultPage/SearchItemTab/CatalogItems/Favorite Button For ITEM1' has attribute 'ng-reflect-icon' with value 'heart-fill'

2018-07-05 21:00:50 - [TEST_STEP][PASSED] - mouseOver: Object: 'Object Repository/SearchResultPage/SearchItemTab/CatalogItems/Favorite Button For ITEM1' is hovered

2018-07-05 21:00:50 - [MESSAGE][PASSED] - Object: 'Object Repository/SearchResultPage/SearchItemTab/CatalogItems/Favorite Button For ITEM1' is hovered

2018-07-05 21:00:50 - [TEST_STEP][PASSED] - click: Object: 'Object Repository/SearchResultPage/SearchItemTab/CatalogItems/Favorite Button For ITEM1' is clicked on

2018-07-05 21:00:50 - [MESSAGE][PASSED] - Object: 'Object Repository/SearchResultPage/SearchItemTab/CatalogItems/Favorite Button For ITEM1' is clicked on

2018-07-05 21:00:50 - [TEST_STEP][PASSED] - delay: Delayed 2 second(s)

2018-07-05 21:00:52 - [MESSAGE][PASSED] - Delayed 2 second(s)

2018-07-05 21:00:52 - [TEST_STEP][PASSED] - click: Object: 'Object Repository/SearchResultPage/SearchItemTab/CatalogItems/Favorite Button For ITEM1' is clicked on

2018-07-05 21:00:52 - [MESSAGE][PASSED] - Object: 'Object Repository/SearchResultPage/SearchItemTab/CatalogItems/Favorite Button For ITEM1' is clicked on

2018-07-05 21:00:52 - [TEST_STEP][PASSED] - delay: Delayed 3 second(s)

2018-07-05 21:00:55 - [MESSAGE][PASSED] - Delayed 3 second(s)

2018-07-05 21:00:55 - [TEST_STEP][PASSED] - verifyElementAttributeValue: Object 'Object Repository/SearchResultPage/SearchItemTab/CatalogItems/Favorite Button For ITEM1' has attribute 'ng-reflect-icon' with value 'heart-fill'

2018-07-05 21:00:55 - [MESSAGE][PASSED] - Object 'Object Repository/SearchResultPage/SearchItemTab/CatalogItems/Favorite Button For ITEM1' has attribute 'ng-reflect-icon' with value 'heart-fill'

2018-07-05 21:00:55 - [TEST_STEP][PASSED] - Statement - If (Attribute2 == "heart-fill"): Object 'Object Repository/SearchResultPage/SearchItemTab/CatalogItems/Favorite Button For Item3' has attribute 'ng-reflect-icon' with value 'heart-fill'

2018-07-05 21:00:55 - [TEST_STEP][PASSED] - mouseOver: Object: 'Object Repository/SearchResultPage/SearchItemTab/CatalogItems/Favorite Button For Item3' is hovered

2018-07-05 21:00:55 - [MESSAGE][PASSED] - Object: 'Object Repository/SearchResultPage/SearchItemTab/CatalogItems/Favorite Button For Item3' is hovered

2018-07-05 21:00:55 - [TEST_STEP][PASSED] - click: Object: 'Object Repository/SearchResultPage/SearchItemTab/CatalogItems/Favorite Button For Item3' is clicked on

2018-07-05 21:00:55 - [MESSAGE][PASSED] - Object: 'Object Repository/SearchResultPage/SearchItemTab/CatalogItems/Favorite Button For Item3' is clicked on

2018-07-05 21:00:55 - [TEST_STEP][PASSED] - delay: Delayed 2 second(s)

2018-07-05 21:00:57 - [MESSAGE][PASSED] - Delayed 2 second(s)

2018-07-05 21:00:57 - [TEST_STEP][PASSED] - click: Object: 'Object Repository/SearchResultPage/SearchItemTab/CatalogItems/Favorite Button For Item3' is clicked on

2018-07-05 21:00:57 - [MESSAGE][PASSED] - Object: 'Object Repository/SearchResultPage/SearchItemTab/CatalogItems/Favorite Button For Item3' is clicked on

2018-07-05 21:00:57 - [TEST_STEP][PASSED] - delay: Delayed 3 second(s)

2018-07-05 21:01:00 - [MESSAGE][PASSED] - Delayed 3 second(s)

2018-07-05 21:01:00 - [TEST_STEP][PASSED] - verifyElementAttributeValue: Object 'Object Repository/SearchResultPage/SearchItemTab/CatalogItems/Favorite Button For Item3' has attribute 'ng-reflect-icon' with value 'heart-fill'

2018-07-05 21:01:00 - [MESSAGE][PASSED] - Object 'Object Repository/SearchResultPage/SearchItemTab/CatalogItems/Favorite Button For Item3' has attribute 'ng-reflect-icon' with value 'heart-fill'

2018-07-05 21:01:00 - [TEST_STEP][PASSED] - closeBrowser: Browser is closed

2018-07-05 21:01:01 - [MESSAGE][PASSED] - Browser is closed]]></system-out>
         <system-err><![CDATA[]]></system-err>
      </testcase>
      <testcase name="Test Cases/DDS-2053/DDS-3894 Verify that items marked as favorites should be visible on the favourite section of the online store" classname="Test Cases/DDS-2053/DDS-3894 Verify that items marked as favorites should be visible on the favourite section of the online store" status="PASSED">
         <system-out><![CDATA[2018-07-05 21:01:01 - [TEST_CASE][PASSED] - Test Cases/DDS-2053/DDS-3894 Verify that items marked as favorites should be visible on the favourite section of the online store: Test Cases/DDS-2053/DDS-3894 Verify that items marked as favorites should be visible on the favourite section of the online store

2018-07-05 21:01:01 - [TEST_STEP][PASSED] - callTestCase: Call Test Case 'Test Cases/CommonLibraries/Search By Item' successfully

2018-07-05 21:01:01 - [TEST_CASE][PASSED] - Test Cases/CommonLibraries/Search By Item: Test Cases/CommonLibraries/Search By Item

2018-07-05 21:01:01 - [TEST_STEP][PASSED] - callTestCase: Call Test Case 'Test Cases/CommonLibraries/Login' successfully

2018-07-05 21:01:01 - [TEST_CASE][PASSED] - Test Cases/CommonLibraries/Login: Test Cases/CommonLibraries/Login

2018-07-05 21:01:01 - [TEST_STEP][PASSED] - openBrowser: Browser is opened with url: 'https://smtlogin.zycus.net/sso/login?serviceName=http://eproc-qa.zycus.net/'

2018-07-05 21:01:11 - [MESSAGE][PASSED] - Browser is opened with url: 'https://smtlogin.zycus.net/sso/login?serviceName=http://eproc-qa.zycus.net/'

2018-07-05 21:01:11 - [TEST_STEP][PASSED] - maximizeWindow: Current window maximized

2018-07-05 21:01:11 - [MESSAGE][PASSED] - Current window maximized

2018-07-05 21:01:11 - [TEST_STEP][PASSED] - waitForElementVisible: Object 'Object Repository/LoginPage/UserID' is visible

2018-07-05 21:01:11 - [MESSAGE][PASSED] - Object 'Object Repository/LoginPage/UserID' is visible

2018-07-05 21:01:11 - [TEST_STEP][PASSED] - sendKeys: Keys 'monicaqa@zycus.com' sent to object: 'Object Repository/LoginPage/UserID'

2018-07-05 21:01:11 - [MESSAGE][PASSED] - Keys 'monicaqa@zycus.com' sent to object: 'Object Repository/LoginPage/UserID'

2018-07-05 21:01:11 - [TEST_STEP][PASSED] - sendKeys: Keys 'eProc@123' sent to object: 'Object Repository/LoginPage/Password'

2018-07-05 21:01:11 - [MESSAGE][PASSED] - Keys 'eProc@123' sent to object: 'Object Repository/LoginPage/Password'

2018-07-05 21:01:11 - [TEST_STEP][PASSED] - click: Object: 'Object Repository/LoginPage/LoginButton' is clicked on

2018-07-05 21:01:15 - [MESSAGE][PASSED] - Object: 'Object Repository/LoginPage/LoginButton' is clicked on

2018-07-05 21:01:15 - [MESSAGE][PASSED] - Call Test Case 'Test Cases/CommonLibraries/Login' successfully

2018-07-05 21:01:15 - [TEST_STEP][PASSED] - waitForElementPresent: Object 'Object Repository/OnlineStorePage/Search Box' is present

2018-07-05 21:01:50 - [MESSAGE][PASSED] - Object 'Object Repository/OnlineStorePage/Search Box' is present

2018-07-05 21:01:50 - [TEST_STEP][PASSED] - waitForPageLoad: Wait for page load successfully

2018-07-05 21:01:50 - [MESSAGE][PASSED] - Wait for page load successfully

2018-07-05 21:01:50 - [TEST_STEP][PASSED] - sendKeys: Keys 'Item' sent to object: 'Object Repository/OnlineStorePage/Search Box'

2018-07-05 21:01:51 - [MESSAGE][PASSED] - Keys 'Item' sent to object: 'Object Repository/OnlineStorePage/Search Box'

2018-07-05 21:01:51 - [TEST_STEP][PASSED] - click: Object: 'Object Repository/OnlineStorePage/Search Icon' is clicked on

2018-07-05 21:01:51 - [MESSAGE][PASSED] - Object: 'Object Repository/OnlineStorePage/Search Icon' is clicked on

2018-07-05 21:01:51 - [MESSAGE][PASSED] - Call Test Case 'Test Cases/CommonLibraries/Search By Item' successfully

2018-07-05 21:01:51 - [TEST_STEP][PASSED] - waitForElementPresent: Object 'Object Repository/SearchResultPage/SearchItemTab/CatalogItems/Check Box For 2 row item list' is present

2018-07-05 21:01:59 - [MESSAGE][PASSED] - Object 'Object Repository/SearchResultPage/SearchItemTab/CatalogItems/Check Box For 2 row item list' is present

2018-07-05 21:01:59 - [TEST_STEP][PASSED] - waitForElementPresent: Object 'Object Repository/SearchResultPage/SearchItemTab/CatalogItems/Favorite Button For ITEM1' is present

2018-07-05 21:01:59 - [MESSAGE][PASSED] - Object 'Object Repository/SearchResultPage/SearchItemTab/CatalogItems/Favorite Button For ITEM1' is present

2018-07-05 21:01:59 - [TEST_STEP][PASSED] - waitForElementPresent: Object 'Object Repository/SearchResultPage/SearchItemTab/CatalogItems/Favorite Button For Item3' is present

2018-07-05 21:01:59 - [MESSAGE][PASSED] - Object 'Object Repository/SearchResultPage/SearchItemTab/CatalogItems/Favorite Button For Item3' is present

2018-07-05 21:01:59 - [TEST_STEP][PASSED] - Statement - Actual1 = com.kms.katalon.core.webui.keyword.WebUiBuiltInKeywords.getText(com.kms.katalon.core.testobject.ObjectRepository.findTestObject(SearchResultPage/SearchItemTab/CatalogItems/Catalog Item List Verification/ITEM1 For 2 Row)): Text of object 'Object Repository/SearchResultPage/SearchItemTab/CatalogItems/Catalog Item List Verification/ITEM1 For 2 Row' is: 'ITEM1'

2018-07-05 21:01:59 - [MESSAGE][PASSED] - Text of object 'Object Repository/SearchResultPage/SearchItemTab/CatalogItems/Catalog Item List Verification/ITEM1 For 2 Row' is: 'ITEM1'

2018-07-05 21:01:59 - [TEST_STEP][PASSED] - Statement - Actual2 = com.kms.katalon.core.webui.keyword.WebUiBuiltInKeywords.getText(com.kms.katalon.core.testobject.ObjectRepository.findTestObject(SearchResultPage/SearchItemTab/CatalogItems/Catalog Item List Verification/Item3 For 3 Row)): Text of object 'Object Repository/SearchResultPage/SearchItemTab/CatalogItems/Catalog Item List Verification/Item3 For 3 Row' is: 'Item3'

2018-07-05 21:01:59 - [MESSAGE][PASSED] - Text of object 'Object Repository/SearchResultPage/SearchItemTab/CatalogItems/Catalog Item List Verification/Item3 For 3 Row' is: 'Item3'

2018-07-05 21:01:59 - [TEST_STEP][PASSED] - Statement - Attribute1 = com.kms.katalon.core.webui.keyword.WebUiBuiltInKeywords.getAttribute(com.kms.katalon.core.testobject.ObjectRepository.findTestObject(SearchResultPage/SearchItemTab/CatalogItems/Favorite Button For ITEM1), "ng-reflect-icon"): Attribute 'ng-reflect-icon' of object 'Object Repository/SearchResultPage/SearchItemTab/CatalogItems/Favorite Button For ITEM1' is: 'heart-fill'

2018-07-05 21:01:59 - [MESSAGE][PASSED] - Attribute 'ng-reflect-icon' of object 'Object Repository/SearchResultPage/SearchItemTab/CatalogItems/Favorite Button For ITEM1' is: 'heart-fill'

2018-07-05 21:01:59 - [TEST_STEP][PASSED] - Statement - Attribute2 = com.kms.katalon.core.webui.keyword.WebUiBuiltInKeywords.getAttribute(com.kms.katalon.core.testobject.ObjectRepository.findTestObject(SearchResultPage/SearchItemTab/CatalogItems/Favorite Button For Item3), "ng-reflect-icon"): Attribute 'ng-reflect-icon' of object 'Object Repository/SearchResultPage/SearchItemTab/CatalogItems/Favorite Button For Item3' is: 'heart-fill'

2018-07-05 21:01:59 - [MESSAGE][PASSED] - Attribute 'ng-reflect-icon' of object 'Object Repository/SearchResultPage/SearchItemTab/CatalogItems/Favorite Button For Item3' is: 'heart-fill'

2018-07-05 21:01:59 - [TEST_STEP][PASSED] - Statement - If (Attribute1 == "heart-fill"): Object 'Object Repository/SearchResultPage/SearchItemTab/CatalogItems/Favorite Button For ITEM1' has attribute 'ng-reflect-icon' with value 'heart-fill'

2018-07-05 21:01:59 - [TEST_STEP][PASSED] - mouseOver: Object: 'Object Repository/SearchResultPage/SearchItemTab/CatalogItems/Favorite Button For ITEM1' is hovered

2018-07-05 21:01:59 - [MESSAGE][PASSED] - Object: 'Object Repository/SearchResultPage/SearchItemTab/CatalogItems/Favorite Button For ITEM1' is hovered

2018-07-05 21:01:59 - [TEST_STEP][PASSED] - click: Object: 'Object Repository/SearchResultPage/SearchItemTab/CatalogItems/Favorite Button For ITEM1' is clicked on

2018-07-05 21:01:59 - [MESSAGE][PASSED] - Object: 'Object Repository/SearchResultPage/SearchItemTab/CatalogItems/Favorite Button For ITEM1' is clicked on

2018-07-05 21:01:59 - [TEST_STEP][PASSED] - delay: Delayed 2 second(s)

2018-07-05 21:02:01 - [MESSAGE][PASSED] - Delayed 2 second(s)

2018-07-05 21:02:01 - [TEST_STEP][PASSED] - click: Object: 'Object Repository/SearchResultPage/SearchItemTab/CatalogItems/Favorite Button For ITEM1' is clicked on

2018-07-05 21:02:02 - [MESSAGE][PASSED] - Object: 'Object Repository/SearchResultPage/SearchItemTab/CatalogItems/Favorite Button For ITEM1' is clicked on

2018-07-05 21:02:02 - [TEST_STEP][PASSED] - delay: Delayed 3 second(s)

2018-07-05 21:02:05 - [MESSAGE][PASSED] - Delayed 3 second(s)

2018-07-05 21:02:05 - [TEST_STEP][PASSED] - verifyElementAttributeValue: Object 'Object Repository/SearchResultPage/SearchItemTab/CatalogItems/Favorite Button For ITEM1' has attribute 'ng-reflect-icon' with value 'heart-fill'

2018-07-05 21:02:05 - [MESSAGE][PASSED] - Object 'Object Repository/SearchResultPage/SearchItemTab/CatalogItems/Favorite Button For ITEM1' has attribute 'ng-reflect-icon' with value 'heart-fill'

2018-07-05 21:02:05 - [TEST_STEP][PASSED] - Statement - If (Attribute2 == "heart-fill"): Object 'Object Repository/SearchResultPage/SearchItemTab/CatalogItems/Favorite Button For Item3' has attribute 'ng-reflect-icon' with value 'heart-fill'

2018-07-05 21:02:05 - [TEST_STEP][PASSED] - mouseOver: Object: 'Object Repository/SearchResultPage/SearchItemTab/CatalogItems/Favorite Button For Item3' is hovered

2018-07-05 21:02:05 - [MESSAGE][PASSED] - Object: 'Object Repository/SearchResultPage/SearchItemTab/CatalogItems/Favorite Button For Item3' is hovered

2018-07-05 21:02:05 - [TEST_STEP][PASSED] - click: Object: 'Object Repository/SearchResultPage/SearchItemTab/CatalogItems/Favorite Button For Item3' is clicked on

2018-07-05 21:02:05 - [MESSAGE][PASSED] - Object: 'Object Repository/SearchResultPage/SearchItemTab/CatalogItems/Favorite Button For Item3' is clicked on

2018-07-05 21:02:05 - [TEST_STEP][PASSED] - delay: Delayed 2 second(s)

2018-07-05 21:02:07 - [MESSAGE][PASSED] - Delayed 2 second(s)

2018-07-05 21:02:07 - [TEST_STEP][PASSED] - click: Object: 'Object Repository/SearchResultPage/SearchItemTab/CatalogItems/Favorite Button For Item3' is clicked on

2018-07-05 21:02:07 - [MESSAGE][PASSED] - Object: 'Object Repository/SearchResultPage/SearchItemTab/CatalogItems/Favorite Button For Item3' is clicked on

2018-07-05 21:02:07 - [TEST_STEP][PASSED] - delay: Delayed 3 second(s)

2018-07-05 21:02:10 - [MESSAGE][PASSED] - Delayed 3 second(s)

2018-07-05 21:02:10 - [TEST_STEP][PASSED] - verifyElementAttributeValue: Object 'Object Repository/SearchResultPage/SearchItemTab/CatalogItems/Favorite Button For Item3' has attribute 'ng-reflect-icon' with value 'heart-fill'

2018-07-05 21:02:10 - [MESSAGE][PASSED] - Object 'Object Repository/SearchResultPage/SearchItemTab/CatalogItems/Favorite Button For Item3' has attribute 'ng-reflect-icon' with value 'heart-fill'

2018-07-05 21:02:10 - [TEST_STEP][PASSED] - click: Object: 'Object Repository/Home' is clicked on

2018-07-05 21:02:10 - [MESSAGE][PASSED] - Object: 'Object Repository/Home' is clicked on

2018-07-05 21:02:10 - [TEST_STEP][PASSED] - click: Object: 'Object Repository/OnlineStorePage/HeaderTab/FavoritesAndPreviouslyUsedTab/Favorite' is clicked on

2018-07-05 21:02:12 - [MESSAGE][PASSED] - Object: 'Object Repository/OnlineStorePage/HeaderTab/FavoritesAndPreviouslyUsedTab/Favorite' is clicked on

2018-07-05 21:02:12 - [TEST_STEP][PASSED] - waitForElementPresent: Object 'Object Repository/OnlineStorePage/HeaderTab/FavoritesAndPreviouslyUsedTab/Verify ITEM1' is present

2018-07-05 21:02:12 - [MESSAGE][PASSED] - Object 'Object Repository/OnlineStorePage/HeaderTab/FavoritesAndPreviouslyUsedTab/Verify ITEM1' is present

2018-07-05 21:02:12 - [TEST_STEP][PASSED] - Statement - Exp1 = com.kms.katalon.core.webui.keyword.WebUiBuiltInKeywords.getText(com.kms.katalon.core.testobject.ObjectRepository.findTestObject(OnlineStorePage/HeaderTab/FavoritesAndPreviouslyUsedTab/Verify ITEM1)): Text of object 'Object Repository/OnlineStorePage/HeaderTab/FavoritesAndPreviouslyUsedTab/Verify ITEM1' is: 'ITEM1'

2018-07-05 21:02:12 - [MESSAGE][PASSED] - Text of object 'Object Repository/OnlineStorePage/HeaderTab/FavoritesAndPreviouslyUsedTab/Verify ITEM1' is: 'ITEM1'

2018-07-05 21:02:12 - [TEST_STEP][PASSED] - Statement - Exp2 = com.kms.katalon.core.webui.keyword.WebUiBuiltInKeywords.getText(com.kms.katalon.core.testobject.ObjectRepository.findTestObject(OnlineStorePage/HeaderTab/FavoritesAndPreviouslyUsedTab/Verify Item3)): Text of object 'Object Repository/OnlineStorePage/HeaderTab/FavoritesAndPreviouslyUsedTab/Verify Item3' is: 'Item3'

2018-07-05 21:02:12 - [MESSAGE][PASSED] - Text of object 'Object Repository/OnlineStorePage/HeaderTab/FavoritesAndPreviouslyUsedTab/Verify Item3' is: 'Item3'

2018-07-05 21:02:12 - [TEST_STEP][PASSED] - verifyMatch: Actual text 'ITEM1' and expected text 'ITEM1' are matched  using regular expression

2018-07-05 21:02:12 - [MESSAGE][PASSED] - Actual text 'ITEM1' and expected text 'ITEM1' are matched  using regular expression

2018-07-05 21:02:12 - [TEST_STEP][PASSED] - verifyMatch: Actual text 'Item3' and expected text 'Item3' are matched  using regular expression

2018-07-05 21:02:12 - [MESSAGE][PASSED] - Actual text 'Item3' and expected text 'Item3' are matched  using regular expression]]></system-out>
         <system-err><![CDATA[]]></system-err>
      </testcase>
      <testcase name="Test Cases/DDS-2053/DDS-3895 When the user clicks on the View all under favorites section, user is navigated to a new window listing down all the favorites under each entity" classname="Test Cases/DDS-2053/DDS-3895 When the user clicks on the View all under favorites section, user is navigated to a new window listing down all the favorites under each entity" status="PASSED">
         <system-out><![CDATA[2018-07-05 21:02:12 - [TEST_CASE][PASSED] - Test Cases/DDS-2053/DDS-3895 When the user clicks on the View all under favorites section, user is navigated to a new window listing down all the favorites under each entity: Test Cases/DDS-2053/DDS-3895 When the user clicks on the View all under favorites section, user is navigated to a new window listing down all the favorites under each entity

2018-07-05 21:02:12 - [TEST_STEP][PASSED] - callTestCase: Call Test Case 'Test Cases/CommonLibraries/Search By Item' successfully

2018-07-05 21:02:12 - [TEST_CASE][PASSED] - Test Cases/CommonLibraries/Search By Item: Test Cases/CommonLibraries/Search By Item

2018-07-05 21:02:12 - [TEST_STEP][PASSED] - callTestCase: Call Test Case 'Test Cases/CommonLibraries/Login' successfully

2018-07-05 21:02:12 - [TEST_CASE][PASSED] - Test Cases/CommonLibraries/Login: Test Cases/CommonLibraries/Login

2018-07-05 21:02:12 - [TEST_STEP][PASSED] - openBrowser: Browser is opened with url: 'https://smtlogin.zycus.net/sso/login?serviceName=http://eproc-qa.zycus.net/'

2018-07-05 21:02:12 - [MESSAGE][WARNING] - A browser is already opened. Closing browser and opening a new one

2018-07-05 21:02:26 - [MESSAGE][PASSED] - Browser is opened with url: 'https://smtlogin.zycus.net/sso/login?serviceName=http://eproc-qa.zycus.net/'

2018-07-05 21:02:26 - [TEST_STEP][PASSED] - maximizeWindow: Current window maximized

2018-07-05 21:02:31 - [MESSAGE][PASSED] - Current window maximized

2018-07-05 21:02:31 - [TEST_STEP][PASSED] - waitForElementVisible: Object 'Object Repository/LoginPage/UserID' is visible

2018-07-05 21:02:32 - [MESSAGE][PASSED] - Object 'Object Repository/LoginPage/UserID' is visible

2018-07-05 21:02:32 - [TEST_STEP][PASSED] - sendKeys: Keys 'monicaqa@zycus.com' sent to object: 'Object Repository/LoginPage/UserID'

2018-07-05 21:02:32 - [MESSAGE][PASSED] - Keys 'monicaqa@zycus.com' sent to object: 'Object Repository/LoginPage/UserID'

2018-07-05 21:02:32 - [TEST_STEP][PASSED] - sendKeys: Keys 'eProc@123' sent to object: 'Object Repository/LoginPage/Password'

2018-07-05 21:02:32 - [MESSAGE][PASSED] - Keys 'eProc@123' sent to object: 'Object Repository/LoginPage/Password'

2018-07-05 21:02:32 - [TEST_STEP][PASSED] - click: Object: 'Object Repository/LoginPage/LoginButton' is clicked on

2018-07-05 21:02:36 - [MESSAGE][PASSED] - Object: 'Object Repository/LoginPage/LoginButton' is clicked on

2018-07-05 21:02:36 - [MESSAGE][PASSED] - Call Test Case 'Test Cases/CommonLibraries/Login' successfully

2018-07-05 21:02:36 - [TEST_STEP][PASSED] - waitForElementPresent: Object 'Object Repository/OnlineStorePage/Search Box' is present

2018-07-05 21:03:13 - [MESSAGE][PASSED] - Object 'Object Repository/OnlineStorePage/Search Box' is present

2018-07-05 21:03:13 - [TEST_STEP][PASSED] - waitForPageLoad: Wait for page load successfully

2018-07-05 21:03:13 - [MESSAGE][PASSED] - Wait for page load successfully

2018-07-05 21:03:13 - [TEST_STEP][PASSED] - sendKeys: Keys 'Item' sent to object: 'Object Repository/OnlineStorePage/Search Box'

2018-07-05 21:03:13 - [MESSAGE][PASSED] - Keys 'Item' sent to object: 'Object Repository/OnlineStorePage/Search Box'

2018-07-05 21:03:13 - [TEST_STEP][PASSED] - click: Object: 'Object Repository/OnlineStorePage/Search Icon' is clicked on

2018-07-05 21:03:13 - [MESSAGE][PASSED] - Object: 'Object Repository/OnlineStorePage/Search Icon' is clicked on

2018-07-05 21:03:13 - [MESSAGE][PASSED] - Call Test Case 'Test Cases/CommonLibraries/Search By Item' successfully

2018-07-05 21:03:13 - [TEST_STEP][PASSED] - waitForElementPresent: Object 'Object Repository/SearchResultPage/SearchItemTab/CatalogItems/Check Box For 2 row item list' is present

2018-07-05 21:03:20 - [MESSAGE][PASSED] - Object 'Object Repository/SearchResultPage/SearchItemTab/CatalogItems/Check Box For 2 row item list' is present

2018-07-05 21:03:20 - [TEST_STEP][PASSED] - waitForElementPresent: Object 'Object Repository/SearchResultPage/SearchItemTab/CatalogItems/Favorite Button For ITEM1' is present

2018-07-05 21:03:20 - [MESSAGE][PASSED] - Object 'Object Repository/SearchResultPage/SearchItemTab/CatalogItems/Favorite Button For ITEM1' is present

2018-07-05 21:03:20 - [TEST_STEP][PASSED] - waitForElementPresent: Object 'Object Repository/SearchResultPage/SearchItemTab/CatalogItems/Favorite Button For Item3' is present

2018-07-05 21:03:20 - [MESSAGE][PASSED] - Object 'Object Repository/SearchResultPage/SearchItemTab/CatalogItems/Favorite Button For Item3' is present

2018-07-05 21:03:20 - [TEST_STEP][PASSED] - Statement - Actual1 = com.kms.katalon.core.webui.keyword.WebUiBuiltInKeywords.getText(com.kms.katalon.core.testobject.ObjectRepository.findTestObject(SearchResultPage/SearchItemTab/CatalogItems/Catalog Item List Verification/ITEM1 For 2 Row)): Text of object 'Object Repository/SearchResultPage/SearchItemTab/CatalogItems/Catalog Item List Verification/ITEM1 For 2 Row' is: 'ITEM1'

2018-07-05 21:03:20 - [MESSAGE][PASSED] - Text of object 'Object Repository/SearchResultPage/SearchItemTab/CatalogItems/Catalog Item List Verification/ITEM1 For 2 Row' is: 'ITEM1'

2018-07-05 21:03:20 - [TEST_STEP][PASSED] - Statement - Actual2 = com.kms.katalon.core.webui.keyword.WebUiBuiltInKeywords.getText(com.kms.katalon.core.testobject.ObjectRepository.findTestObject(SearchResultPage/SearchItemTab/CatalogItems/Catalog Item List Verification/Item3 For 3 Row)): Text of object 'Object Repository/SearchResultPage/SearchItemTab/CatalogItems/Catalog Item List Verification/Item3 For 3 Row' is: 'Item3'

2018-07-05 21:03:20 - [MESSAGE][PASSED] - Text of object 'Object Repository/SearchResultPage/SearchItemTab/CatalogItems/Catalog Item List Verification/Item3 For 3 Row' is: 'Item3'

2018-07-05 21:03:20 - [TEST_STEP][PASSED] - Statement - Attribute1 = com.kms.katalon.core.webui.keyword.WebUiBuiltInKeywords.getAttribute(com.kms.katalon.core.testobject.ObjectRepository.findTestObject(SearchResultPage/SearchItemTab/CatalogItems/Favorite Button For ITEM1), "ng-reflect-icon"): Attribute 'ng-reflect-icon' of object 'Object Repository/SearchResultPage/SearchItemTab/CatalogItems/Favorite Button For ITEM1' is: 'heart-fill'

2018-07-05 21:03:21 - [MESSAGE][PASSED] - Attribute 'ng-reflect-icon' of object 'Object Repository/SearchResultPage/SearchItemTab/CatalogItems/Favorite Button For ITEM1' is: 'heart-fill'

2018-07-05 21:03:21 - [TEST_STEP][PASSED] - Statement - Attribute2 = com.kms.katalon.core.webui.keyword.WebUiBuiltInKeywords.getAttribute(com.kms.katalon.core.testobject.ObjectRepository.findTestObject(SearchResultPage/SearchItemTab/CatalogItems/Favorite Button For Item3), "ng-reflect-icon"): Attribute 'ng-reflect-icon' of object 'Object Repository/SearchResultPage/SearchItemTab/CatalogItems/Favorite Button For Item3' is: 'heart-fill'

2018-07-05 21:03:21 - [MESSAGE][PASSED] - Attribute 'ng-reflect-icon' of object 'Object Repository/SearchResultPage/SearchItemTab/CatalogItems/Favorite Button For Item3' is: 'heart-fill'

2018-07-05 21:03:21 - [TEST_STEP][PASSED] - Statement - If (Attribute1 == "heart-fill"): Object 'Object Repository/SearchResultPage/SearchItemTab/CatalogItems/Favorite Button For ITEM1' has attribute 'ng-reflect-icon' with value 'heart-fill'

2018-07-05 21:03:21 - [TEST_STEP][PASSED] - mouseOver: Object: 'Object Repository/SearchResultPage/SearchItemTab/CatalogItems/Favorite Button For ITEM1' is hovered

2018-07-05 21:03:21 - [MESSAGE][PASSED] - Object: 'Object Repository/SearchResultPage/SearchItemTab/CatalogItems/Favorite Button For ITEM1' is hovered

2018-07-05 21:03:21 - [TEST_STEP][PASSED] - click: Object: 'Object Repository/SearchResultPage/SearchItemTab/CatalogItems/Favorite Button For ITEM1' is clicked on

2018-07-05 21:03:21 - [MESSAGE][PASSED] - Object: 'Object Repository/SearchResultPage/SearchItemTab/CatalogItems/Favorite Button For ITEM1' is clicked on

2018-07-05 21:03:21 - [TEST_STEP][PASSED] - delay: Delayed 2 second(s)

2018-07-05 21:03:23 - [MESSAGE][PASSED] - Delayed 2 second(s)

2018-07-05 21:03:23 - [TEST_STEP][PASSED] - click: Object: 'Object Repository/SearchResultPage/SearchItemTab/CatalogItems/Favorite Button For ITEM1' is clicked on

2018-07-05 21:03:23 - [MESSAGE][PASSED] - Object: 'Object Repository/SearchResultPage/SearchItemTab/CatalogItems/Favorite Button For ITEM1' is clicked on

2018-07-05 21:03:23 - [TEST_STEP][PASSED] - delay: Delayed 3 second(s)

2018-07-05 21:03:26 - [MESSAGE][PASSED] - Delayed 3 second(s)

2018-07-05 21:03:26 - [TEST_STEP][PASSED] - verifyElementAttributeValue: Object 'Object Repository/SearchResultPage/SearchItemTab/CatalogItems/Favorite Button For ITEM1' has attribute 'ng-reflect-icon' with value 'heart-fill'

2018-07-05 21:03:26 - [MESSAGE][PASSED] - Object 'Object Repository/SearchResultPage/SearchItemTab/CatalogItems/Favorite Button For ITEM1' has attribute 'ng-reflect-icon' with value 'heart-fill'

2018-07-05 21:03:26 - [TEST_STEP][PASSED] - Statement - If (Attribute2 == "heart-fill"): Object 'Object Repository/SearchResultPage/SearchItemTab/CatalogItems/Favorite Button For Item3' has attribute 'ng-reflect-icon' with value 'heart-fill'

2018-07-05 21:03:26 - [TEST_STEP][PASSED] - mouseOver: Object: 'Object Repository/SearchResultPage/SearchItemTab/CatalogItems/Favorite Button For Item3' is hovered

2018-07-05 21:03:26 - [MESSAGE][PASSED] - Object: 'Object Repository/SearchResultPage/SearchItemTab/CatalogItems/Favorite Button For Item3' is hovered

2018-07-05 21:03:26 - [TEST_STEP][PASSED] - click: Object: 'Object Repository/SearchResultPage/SearchItemTab/CatalogItems/Favorite Button For Item3' is clicked on

2018-07-05 21:03:26 - [MESSAGE][PASSED] - Object: 'Object Repository/SearchResultPage/SearchItemTab/CatalogItems/Favorite Button For Item3' is clicked on

2018-07-05 21:03:26 - [TEST_STEP][PASSED] - delay: Delayed 2 second(s)

2018-07-05 21:03:28 - [MESSAGE][PASSED] - Delayed 2 second(s)

2018-07-05 21:03:28 - [TEST_STEP][PASSED] - click: Object: 'Object Repository/SearchResultPage/SearchItemTab/CatalogItems/Favorite Button For Item3' is clicked on

2018-07-05 21:03:28 - [MESSAGE][PASSED] - Object: 'Object Repository/SearchResultPage/SearchItemTab/CatalogItems/Favorite Button For Item3' is clicked on

2018-07-05 21:03:28 - [TEST_STEP][PASSED] - delay: Delayed 3 second(s)

2018-07-05 21:03:31 - [MESSAGE][PASSED] - Delayed 3 second(s)

2018-07-05 21:03:31 - [TEST_STEP][PASSED] - verifyElementAttributeValue: Object 'Object Repository/SearchResultPage/SearchItemTab/CatalogItems/Favorite Button For Item3' has attribute 'ng-reflect-icon' with value 'heart-fill'

2018-07-05 21:03:31 - [MESSAGE][PASSED] - Object 'Object Repository/SearchResultPage/SearchItemTab/CatalogItems/Favorite Button For Item3' has attribute 'ng-reflect-icon' with value 'heart-fill'

2018-07-05 21:03:31 - [TEST_STEP][PASSED] - click: Object: 'Object Repository/Home' is clicked on

2018-07-05 21:03:31 - [MESSAGE][PASSED] - Object: 'Object Repository/Home' is clicked on

2018-07-05 21:03:31 - [TEST_STEP][PASSED] - click: Object: 'Object Repository/OnlineStorePage/HeaderTab/FavoritesAndPreviouslyUsedTab/Favorite' is clicked on

2018-07-05 21:03:33 - [MESSAGE][PASSED] - Object: 'Object Repository/OnlineStorePage/HeaderTab/FavoritesAndPreviouslyUsedTab/Favorite' is clicked on

2018-07-05 21:03:33 - [TEST_STEP][PASSED] - waitForElementPresent: Object 'Object Repository/OnlineStorePage/HeaderTab/FavoritesAndPreviouslyUsedTab/Verify ITEM1' is present

2018-07-05 21:03:33 - [MESSAGE][PASSED] - Object 'Object Repository/OnlineStorePage/HeaderTab/FavoritesAndPreviouslyUsedTab/Verify ITEM1' is present

2018-07-05 21:03:33 - [TEST_STEP][PASSED] - Statement - Exp1 = com.kms.katalon.core.webui.keyword.WebUiBuiltInKeywords.getText(com.kms.katalon.core.testobject.ObjectRepository.findTestObject(OnlineStorePage/HeaderTab/FavoritesAndPreviouslyUsedTab/Verify ITEM1)): Text of object 'Object Repository/OnlineStorePage/HeaderTab/FavoritesAndPreviouslyUsedTab/Verify ITEM1' is: 'ITEM1'

2018-07-05 21:03:33 - [MESSAGE][PASSED] - Text of object 'Object Repository/OnlineStorePage/HeaderTab/FavoritesAndPreviouslyUsedTab/Verify ITEM1' is: 'ITEM1'

2018-07-05 21:03:33 - [TEST_STEP][PASSED] - Statement - Exp2 = com.kms.katalon.core.webui.keyword.WebUiBuiltInKeywords.getText(com.kms.katalon.core.testobject.ObjectRepository.findTestObject(OnlineStorePage/HeaderTab/FavoritesAndPreviouslyUsedTab/Verify Item3)): Text of object 'Object Repository/OnlineStorePage/HeaderTab/FavoritesAndPreviouslyUsedTab/Verify Item3' is: 'Item3'

2018-07-05 21:03:33 - [MESSAGE][PASSED] - Text of object 'Object Repository/OnlineStorePage/HeaderTab/FavoritesAndPreviouslyUsedTab/Verify Item3' is: 'Item3'

2018-07-05 21:03:33 - [TEST_STEP][PASSED] - verifyMatch: Actual text 'ITEM1' and expected text 'ITEM1' are matched  using regular expression

2018-07-05 21:03:33 - [MESSAGE][PASSED] - Actual text 'ITEM1' and expected text 'ITEM1' are matched  using regular expression

2018-07-05 21:03:33 - [TEST_STEP][PASSED] - verifyMatch: Actual text 'Item3' and expected text 'Item3' are matched  using regular expression

2018-07-05 21:03:33 - [MESSAGE][PASSED] - Actual text 'Item3' and expected text 'Item3' are matched  using regular expression

2018-07-05 21:03:33 - [TEST_STEP][PASSED] - click: Object: 'Object Repository/OnlineStorePage/HeaderTab/FavoritesAndPreviouslyUsedTab/ViewAllButton' is clicked on

2018-07-05 21:03:33 - [MESSAGE][PASSED] - Object: 'Object Repository/OnlineStorePage/HeaderTab/FavoritesAndPreviouslyUsedTab/ViewAllButton' is clicked on

2018-07-05 21:03:33 - [TEST_STEP][PASSED] - Statement - Val1 = com.kms.katalon.core.webui.keyword.WebUiBuiltInKeywords.getText(com.kms.katalon.core.testobject.ObjectRepository.findTestObject(OnlineStorePage/HeaderTab/FavoritesAndPreviouslyUsedTab/View All Section/Verify ITEM1)): Text of object 'Object Repository/OnlineStorePage/HeaderTab/FavoritesAndPreviouslyUsedTab/View All Section/Verify ITEM1' is: 'ITEM1'

2018-07-05 21:03:34 - [MESSAGE][PASSED] - Text of object 'Object Repository/OnlineStorePage/HeaderTab/FavoritesAndPreviouslyUsedTab/View All Section/Verify ITEM1' is: 'ITEM1'

2018-07-05 21:03:34 - [TEST_STEP][PASSED] - Statement - Val2 = com.kms.katalon.core.webui.keyword.WebUiBuiltInKeywords.getText(com.kms.katalon.core.testobject.ObjectRepository.findTestObject(OnlineStorePage/HeaderTab/FavoritesAndPreviouslyUsedTab/View All Section/Verify ITEM3)): Text of object 'Object Repository/OnlineStorePage/HeaderTab/FavoritesAndPreviouslyUsedTab/View All Section/Verify ITEM3' is: 'Item3'

2018-07-05 21:03:34 - [MESSAGE][PASSED] - Text of object 'Object Repository/OnlineStorePage/HeaderTab/FavoritesAndPreviouslyUsedTab/View All Section/Verify ITEM3' is: 'Item3'

2018-07-05 21:03:34 - [TEST_STEP][PASSED] - verifyMatch: Actual text 'ITEM1' and expected text 'ITEM1' are matched  using regular expression

2018-07-05 21:03:34 - [MESSAGE][PASSED] - Actual text 'ITEM1' and expected text 'ITEM1' are matched  using regular expression

2018-07-05 21:03:34 - [TEST_STEP][PASSED] - verifyMatch: Actual text 'Item3' and expected text 'Item3' are matched  using regular expression

2018-07-05 21:03:34 - [MESSAGE][PASSED] - Actual text 'Item3' and expected text 'Item3' are matched  using regular expression

2018-07-05 21:03:34 - [TEST_STEP][PASSED] - closeBrowser: Browser is closed

2018-07-05 21:03:34 - [MESSAGE][PASSED] - Browser is closed]]></system-out>
         <system-err><![CDATA[]]></system-err>
      </testcase>
      <testcase name="Test Cases/DDS-2053/DDS-3898 Verify that the items added from the favorites section should be appended to the already existing items of the cart" classname="Test Cases/DDS-2053/DDS-3898 Verify that the items added from the favorites section should be appended to the already existing items of the cart" status="PASSED">
         <system-out><![CDATA[2018-07-05 21:03:34 - [TEST_CASE][PASSED] - Test Cases/DDS-2053/DDS-3898 Verify that the items added from the favorites section should be appended to the already existing items of the cart: Test Cases/DDS-2053/DDS-3898 Verify that the items added from the favorites section should be appended to the already existing items of the cart

2018-07-05 21:03:34 - [TEST_STEP][PASSED] - callTestCase: Call Test Case 'Test Cases/CommonLibraries/Search By Item' successfully

2018-07-05 21:03:34 - [TEST_CASE][PASSED] - Test Cases/CommonLibraries/Search By Item: Test Cases/CommonLibraries/Search By Item

2018-07-05 21:03:34 - [TEST_STEP][PASSED] - callTestCase: Call Test Case 'Test Cases/CommonLibraries/Login' successfully

2018-07-05 21:03:34 - [TEST_CASE][PASSED] - Test Cases/CommonLibraries/Login: Test Cases/CommonLibraries/Login

2018-07-05 21:03:34 - [TEST_STEP][PASSED] - openBrowser: Browser is opened with url: 'https://smtlogin.zycus.net/sso/login?serviceName=http://eproc-qa.zycus.net/'

2018-07-05 21:03:46 - [MESSAGE][PASSED] - Browser is opened with url: 'https://smtlogin.zycus.net/sso/login?serviceName=http://eproc-qa.zycus.net/'

2018-07-05 21:03:46 - [TEST_STEP][PASSED] - maximizeWindow: Current window maximized

2018-07-05 21:03:46 - [MESSAGE][PASSED] - Current window maximized

2018-07-05 21:03:46 - [TEST_STEP][PASSED] - waitForElementVisible: Object 'Object Repository/LoginPage/UserID' is visible

2018-07-05 21:03:46 - [MESSAGE][PASSED] - Object 'Object Repository/LoginPage/UserID' is visible

2018-07-05 21:03:46 - [TEST_STEP][PASSED] - sendKeys: Keys 'monicaqa@zycus.com' sent to object: 'Object Repository/LoginPage/UserID'

2018-07-05 21:03:47 - [MESSAGE][PASSED] - Keys 'monicaqa@zycus.com' sent to object: 'Object Repository/LoginPage/UserID'

2018-07-05 21:03:47 - [TEST_STEP][PASSED] - sendKeys: Keys 'eProc@123' sent to object: 'Object Repository/LoginPage/Password'

2018-07-05 21:03:47 - [MESSAGE][PASSED] - Keys 'eProc@123' sent to object: 'Object Repository/LoginPage/Password'

2018-07-05 21:03:47 - [TEST_STEP][PASSED] - click: Object: 'Object Repository/LoginPage/LoginButton' is clicked on

2018-07-05 21:03:51 - [MESSAGE][PASSED] - Object: 'Object Repository/LoginPage/LoginButton' is clicked on

2018-07-05 21:03:51 - [MESSAGE][PASSED] - Call Test Case 'Test Cases/CommonLibraries/Login' successfully

2018-07-05 21:03:51 - [TEST_STEP][PASSED] - waitForElementPresent: Object 'Object Repository/OnlineStorePage/Search Box' is present

2018-07-05 21:04:27 - [MESSAGE][PASSED] - Object 'Object Repository/OnlineStorePage/Search Box' is present

2018-07-05 21:04:27 - [TEST_STEP][PASSED] - waitForPageLoad: Wait for page load successfully

2018-07-05 21:04:27 - [MESSAGE][PASSED] - Wait for page load successfully

2018-07-05 21:04:27 - [TEST_STEP][PASSED] - sendKeys: Keys 'Item' sent to object: 'Object Repository/OnlineStorePage/Search Box'

2018-07-05 21:04:27 - [MESSAGE][PASSED] - Keys 'Item' sent to object: 'Object Repository/OnlineStorePage/Search Box'

2018-07-05 21:04:27 - [TEST_STEP][PASSED] - click: Object: 'Object Repository/OnlineStorePage/Search Icon' is clicked on

2018-07-05 21:04:28 - [MESSAGE][PASSED] - Object: 'Object Repository/OnlineStorePage/Search Icon' is clicked on

2018-07-05 21:04:28 - [MESSAGE][PASSED] - Call Test Case 'Test Cases/CommonLibraries/Search By Item' successfully

2018-07-05 21:04:28 - [TEST_STEP][PASSED] - waitForElementPresent: Object 'Object Repository/SearchResultPage/SearchItemTab/CatalogItems/Check Box For 2 row item list' is present

2018-07-05 21:04:35 - [MESSAGE][PASSED] - Object 'Object Repository/SearchResultPage/SearchItemTab/CatalogItems/Check Box For 2 row item list' is present

2018-07-05 21:04:35 - [TEST_STEP][PASSED] - waitForElementPresent: Object 'Object Repository/SearchResultPage/SearchItemTab/CatalogItems/Favorite Button For ITEM1' is present

2018-07-05 21:04:35 - [MESSAGE][PASSED] - Object 'Object Repository/SearchResultPage/SearchItemTab/CatalogItems/Favorite Button For ITEM1' is present

2018-07-05 21:04:35 - [TEST_STEP][PASSED] - waitForElementPresent: Object 'Object Repository/SearchResultPage/SearchItemTab/CatalogItems/Favorite Button For Item3' is present

2018-07-05 21:04:35 - [MESSAGE][PASSED] - Object 'Object Repository/SearchResultPage/SearchItemTab/CatalogItems/Favorite Button For Item3' is present

2018-07-05 21:04:35 - [TEST_STEP][PASSED] - Statement - Actual1 = com.kms.katalon.core.webui.keyword.WebUiBuiltInKeywords.getText(com.kms.katalon.core.testobject.ObjectRepository.findTestObject(SearchResultPage/SearchItemTab/CatalogItems/Catalog Item List Verification/ITEM1 For 2 Row)): Text of object 'Object Repository/SearchResultPage/SearchItemTab/CatalogItems/Catalog Item List Verification/ITEM1 For 2 Row' is: 'ITEM1'

2018-07-05 21:04:35 - [MESSAGE][PASSED] - Text of object 'Object Repository/SearchResultPage/SearchItemTab/CatalogItems/Catalog Item List Verification/ITEM1 For 2 Row' is: 'ITEM1'

2018-07-05 21:04:35 - [TEST_STEP][PASSED] - Statement - Actual2 = com.kms.katalon.core.webui.keyword.WebUiBuiltInKeywords.getText(com.kms.katalon.core.testobject.ObjectRepository.findTestObject(SearchResultPage/SearchItemTab/CatalogItems/Catalog Item List Verification/Item3 For 3 Row)): Text of object 'Object Repository/SearchResultPage/SearchItemTab/CatalogItems/Catalog Item List Verification/Item3 For 3 Row' is: 'Item3'

2018-07-05 21:04:35 - [MESSAGE][PASSED] - Text of object 'Object Repository/SearchResultPage/SearchItemTab/CatalogItems/Catalog Item List Verification/Item3 For 3 Row' is: 'Item3'

2018-07-05 21:04:35 - [TEST_STEP][PASSED] - Statement - Attribute1 = com.kms.katalon.core.webui.keyword.WebUiBuiltInKeywords.getAttribute(com.kms.katalon.core.testobject.ObjectRepository.findTestObject(SearchResultPage/SearchItemTab/CatalogItems/Favorite Button For ITEM1), "ng-reflect-icon"): Attribute 'ng-reflect-icon' of object 'Object Repository/SearchResultPage/SearchItemTab/CatalogItems/Favorite Button For ITEM1' is: 'heart-fill'

2018-07-05 21:04:35 - [MESSAGE][PASSED] - Attribute 'ng-reflect-icon' of object 'Object Repository/SearchResultPage/SearchItemTab/CatalogItems/Favorite Button For ITEM1' is: 'heart-fill'

2018-07-05 21:04:35 - [TEST_STEP][PASSED] - Statement - Attribute2 = com.kms.katalon.core.webui.keyword.WebUiBuiltInKeywords.getAttribute(com.kms.katalon.core.testobject.ObjectRepository.findTestObject(SearchResultPage/SearchItemTab/CatalogItems/Favorite Button For Item3), "ng-reflect-icon"): Attribute 'ng-reflect-icon' of object 'Object Repository/SearchResultPage/SearchItemTab/CatalogItems/Favorite Button For Item3' is: 'heart-fill'

2018-07-05 21:04:35 - [MESSAGE][PASSED] - Attribute 'ng-reflect-icon' of object 'Object Repository/SearchResultPage/SearchItemTab/CatalogItems/Favorite Button For Item3' is: 'heart-fill'

2018-07-05 21:04:35 - [TEST_STEP][PASSED] - Statement - If (Attribute1 == "heart-fill"): Object 'Object Repository/SearchResultPage/SearchItemTab/CatalogItems/Favorite Button For ITEM1' has attribute 'ng-reflect-icon' with value 'heart-fill'

2018-07-05 21:04:35 - [TEST_STEP][PASSED] - mouseOver: Object: 'Object Repository/SearchResultPage/SearchItemTab/CatalogItems/Favorite Button For ITEM1' is hovered

2018-07-05 21:04:35 - [MESSAGE][PASSED] - Object: 'Object Repository/SearchResultPage/SearchItemTab/CatalogItems/Favorite Button For ITEM1' is hovered

2018-07-05 21:04:35 - [TEST_STEP][PASSED] - click: Object: 'Object Repository/SearchResultPage/SearchItemTab/CatalogItems/Favorite Button For ITEM1' is clicked on

2018-07-05 21:04:35 - [MESSAGE][PASSED] - Object: 'Object Repository/SearchResultPage/SearchItemTab/CatalogItems/Favorite Button For ITEM1' is clicked on

2018-07-05 21:04:35 - [TEST_STEP][PASSED] - delay: Delayed 2 second(s)

2018-07-05 21:04:37 - [MESSAGE][PASSED] - Delayed 2 second(s)

2018-07-05 21:04:37 - [TEST_STEP][PASSED] - click: Object: 'Object Repository/SearchResultPage/SearchItemTab/CatalogItems/Favorite Button For ITEM1' is clicked on

2018-07-05 21:04:37 - [MESSAGE][PASSED] - Object: 'Object Repository/SearchResultPage/SearchItemTab/CatalogItems/Favorite Button For ITEM1' is clicked on

2018-07-05 21:04:37 - [TEST_STEP][PASSED] - delay: Delayed 3 second(s)

2018-07-05 21:04:40 - [MESSAGE][PASSED] - Delayed 3 second(s)

2018-07-05 21:04:40 - [TEST_STEP][PASSED] - verifyElementAttributeValue: Object 'Object Repository/SearchResultPage/SearchItemTab/CatalogItems/Favorite Button For ITEM1' has attribute 'ng-reflect-icon' with value 'heart-fill'

2018-07-05 21:04:40 - [MESSAGE][PASSED] - Object 'Object Repository/SearchResultPage/SearchItemTab/CatalogItems/Favorite Button For ITEM1' has attribute 'ng-reflect-icon' with value 'heart-fill'

2018-07-05 21:04:40 - [TEST_STEP][PASSED] - Statement - If (Attribute2 == "heart-fill"): Object 'Object Repository/SearchResultPage/SearchItemTab/CatalogItems/Favorite Button For Item3' has attribute 'ng-reflect-icon' with value 'heart-fill'

2018-07-05 21:04:40 - [TEST_STEP][PASSED] - mouseOver: Object: 'Object Repository/SearchResultPage/SearchItemTab/CatalogItems/Favorite Button For Item3' is hovered

2018-07-05 21:04:40 - [MESSAGE][PASSED] - Object: 'Object Repository/SearchResultPage/SearchItemTab/CatalogItems/Favorite Button For Item3' is hovered

2018-07-05 21:04:40 - [TEST_STEP][PASSED] - click: Object: 'Object Repository/SearchResultPage/SearchItemTab/CatalogItems/Favorite Button For Item3' is clicked on

2018-07-05 21:04:40 - [MESSAGE][PASSED] - Object: 'Object Repository/SearchResultPage/SearchItemTab/CatalogItems/Favorite Button For Item3' is clicked on

2018-07-05 21:04:40 - [TEST_STEP][PASSED] - delay: Delayed 2 second(s)

2018-07-05 21:04:42 - [MESSAGE][PASSED] - Delayed 2 second(s)

2018-07-05 21:04:42 - [TEST_STEP][PASSED] - click: Object: 'Object Repository/SearchResultPage/SearchItemTab/CatalogItems/Favorite Button For Item3' is clicked on

2018-07-05 21:04:43 - [MESSAGE][PASSED] - Object: 'Object Repository/SearchResultPage/SearchItemTab/CatalogItems/Favorite Button For Item3' is clicked on

2018-07-05 21:04:43 - [TEST_STEP][PASSED] - delay: Delayed 3 second(s)

2018-07-05 21:04:46 - [MESSAGE][PASSED] - Delayed 3 second(s)

2018-07-05 21:04:46 - [TEST_STEP][PASSED] - verifyElementAttributeValue: Object 'Object Repository/SearchResultPage/SearchItemTab/CatalogItems/Favorite Button For Item3' has attribute 'ng-reflect-icon' with value 'heart-fill'

2018-07-05 21:04:46 - [MESSAGE][PASSED] - Object 'Object Repository/SearchResultPage/SearchItemTab/CatalogItems/Favorite Button For Item3' has attribute 'ng-reflect-icon' with value 'heart-fill'

2018-07-05 21:04:46 - [TEST_STEP][PASSED] - click: Object: 'Object Repository/Home' is clicked on

2018-07-05 21:04:46 - [MESSAGE][PASSED] - Object: 'Object Repository/Home' is clicked on

2018-07-05 21:04:46 - [TEST_STEP][PASSED] - click: Object: 'Object Repository/OnlineStorePage/HeaderTab/FavoritesAndPreviouslyUsedTab/Favorite' is clicked on

2018-07-05 21:04:47 - [MESSAGE][PASSED] - Object: 'Object Repository/OnlineStorePage/HeaderTab/FavoritesAndPreviouslyUsedTab/Favorite' is clicked on

2018-07-05 21:04:47 - [TEST_STEP][PASSED] - waitForElementPresent: Object 'Object Repository/OnlineStorePage/HeaderTab/FavoritesAndPreviouslyUsedTab/Verify ITEM1' is present

2018-07-05 21:04:47 - [MESSAGE][PASSED] - Object 'Object Repository/OnlineStorePage/HeaderTab/FavoritesAndPreviouslyUsedTab/Verify ITEM1' is present

2018-07-05 21:04:47 - [TEST_STEP][PASSED] - Statement - Exp1 = com.kms.katalon.core.webui.keyword.WebUiBuiltInKeywords.getText(com.kms.katalon.core.testobject.ObjectRepository.findTestObject(OnlineStorePage/HeaderTab/FavoritesAndPreviouslyUsedTab/Verify ITEM1)): Text of object 'Object Repository/OnlineStorePage/HeaderTab/FavoritesAndPreviouslyUsedTab/Verify ITEM1' is: 'ITEM1'

2018-07-05 21:04:47 - [MESSAGE][PASSED] - Text of object 'Object Repository/OnlineStorePage/HeaderTab/FavoritesAndPreviouslyUsedTab/Verify ITEM1' is: 'ITEM1'

2018-07-05 21:04:47 - [TEST_STEP][PASSED] - Statement - Exp2 = com.kms.katalon.core.webui.keyword.WebUiBuiltInKeywords.getText(com.kms.katalon.core.testobject.ObjectRepository.findTestObject(OnlineStorePage/HeaderTab/FavoritesAndPreviouslyUsedTab/Verify Item3)): Text of object 'Object Repository/OnlineStorePage/HeaderTab/FavoritesAndPreviouslyUsedTab/Verify Item3' is: 'Item3'

2018-07-05 21:04:47 - [MESSAGE][PASSED] - Text of object 'Object Repository/OnlineStorePage/HeaderTab/FavoritesAndPreviouslyUsedTab/Verify Item3' is: 'Item3'

2018-07-05 21:04:47 - [TEST_STEP][PASSED] - verifyMatch: Actual text 'ITEM1' and expected text 'ITEM1' are matched  using regular expression

2018-07-05 21:04:47 - [MESSAGE][PASSED] - Actual text 'ITEM1' and expected text 'ITEM1' are matched  using regular expression

2018-07-05 21:04:47 - [TEST_STEP][PASSED] - verifyMatch: Actual text 'Item3' and expected text 'Item3' are matched  using regular expression

2018-07-05 21:04:47 - [MESSAGE][PASSED] - Actual text 'Item3' and expected text 'Item3' are matched  using regular expression]]></system-out>
         <system-err><![CDATA[]]></system-err>
      </testcase>
      <testcase name="Test Cases/DDS-2053/DDS-3901 Verify that the item name should be a hyperlink which will navigate to the item details pop-up with the following information Specifications" classname="Test Cases/DDS-2053/DDS-3901 Verify that the item name should be a hyperlink which will navigate to the item details pop-up with the following information Specifications" status="PASSED">
         <system-out><![CDATA[2018-07-05 21:04:47 - [TEST_CASE][PASSED] - Test Cases/DDS-2053/DDS-3901 Verify that the item name should be a hyperlink which will navigate to the item details pop-up with the following information Specifications: Test Cases/DDS-2053/DDS-3901 Verify that the item name should be a hyperlink which will navigate to the item details pop-up with the following information Specifications

2018-07-05 21:04:48 - [TEST_STEP][PASSED] - callTestCase: Call Test Case 'Test Cases/CommonLibraries/Search By Item' successfully

2018-07-05 21:04:48 - [TEST_CASE][PASSED] - Test Cases/CommonLibraries/Search By Item: Test Cases/CommonLibraries/Search By Item

2018-07-05 21:04:48 - [TEST_STEP][PASSED] - callTestCase: Call Test Case 'Test Cases/CommonLibraries/Login' successfully

2018-07-05 21:04:48 - [TEST_CASE][PASSED] - Test Cases/CommonLibraries/Login: Test Cases/CommonLibraries/Login

2018-07-05 21:04:48 - [TEST_STEP][PASSED] - openBrowser: Browser is opened with url: 'https://smtlogin.zycus.net/sso/login?serviceName=http://eproc-qa.zycus.net/'

2018-07-05 21:04:48 - [MESSAGE][WARNING] - A browser is already opened. Closing browser and opening a new one

2018-07-05 21:04:58 - [MESSAGE][PASSED] - Browser is opened with url: 'https://smtlogin.zycus.net/sso/login?serviceName=http://eproc-qa.zycus.net/'

2018-07-05 21:04:58 - [TEST_STEP][PASSED] - maximizeWindow: Current window maximized

2018-07-05 21:04:59 - [MESSAGE][PASSED] - Current window maximized

2018-07-05 21:04:59 - [TEST_STEP][PASSED] - waitForElementVisible: Object 'Object Repository/LoginPage/UserID' is visible

2018-07-05 21:04:59 - [MESSAGE][PASSED] - Object 'Object Repository/LoginPage/UserID' is visible

2018-07-05 21:04:59 - [TEST_STEP][PASSED] - sendKeys: Keys 'monicaqa@zycus.com' sent to object: 'Object Repository/LoginPage/UserID'

2018-07-05 21:04:59 - [MESSAGE][PASSED] - Keys 'monicaqa@zycus.com' sent to object: 'Object Repository/LoginPage/UserID'

2018-07-05 21:04:59 - [TEST_STEP][PASSED] - sendKeys: Keys 'eProc@123' sent to object: 'Object Repository/LoginPage/Password'

2018-07-05 21:04:59 - [MESSAGE][PASSED] - Keys 'eProc@123' sent to object: 'Object Repository/LoginPage/Password'

2018-07-05 21:04:59 - [TEST_STEP][PASSED] - click: Object: 'Object Repository/LoginPage/LoginButton' is clicked on

2018-07-05 21:05:05 - [MESSAGE][PASSED] - Object: 'Object Repository/LoginPage/LoginButton' is clicked on

2018-07-05 21:05:05 - [MESSAGE][PASSED] - Call Test Case 'Test Cases/CommonLibraries/Login' successfully

2018-07-05 21:05:05 - [TEST_STEP][PASSED] - waitForElementPresent: Object 'Object Repository/OnlineStorePage/Search Box' is present

2018-07-05 21:05:43 - [MESSAGE][PASSED] - Object 'Object Repository/OnlineStorePage/Search Box' is present

2018-07-05 21:05:43 - [TEST_STEP][PASSED] - waitForPageLoad: Wait for page load successfully

2018-07-05 21:05:43 - [MESSAGE][PASSED] - Wait for page load successfully

2018-07-05 21:05:43 - [TEST_STEP][PASSED] - sendKeys: Keys 'Item' sent to object: 'Object Repository/OnlineStorePage/Search Box'

2018-07-05 21:05:44 - [MESSAGE][PASSED] - Keys 'Item' sent to object: 'Object Repository/OnlineStorePage/Search Box'

2018-07-05 21:05:44 - [TEST_STEP][PASSED] - click: Object: 'Object Repository/OnlineStorePage/Search Icon' is clicked on

2018-07-05 21:05:44 - [MESSAGE][PASSED] - Object: 'Object Repository/OnlineStorePage/Search Icon' is clicked on

2018-07-05 21:05:44 - [MESSAGE][PASSED] - Call Test Case 'Test Cases/CommonLibraries/Search By Item' successfully

2018-07-05 21:05:44 - [TEST_STEP][PASSED] - waitForElementPresent: Object 'Object Repository/SearchResultPage/SearchItemTab/CatalogItems/Check Box For 2 row item list' is present

2018-07-05 21:05:53 - [MESSAGE][PASSED] - Object 'Object Repository/SearchResultPage/SearchItemTab/CatalogItems/Check Box For 2 row item list' is present

2018-07-05 21:05:53 - [TEST_STEP][PASSED] - waitForElementPresent: Object 'Object Repository/SearchResultPage/SearchItemTab/CatalogItems/Favorite Button For ITEM1' is present

2018-07-05 21:05:53 - [MESSAGE][PASSED] - Object 'Object Repository/SearchResultPage/SearchItemTab/CatalogItems/Favorite Button For ITEM1' is present

2018-07-05 21:05:53 - [TEST_STEP][PASSED] - waitForElementPresent: Object 'Object Repository/SearchResultPage/SearchItemTab/CatalogItems/Favorite Button For Item3' is present

2018-07-05 21:05:54 - [MESSAGE][PASSED] - Object 'Object Repository/SearchResultPage/SearchItemTab/CatalogItems/Favorite Button For Item3' is present

2018-07-05 21:05:54 - [TEST_STEP][PASSED] - Statement - Actual1 = com.kms.katalon.core.webui.keyword.WebUiBuiltInKeywords.getText(com.kms.katalon.core.testobject.ObjectRepository.findTestObject(SearchResultPage/SearchItemTab/CatalogItems/Catalog Item List Verification/ITEM1 For 2 Row)): Text of object 'Object Repository/SearchResultPage/SearchItemTab/CatalogItems/Catalog Item List Verification/ITEM1 For 2 Row' is: 'ITEM1'

2018-07-05 21:05:54 - [MESSAGE][PASSED] - Text of object 'Object Repository/SearchResultPage/SearchItemTab/CatalogItems/Catalog Item List Verification/ITEM1 For 2 Row' is: 'ITEM1'

2018-07-05 21:05:54 - [TEST_STEP][PASSED] - Statement - Actual2 = com.kms.katalon.core.webui.keyword.WebUiBuiltInKeywords.getText(com.kms.katalon.core.testobject.ObjectRepository.findTestObject(SearchResultPage/SearchItemTab/CatalogItems/Catalog Item List Verification/Item3 For 3 Row)): Text of object 'Object Repository/SearchResultPage/SearchItemTab/CatalogItems/Catalog Item List Verification/Item3 For 3 Row' is: 'Item3'

2018-07-05 21:05:54 - [MESSAGE][PASSED] - Text of object 'Object Repository/SearchResultPage/SearchItemTab/CatalogItems/Catalog Item List Verification/Item3 For 3 Row' is: 'Item3'

2018-07-05 21:05:54 - [TEST_STEP][PASSED] - Statement - Attribute1 = com.kms.katalon.core.webui.keyword.WebUiBuiltInKeywords.getAttribute(com.kms.katalon.core.testobject.ObjectRepository.findTestObject(SearchResultPage/SearchItemTab/CatalogItems/Favorite Button For ITEM1), "ng-reflect-icon"): Attribute 'ng-reflect-icon' of object 'Object Repository/SearchResultPage/SearchItemTab/CatalogItems/Favorite Button For ITEM1' is: 'heart-fill'

2018-07-05 21:05:54 - [MESSAGE][PASSED] - Attribute 'ng-reflect-icon' of object 'Object Repository/SearchResultPage/SearchItemTab/CatalogItems/Favorite Button For ITEM1' is: 'heart-fill'

2018-07-05 21:05:54 - [TEST_STEP][PASSED] - Statement - Attribute2 = com.kms.katalon.core.webui.keyword.WebUiBuiltInKeywords.getAttribute(com.kms.katalon.core.testobject.ObjectRepository.findTestObject(SearchResultPage/SearchItemTab/CatalogItems/Favorite Button For Item3), "ng-reflect-icon"): Attribute 'ng-reflect-icon' of object 'Object Repository/SearchResultPage/SearchItemTab/CatalogItems/Favorite Button For Item3' is: 'heart-fill'

2018-07-05 21:05:54 - [MESSAGE][PASSED] - Attribute 'ng-reflect-icon' of object 'Object Repository/SearchResultPage/SearchItemTab/CatalogItems/Favorite Button For Item3' is: 'heart-fill'

2018-07-05 21:05:54 - [TEST_STEP][PASSED] - Statement - If (Attribute1 == "heart-fill"): Object 'Object Repository/SearchResultPage/SearchItemTab/CatalogItems/Favorite Button For ITEM1' has attribute 'ng-reflect-icon' with value 'heart-fill'

2018-07-05 21:05:54 - [TEST_STEP][PASSED] - mouseOver: Object: 'Object Repository/SearchResultPage/SearchItemTab/CatalogItems/Favorite Button For ITEM1' is hovered

2018-07-05 21:05:54 - [MESSAGE][PASSED] - Object: 'Object Repository/SearchResultPage/SearchItemTab/CatalogItems/Favorite Button For ITEM1' is hovered

2018-07-05 21:05:54 - [TEST_STEP][PASSED] - click: Object: 'Object Repository/SearchResultPage/SearchItemTab/CatalogItems/Favorite Button For ITEM1' is clicked on

2018-07-05 21:05:54 - [MESSAGE][PASSED] - Object: 'Object Repository/SearchResultPage/SearchItemTab/CatalogItems/Favorite Button For ITEM1' is clicked on

2018-07-05 21:05:54 - [TEST_STEP][PASSED] - delay: Delayed 2 second(s)

2018-07-05 21:05:56 - [MESSAGE][PASSED] - Delayed 2 second(s)

2018-07-05 21:05:56 - [TEST_STEP][PASSED] - click: Object: 'Object Repository/SearchResultPage/SearchItemTab/CatalogItems/Favorite Button For ITEM1' is clicked on

2018-07-05 21:05:56 - [MESSAGE][PASSED] - Object: 'Object Repository/SearchResultPage/SearchItemTab/CatalogItems/Favorite Button For ITEM1' is clicked on

2018-07-05 21:05:56 - [TEST_STEP][PASSED] - delay: Delayed 3 second(s)

2018-07-05 21:05:59 - [MESSAGE][PASSED] - Delayed 3 second(s)

2018-07-05 21:05:59 - [TEST_STEP][PASSED] - verifyElementAttributeValue: Object 'Object Repository/SearchResultPage/SearchItemTab/CatalogItems/Favorite Button For ITEM1' has attribute 'ng-reflect-icon' with value 'heart-fill'

2018-07-05 21:05:59 - [MESSAGE][PASSED] - Object 'Object Repository/SearchResultPage/SearchItemTab/CatalogItems/Favorite Button For ITEM1' has attribute 'ng-reflect-icon' with value 'heart-fill'

2018-07-05 21:05:59 - [TEST_STEP][PASSED] - Statement - If (Attribute2 == "heart-fill"): Object 'Object Repository/SearchResultPage/SearchItemTab/CatalogItems/Favorite Button For Item3' has attribute 'ng-reflect-icon' with value 'heart-fill'

2018-07-05 21:05:59 - [TEST_STEP][PASSED] - mouseOver: Object: 'Object Repository/SearchResultPage/SearchItemTab/CatalogItems/Favorite Button For Item3' is hovered

2018-07-05 21:05:59 - [MESSAGE][PASSED] - Object: 'Object Repository/SearchResultPage/SearchItemTab/CatalogItems/Favorite Button For Item3' is hovered

2018-07-05 21:05:59 - [TEST_STEP][PASSED] - click: Object: 'Object Repository/SearchResultPage/SearchItemTab/CatalogItems/Favorite Button For Item3' is clicked on

2018-07-05 21:05:59 - [MESSAGE][PASSED] - Object: 'Object Repository/SearchResultPage/SearchItemTab/CatalogItems/Favorite Button For Item3' is clicked on

2018-07-05 21:05:59 - [TEST_STEP][PASSED] - delay: Delayed 2 second(s)

2018-07-05 21:06:01 - [MESSAGE][PASSED] - Delayed 2 second(s)

2018-07-05 21:06:01 - [TEST_STEP][PASSED] - click: Object: 'Object Repository/SearchResultPage/SearchItemTab/CatalogItems/Favorite Button For Item3' is clicked on

2018-07-05 21:06:01 - [MESSAGE][PASSED] - Object: 'Object Repository/SearchResultPage/SearchItemTab/CatalogItems/Favorite Button For Item3' is clicked on

2018-07-05 21:06:01 - [TEST_STEP][PASSED] - delay: Delayed 3 second(s)

2018-07-05 21:06:04 - [MESSAGE][PASSED] - Delayed 3 second(s)

2018-07-05 21:06:04 - [TEST_STEP][PASSED] - verifyElementAttributeValue: Object 'Object Repository/SearchResultPage/SearchItemTab/CatalogItems/Favorite Button For Item3' has attribute 'ng-reflect-icon' with value 'heart-fill'

2018-07-05 21:06:04 - [MESSAGE][PASSED] - Object 'Object Repository/SearchResultPage/SearchItemTab/CatalogItems/Favorite Button For Item3' has attribute 'ng-reflect-icon' with value 'heart-fill'

2018-07-05 21:06:04 - [TEST_STEP][PASSED] - click: Object: 'Object Repository/Home' is clicked on

2018-07-05 21:06:04 - [MESSAGE][PASSED] - Object: 'Object Repository/Home' is clicked on

2018-07-05 21:06:04 - [TEST_STEP][PASSED] - click: Object: 'Object Repository/OnlineStorePage/HeaderTab/FavoritesAndPreviouslyUsedTab/Favorite' is clicked on

2018-07-05 21:06:05 - [MESSAGE][PASSED] - Object: 'Object Repository/OnlineStorePage/HeaderTab/FavoritesAndPreviouslyUsedTab/Favorite' is clicked on

2018-07-05 21:06:05 - [TEST_STEP][PASSED] - click: Object: 'Object Repository/OnlineStorePage/HeaderTab/FavoritesAndPreviouslyUsedTab/Verify ITEM1' is clicked on

2018-07-05 21:06:06 - [MESSAGE][PASSED] - Object: 'Object Repository/OnlineStorePage/HeaderTab/FavoritesAndPreviouslyUsedTab/Verify ITEM1' is clicked on

2018-07-05 21:06:06 - [TEST_STEP][PASSED] - click: Object: 'Object Repository/OnlineStorePage/HeaderTab/FavoritesAndPreviouslyUsedTab/Item Section/Specification Tab' is clicked on

2018-07-05 21:06:06 - [MESSAGE][PASSED] - Object: 'Object Repository/OnlineStorePage/HeaderTab/FavoritesAndPreviouslyUsedTab/Item Section/Specification Tab' is clicked on

2018-07-05 21:06:06 - [TEST_STEP][PASSED] - verifyElementText: Actual text and expected text of test object 'Object Repository/OnlineStorePage/HeaderTab/FavoritesAndPreviouslyUsedTab/Item Section/Verify No Specification display' are matched.

2018-07-05 21:06:06 - [MESSAGE][PASSED] - Actual text and expected text of test object 'Object Repository/OnlineStorePage/HeaderTab/FavoritesAndPreviouslyUsedTab/Item Section/Verify No Specification display' are matched.

2018-07-05 21:06:06 - [TEST_STEP][PASSED] - closeBrowser: Browser is closed

2018-07-05 21:06:06 - [MESSAGE][PASSED] - Browser is closed]]></system-out>
         <system-err><![CDATA[]]></system-err>
      </testcase>
      <testcase name="Test Cases/DDS-2053/DDS-3902 Verify that the item name should be a hyperlink which will navigate to the item details pop-up with the following information Attachment" classname="Test Cases/DDS-2053/DDS-3902 Verify that the item name should be a hyperlink which will navigate to the item details pop-up with the following information Attachment" status="PASSED">
         <system-out><![CDATA[2018-07-05 21:06:06 - [TEST_CASE][PASSED] - Test Cases/DDS-2053/DDS-3902 Verify that the item name should be a hyperlink which will navigate to the item details pop-up with the following information Attachment: Test Cases/DDS-2053/DDS-3902 Verify that the item name should be a hyperlink which will navigate to the item details pop-up with the following information Attachment

2018-07-05 21:06:06 - [TEST_STEP][PASSED] - callTestCase: Call Test Case 'Test Cases/CommonLibraries/Search By Item' successfully

2018-07-05 21:06:06 - [TEST_CASE][PASSED] - Test Cases/CommonLibraries/Search By Item: Test Cases/CommonLibraries/Search By Item

2018-07-05 21:06:07 - [TEST_STEP][PASSED] - callTestCase: Call Test Case 'Test Cases/CommonLibraries/Login' successfully

2018-07-05 21:06:07 - [TEST_CASE][PASSED] - Test Cases/CommonLibraries/Login: Test Cases/CommonLibraries/Login

2018-07-05 21:06:07 - [TEST_STEP][PASSED] - openBrowser: Browser is opened with url: 'https://smtlogin.zycus.net/sso/login?serviceName=http://eproc-qa.zycus.net/'

2018-07-05 21:06:22 - [MESSAGE][PASSED] - Browser is opened with url: 'https://smtlogin.zycus.net/sso/login?serviceName=http://eproc-qa.zycus.net/'

2018-07-05 21:06:22 - [TEST_STEP][PASSED] - maximizeWindow: Current window maximized

2018-07-05 21:06:28 - [MESSAGE][PASSED] - Current window maximized

2018-07-05 21:06:28 - [TEST_STEP][PASSED] - waitForElementVisible: Object 'Object Repository/LoginPage/UserID' is visible

2018-07-05 21:06:28 - [MESSAGE][PASSED] - Object 'Object Repository/LoginPage/UserID' is visible

2018-07-05 21:06:28 - [TEST_STEP][PASSED] - sendKeys: Keys 'monicaqa@zycus.com' sent to object: 'Object Repository/LoginPage/UserID'

2018-07-05 21:06:28 - [MESSAGE][PASSED] - Keys 'monicaqa@zycus.com' sent to object: 'Object Repository/LoginPage/UserID'

2018-07-05 21:06:28 - [TEST_STEP][PASSED] - sendKeys: Keys 'eProc@123' sent to object: 'Object Repository/LoginPage/Password'

2018-07-05 21:06:28 - [MESSAGE][PASSED] - Keys 'eProc@123' sent to object: 'Object Repository/LoginPage/Password'

2018-07-05 21:06:28 - [TEST_STEP][PASSED] - click: Object: 'Object Repository/LoginPage/LoginButton' is clicked on

2018-07-05 21:06:33 - [MESSAGE][PASSED] - Object: 'Object Repository/LoginPage/LoginButton' is clicked on

2018-07-05 21:06:33 - [MESSAGE][PASSED] - Call Test Case 'Test Cases/CommonLibraries/Login' successfully

2018-07-05 21:06:33 - [TEST_STEP][PASSED] - waitForElementPresent: Object 'Object Repository/OnlineStorePage/Search Box' is present

2018-07-05 21:07:09 - [MESSAGE][PASSED] - Object 'Object Repository/OnlineStorePage/Search Box' is present

2018-07-05 21:07:09 - [TEST_STEP][PASSED] - waitForPageLoad: Wait for page load successfully

2018-07-05 21:07:09 - [MESSAGE][PASSED] - Wait for page load successfully

2018-07-05 21:07:09 - [TEST_STEP][PASSED] - sendKeys: Keys 'Item' sent to object: 'Object Repository/OnlineStorePage/Search Box'

2018-07-05 21:07:09 - [MESSAGE][PASSED] - Keys 'Item' sent to object: 'Object Repository/OnlineStorePage/Search Box'

2018-07-05 21:07:09 - [TEST_STEP][PASSED] - click: Object: 'Object Repository/OnlineStorePage/Search Icon' is clicked on

2018-07-05 21:07:09 - [MESSAGE][PASSED] - Object: 'Object Repository/OnlineStorePage/Search Icon' is clicked on

2018-07-05 21:07:09 - [MESSAGE][PASSED] - Call Test Case 'Test Cases/CommonLibraries/Search By Item' successfully

2018-07-05 21:07:09 - [TEST_STEP][PASSED] - waitForElementPresent: Object 'Object Repository/SearchResultPage/SearchItemTab/CatalogItems/Check Box For 2 row item list' is present

2018-07-05 21:07:16 - [MESSAGE][PASSED] - Object 'Object Repository/SearchResultPage/SearchItemTab/CatalogItems/Check Box For 2 row item list' is present

2018-07-05 21:07:16 - [TEST_STEP][PASSED] - waitForElementPresent: Object 'Object Repository/SearchResultPage/SearchItemTab/CatalogItems/Favorite Button For ITEM1' is present

2018-07-05 21:07:16 - [MESSAGE][PASSED] - Object 'Object Repository/SearchResultPage/SearchItemTab/CatalogItems/Favorite Button For ITEM1' is present

2018-07-05 21:07:16 - [TEST_STEP][PASSED] - waitForElementPresent: Object 'Object Repository/SearchResultPage/SearchItemTab/CatalogItems/Favorite Button For Item3' is present

2018-07-05 21:07:16 - [MESSAGE][PASSED] - Object 'Object Repository/SearchResultPage/SearchItemTab/CatalogItems/Favorite Button For Item3' is present

2018-07-05 21:07:16 - [TEST_STEP][PASSED] - Statement - Actual1 = com.kms.katalon.core.webui.keyword.WebUiBuiltInKeywords.getText(com.kms.katalon.core.testobject.ObjectRepository.findTestObject(SearchResultPage/SearchItemTab/CatalogItems/Catalog Item List Verification/ITEM1 For 2 Row)): Text of object 'Object Repository/SearchResultPage/SearchItemTab/CatalogItems/Catalog Item List Verification/ITEM1 For 2 Row' is: 'ITEM1'

2018-07-05 21:07:16 - [MESSAGE][PASSED] - Text of object 'Object Repository/SearchResultPage/SearchItemTab/CatalogItems/Catalog Item List Verification/ITEM1 For 2 Row' is: 'ITEM1'

2018-07-05 21:07:16 - [TEST_STEP][PASSED] - Statement - Actual2 = com.kms.katalon.core.webui.keyword.WebUiBuiltInKeywords.getText(com.kms.katalon.core.testobject.ObjectRepository.findTestObject(SearchResultPage/SearchItemTab/CatalogItems/Catalog Item List Verification/Item3 For 3 Row)): Text of object 'Object Repository/SearchResultPage/SearchItemTab/CatalogItems/Catalog Item List Verification/Item3 For 3 Row' is: 'Item3'

2018-07-05 21:07:16 - [MESSAGE][PASSED] - Text of object 'Object Repository/SearchResultPage/SearchItemTab/CatalogItems/Catalog Item List Verification/Item3 For 3 Row' is: 'Item3'

2018-07-05 21:07:16 - [TEST_STEP][PASSED] - Statement - Attribute1 = com.kms.katalon.core.webui.keyword.WebUiBuiltInKeywords.getAttribute(com.kms.katalon.core.testobject.ObjectRepository.findTestObject(SearchResultPage/SearchItemTab/CatalogItems/Favorite Button For ITEM1), "ng-reflect-icon"): Attribute 'ng-reflect-icon' of object 'Object Repository/SearchResultPage/SearchItemTab/CatalogItems/Favorite Button For ITEM1' is: 'heart-fill'

2018-07-05 21:07:16 - [MESSAGE][PASSED] - Attribute 'ng-reflect-icon' of object 'Object Repository/SearchResultPage/SearchItemTab/CatalogItems/Favorite Button For ITEM1' is: 'heart-fill'

2018-07-05 21:07:16 - [TEST_STEP][PASSED] - Statement - Attribute2 = com.kms.katalon.core.webui.keyword.WebUiBuiltInKeywords.getAttribute(com.kms.katalon.core.testobject.ObjectRepository.findTestObject(SearchResultPage/SearchItemTab/CatalogItems/Favorite Button For Item3), "ng-reflect-icon"): Attribute 'ng-reflect-icon' of object 'Object Repository/SearchResultPage/SearchItemTab/CatalogItems/Favorite Button For Item3' is: 'heart-fill'

2018-07-05 21:07:16 - [MESSAGE][PASSED] - Attribute 'ng-reflect-icon' of object 'Object Repository/SearchResultPage/SearchItemTab/CatalogItems/Favorite Button For Item3' is: 'heart-fill'

2018-07-05 21:07:16 - [TEST_STEP][PASSED] - Statement - If (Attribute1 == "heart-fill"): Object 'Object Repository/SearchResultPage/SearchItemTab/CatalogItems/Favorite Button For ITEM1' has attribute 'ng-reflect-icon' with value 'heart-fill'

2018-07-05 21:07:16 - [TEST_STEP][PASSED] - mouseOver: Object: 'Object Repository/SearchResultPage/SearchItemTab/CatalogItems/Favorite Button For ITEM1' is hovered

2018-07-05 21:07:16 - [MESSAGE][PASSED] - Object: 'Object Repository/SearchResultPage/SearchItemTab/CatalogItems/Favorite Button For ITEM1' is hovered

2018-07-05 21:07:16 - [TEST_STEP][PASSED] - click: Object: 'Object Repository/SearchResultPage/SearchItemTab/CatalogItems/Favorite Button For ITEM1' is clicked on

2018-07-05 21:07:16 - [MESSAGE][PASSED] - Object: 'Object Repository/SearchResultPage/SearchItemTab/CatalogItems/Favorite Button For ITEM1' is clicked on

2018-07-05 21:07:16 - [TEST_STEP][PASSED] - delay: Delayed 2 second(s)

2018-07-05 21:07:18 - [MESSAGE][PASSED] - Delayed 2 second(s)

2018-07-05 21:07:18 - [TEST_STEP][PASSED] - click: Object: 'Object Repository/SearchResultPage/SearchItemTab/CatalogItems/Favorite Button For ITEM1' is clicked on

2018-07-05 21:07:18 - [MESSAGE][PASSED] - Object: 'Object Repository/SearchResultPage/SearchItemTab/CatalogItems/Favorite Button For ITEM1' is clicked on

2018-07-05 21:07:18 - [TEST_STEP][PASSED] - delay: Delayed 3 second(s)

2018-07-05 21:07:21 - [MESSAGE][PASSED] - Delayed 3 second(s)

2018-07-05 21:07:21 - [TEST_STEP][PASSED] - verifyElementAttributeValue: Object 'Object Repository/SearchResultPage/SearchItemTab/CatalogItems/Favorite Button For ITEM1' has attribute 'ng-reflect-icon' with value 'heart-fill'

2018-07-05 21:07:21 - [MESSAGE][PASSED] - Object 'Object Repository/SearchResultPage/SearchItemTab/CatalogItems/Favorite Button For ITEM1' has attribute 'ng-reflect-icon' with value 'heart-fill'

2018-07-05 21:07:21 - [TEST_STEP][PASSED] - Statement - If (Attribute2 == "heart-fill"): Object 'Object Repository/SearchResultPage/SearchItemTab/CatalogItems/Favorite Button For Item3' has attribute 'ng-reflect-icon' with value 'heart-fill'

2018-07-05 21:07:21 - [TEST_STEP][PASSED] - mouseOver: Object: 'Object Repository/SearchResultPage/SearchItemTab/CatalogItems/Favorite Button For Item3' is hovered

2018-07-05 21:07:21 - [MESSAGE][PASSED] - Object: 'Object Repository/SearchResultPage/SearchItemTab/CatalogItems/Favorite Button For Item3' is hovered

2018-07-05 21:07:21 - [TEST_STEP][PASSED] - click: Object: 'Object Repository/SearchResultPage/SearchItemTab/CatalogItems/Favorite Button For Item3' is clicked on

2018-07-05 21:07:21 - [MESSAGE][PASSED] - Object: 'Object Repository/SearchResultPage/SearchItemTab/CatalogItems/Favorite Button For Item3' is clicked on

2018-07-05 21:07:21 - [TEST_STEP][PASSED] - delay: Delayed 2 second(s)

2018-07-05 21:07:23 - [MESSAGE][PASSED] - Delayed 2 second(s)

2018-07-05 21:07:23 - [TEST_STEP][PASSED] - click: Object: 'Object Repository/SearchResultPage/SearchItemTab/CatalogItems/Favorite Button For Item3' is clicked on

2018-07-05 21:07:23 - [MESSAGE][PASSED] - Object: 'Object Repository/SearchResultPage/SearchItemTab/CatalogItems/Favorite Button For Item3' is clicked on

2018-07-05 21:07:23 - [TEST_STEP][PASSED] - delay: Delayed 3 second(s)

2018-07-05 21:07:26 - [MESSAGE][PASSED] - Delayed 3 second(s)

2018-07-05 21:07:26 - [TEST_STEP][PASSED] - verifyElementAttributeValue: Object 'Object Repository/SearchResultPage/SearchItemTab/CatalogItems/Favorite Button For Item3' has attribute 'ng-reflect-icon' with value 'heart-fill'

2018-07-05 21:07:26 - [MESSAGE][PASSED] - Object 'Object Repository/SearchResultPage/SearchItemTab/CatalogItems/Favorite Button For Item3' has attribute 'ng-reflect-icon' with value 'heart-fill'

2018-07-05 21:07:26 - [TEST_STEP][PASSED] - click: Object: 'Object Repository/Home' is clicked on

2018-07-05 21:07:27 - [MESSAGE][PASSED] - Object: 'Object Repository/Home' is clicked on

2018-07-05 21:07:27 - [TEST_STEP][PASSED] - click: Object: 'Object Repository/OnlineStorePage/HeaderTab/FavoritesAndPreviouslyUsedTab/Favorite' is clicked on

2018-07-05 21:07:28 - [MESSAGE][PASSED] - Object: 'Object Repository/OnlineStorePage/HeaderTab/FavoritesAndPreviouslyUsedTab/Favorite' is clicked on

2018-07-05 21:07:28 - [TEST_STEP][PASSED] - click: Object: 'Object Repository/OnlineStorePage/HeaderTab/FavoritesAndPreviouslyUsedTab/Verify ITEM1' is clicked on

2018-07-05 21:07:28 - [MESSAGE][PASSED] - Object: 'Object Repository/OnlineStorePage/HeaderTab/FavoritesAndPreviouslyUsedTab/Verify ITEM1' is clicked on

2018-07-05 21:07:28 - [TEST_STEP][PASSED] - click: Object: 'Object Repository/OnlineStorePage/HeaderTab/FavoritesAndPreviouslyUsedTab/Item Section/Attachment Tab' is clicked on

2018-07-05 21:07:28 - [MESSAGE][PASSED] - Object: 'Object Repository/OnlineStorePage/HeaderTab/FavoritesAndPreviouslyUsedTab/Item Section/Attachment Tab' is clicked on

2018-07-05 21:07:28 - [TEST_STEP][PASSED] - verifyElementText: Actual text and expected text of test object 'Object Repository/OnlineStorePage/HeaderTab/FavoritesAndPreviouslyUsedTab/Item Section/Verify No Attachment Display' are matched.

2018-07-05 21:07:28 - [MESSAGE][PASSED] - Actual text and expected text of test object 'Object Repository/OnlineStorePage/HeaderTab/FavoritesAndPreviouslyUsedTab/Item Section/Verify No Attachment Display' are matched.

2018-07-05 21:07:28 - [TEST_STEP][PASSED] - closeBrowser: Browser is closed

2018-07-05 21:07:29 - [MESSAGE][PASSED] - Browser is closed]]></system-out>
         <system-err><![CDATA[]]></system-err>
      </testcase>
[...]
         <failure type="FAILED" message="Unable to click on object 'Object Repository/Popups/Empty cart/Yes Button' (Root cause: org.openqa.selenium.ElementNotVisibleException: Element is not currently visible and so may not be interacted with
Command duration or timeout: 0 milliseconds)"/>
         <system-out><![CDATA[2018-07-06 00:20:00 - [TEST_CASE][FAILED] - Test Cases/DDS-280/DDS-4315 Add cart to basket Empty cart and checkout button should be disabled if cart is empty: Test Cases/DDS-280/DDS-4315 Add cart to basket Empty cart and checkout button should be disabled if cart is empty FAILED because (of) Unable to click on object 'Object Repository/Popups/Empty cart/Yes Button' (Root cause: org.openqa.selenium.ElementNotVisibleException: Element is not currently visible and so may not be interacted with
Command duration or timeout: 0 milliseconds)

2018-07-06 00:20:00 - [TEST_STEP][PASSED] - callTestCase: Call Test Case 'Test Cases/CommonLibraries/Search By Item' successfully

2018-07-06 00:20:01 - [TEST_CASE][PASSED] - Test Cases/CommonLibraries/Search By Item: Test Cases/CommonLibraries/Search By Item

2018-07-06 00:20:01 - [TEST_STEP][PASSED] - callTestCase: Call Test Case 'Test Cases/CommonLibraries/Login' successfully

2018-07-06 00:20:01 - [TEST_CASE][PASSED] - Test Cases/CommonLibraries/Login: Test Cases/CommonLibraries/Login

2018-07-06 00:20:01 - [TEST_STEP][PASSED] - openBrowser: Browser is opened with url: 'https://smtlogin.zycus.net/sso/login?serviceName=http://eproc-qa.zycus.net/'

2018-07-06 00:20:01 - [MESSAGE][WARNING] - A browser is already opened. Closing browser and opening a new one

2018-07-06 00:20:10 - [MESSAGE][PASSED] - Browser is opened with url: 'https://smtlogin.zycus.net/sso/login?serviceName=http://eproc-qa.zycus.net/'

2018-07-06 00:20:10 - [TEST_STEP][PASSED] - maximizeWindow: Current window maximized

2018-07-06 00:20:10 - [MESSAGE][PASSED] - Current window maximized

2018-07-06 00:20:10 - [TEST_STEP][PASSED] - waitForElementVisible: Object 'Object Repository/LoginPage/UserID' is visible

2018-07-06 00:20:11 - [MESSAGE][PASSED] - Object 'Object Repository/LoginPage/UserID' is visible

2018-07-06 00:20:11 - [TEST_STEP][PASSED] - sendKeys: Keys 'monicaqa@zycus.com' sent to object: 'Object Repository/LoginPage/UserID'

2018-07-06 00:20:11 - [MESSAGE][PASSED] - Keys 'monicaqa@zycus.com' sent to object: 'Object Repository/LoginPage/UserID'

2018-07-06 00:20:11 - [TEST_STEP][PASSED] - sendKeys: Keys 'eProc@123' sent to object: 'Object Repository/LoginPage/Password'

2018-07-06 00:20:11 - [MESSAGE][PASSED] - Keys 'eProc@123' sent to object: 'Object Repository/LoginPage/Password'

2018-07-06 00:20:11 - [TEST_STEP][PASSED] - click: Object: 'Object Repository/LoginPage/LoginButton' is clicked on

2018-07-06 00:20:14 - [MESSAGE][PASSED] - Object: 'Object Repository/LoginPage/LoginButton' is clicked on

2018-07-06 00:20:14 - [MESSAGE][PASSED] - Call Test Case 'Test Cases/CommonLibraries/Login' successfully

2018-07-06 00:20:14 - [TEST_STEP][PASSED] - waitForElementPresent: Object 'Object Repository/OnlineStorePage/Search Box' is present

2018-07-06 00:20:41 - [MESSAGE][PASSED] - Object 'Object Repository/OnlineStorePage/Search Box' is present

2018-07-06 00:20:41 - [TEST_STEP][PASSED] - waitForPageLoad: Wait for page load successfully

2018-07-06 00:20:41 - [MESSAGE][PASSED] - Wait for page load successfully

2018-07-06 00:20:41 - [TEST_STEP][PASSED] - sendKeys: Keys 'Item' sent to object: 'Object Repository/OnlineStorePage/Search Box'

2018-07-06 00:20:41 - [MESSAGE][PASSED] - Keys 'Item' sent to object: 'Object Repository/OnlineStorePage/Search Box'

2018-07-06 00:20:41 - [TEST_STEP][PASSED] - click: Object: 'Object Repository/OnlineStorePage/Search Icon' is clicked on

2018-07-06 00:20:41 - [MESSAGE][PASSED] - Object: 'Object Repository/OnlineStorePage/Search Icon' is clicked on

2018-07-06 00:20:41 - [MESSAGE][PASSED] - Call Test Case 'Test Cases/CommonLibraries/Search By Item' successfully

2018-07-06 00:20:41 - [TEST_STEP][PASSED] - waitForElementVisible: Object 'Object Repository/SearchResultPage/SearchItemTab/CatalogItems/Check Box For 3 Row Item List' is visible

2018-07-06 00:20:49 - [MESSAGE][PASSED] - Object 'Object Repository/SearchResultPage/SearchItemTab/CatalogItems/Check Box For 3 Row Item List' is visible

2018-07-06 00:20:49 - [TEST_STEP][PASSED] - click: Object: 'Object Repository/SearchResultPage/SearchItemTab/CatalogItems/Check Box For 3 Row Item List' is clicked on

2018-07-06 00:20:49 - [MESSAGE][PASSED] - Object: 'Object Repository/SearchResultPage/SearchItemTab/CatalogItems/Check Box For 3 Row Item List' is clicked on

2018-07-06 00:20:49 - [TEST_STEP][PASSED] - click: Object: 'Object Repository/SearchResultPage/SearchItemTab/CatalogItems/AddToCart_MultipleItem' is clicked on

2018-07-06 00:20:49 - [MESSAGE][PASSED] - Object: 'Object Repository/SearchResultPage/SearchItemTab/CatalogItems/AddToCart_MultipleItem' is clicked on

2018-07-06 00:20:49 - [TEST_STEP][PASSED] - click: Object: 'Object Repository/OnlineStorePage/CartIcon' is clicked on

2018-07-06 00:20:49 - [MESSAGE][PASSED] - Object: 'Object Repository/OnlineStorePage/CartIcon' is clicked on

2018-07-06 00:20:49 - [TEST_STEP][PASSED] - click: Object: 'Object Repository/Cart Page/Empty Cart Button' is clicked on

2018-07-06 00:20:49 - [MESSAGE][PASSED] - Object: 'Object Repository/Cart Page/Empty Cart Button' is clicked on

2018-07-06 00:20:49 - [TEST_STEP][PASSED] - delay: Delayed 2 second(s)

2018-07-06 00:20:51 - [MESSAGE][PASSED] - Delayed 2 second(s)

2018-07-06 00:20:51 - [TEST_STEP][FAILED] - click: Unable to click on object 'Object Repository/Popups/Empty cart/Yes Button' (Root cause: org.openqa.selenium.ElementNotVisibleException: Element is not currently visible and so may not be interacted with
Command duration or timeout: 0 milliseconds)

2018-07-06 00:20:52 - [MESSAGE][FAILED] - Unable to click on object 'Object Repository/Popups/Empty cart/Yes Button' (Root cause: org.openqa.selenium.ElementNotVisibleException: Element is not currently visible and so may not be interacted with
Command duration or timeout: 0 milliseconds)
[[ATTACHMENT|C:\\Users\\vikas.kiroula\\git\\eProc\\Reports\\VikasTestCase\\20180705_205940\\1530816652040.png]]]]></system-out>
         <system-err><![CDATA[2018-07-06 00:20:00 - [TEST_CASE][FAILED] - Test Cases/DDS-280/DDS-4315 Add cart to basket Empty cart and checkout button should be disabled if cart is empty: Test Cases/DDS-280/DDS-4315 Add cart to basket Empty cart and checkout button should be disabled if cart is empty FAILED because (of) Unable to click on object 'Object Repository/Popups/Empty cart/Yes Button' (Root cause: org.openqa.selenium.ElementNotVisibleException: Element is not currently visible and so may not be interacted with
Command duration or timeout: 0 milliseconds)]]></system-err>
      </testcase>
      <testcase name="Test Cases/CommonLibraries/Login" classname="Test Cases/CommonLibraries/Login" status="PASSED">
         <system-out><![CDATA[2018-07-06 00:20:52 - [TEST_CASE][PASSED] - Test Cases/CommonLibraries/Login: Test Cases/CommonLibraries/Login

2018-07-06 00:20:52 - [TEST_STEP][PASSED] - openBrowser: Browser is opened with url: 'https://smtlogin.zycus.net/sso/login?serviceName=http://eproc-qa.zycus.net/'

2018-07-06 00:20:52 - [MESSAGE][WARNING] - A browser is already opened. Closing browser and opening a new one

2018-07-06 00:21:03 - [MESSAGE][PASSED] - Browser is opened with url: 'https://smtlogin.zycus.net/sso/login?serviceName=http://eproc-qa.zycus.net/'

2018-07-06 00:21:03 - [TEST_STEP][PASSED] - maximizeWindow: Current window maximized

2018-07-06 00:21:03 - [MESSAGE][PASSED] - Current window maximized

2018-07-06 00:21:03 - [TEST_STEP][PASSED] - waitForElementVisible: Object 'Object Repository/LoginPage/UserID' is visible

2018-07-06 00:21:03 - [MESSAGE][PASSED] - Object 'Object Repository/LoginPage/UserID' is visible

2018-07-06 00:21:03 - [TEST_STEP][PASSED] - sendKeys: Keys 'monicaqa@zycus.com' sent to object: 'Object Repository/LoginPage/UserID'

2018-07-06 00:21:03 - [MESSAGE][PASSED] - Keys 'monicaqa@zycus.com' sent to object: 'Object Repository/LoginPage/UserID'

2018-07-06 00:21:03 - [TEST_STEP][PASSED] - sendKeys: Keys 'eProc@123' sent to object: 'Object Repository/LoginPage/Password'

2018-07-06 00:21:03 - [MESSAGE][PASSED] - Keys 'eProc@123' sent to object: 'Object Repository/LoginPage/Password'

2018-07-06 00:21:03 - [TEST_STEP][PASSED] - click: Object: 'Object Repository/LoginPage/LoginButton' is clicked on

2018-07-06 00:21:06 - [MESSAGE][PASSED] - Object: 'Object Repository/LoginPage/LoginButton' is clicked on]]></system-out>
         <system-err><![CDATA[]]></system-err>
      </testcase>
      <testcase name="Test Cases/CommonLibraries/Logout" classname="Test Cases/CommonLibraries/Logout" status="PASSED">
         <system-out><![CDATA[2018-07-06 00:21:06 - [TEST_CASE][PASSED] - Test Cases/CommonLibraries/Logout: Test Cases/CommonLibraries/Logout

2018-07-06 00:21:07 - [TEST_STEP][PASSED] - Statement - return null: null]]></system-out>
         <system-err><![CDATA[]]></system-err>
      </testcase>
      <testcase name="Test Cases/CommonLibraries/Search By Item" classname="Test Cases/CommonLibraries/Search By Item" status="PASSED">
         <system-out><![CDATA[2018-07-06 00:21:07 - [TEST_CASE][PASSED] - Test Cases/CommonLibraries/Search By Item: Test Cases/CommonLibraries/Search By Item

2018-07-06 00:21:07 - [TEST_STEP][PASSED] - callTestCase: Call Test Case 'Test Cases/CommonLibraries/Login' successfully

2018-07-06 00:21:07 - [TEST_CASE][PASSED] - Test Cases/CommonLibraries/Login: Test Cases/CommonLibraries/Login

2018-07-06 00:21:07 - [TEST_STEP][PASSED] - openBrowser: Browser is opened with url: 'https://smtlogin.zycus.net/sso/login?serviceName=http://eproc-qa.zycus.net/'

2018-07-06 00:21:07 - [MESSAGE][WARNING] - A browser is already opened. Closing browser and opening a new one

2018-07-06 00:21:17 - [MESSAGE][PASSED] - Browser is opened with url: 'https://smtlogin.zycus.net/sso/login?serviceName=http://eproc-qa.zycus.net/'

2018-07-06 00:21:17 - [TEST_STEP][PASSED] - maximizeWindow: Current window maximized

2018-07-06 00:21:17 - [MESSAGE][PASSED] - Current window maximized

2018-07-06 00:21:17 - [TEST_STEP][PASSED] - waitForElementVisible: Object 'Object Repository/LoginPage/UserID' is visible

2018-07-06 00:21:17 - [MESSAGE][PASSED] - Object 'Object Repository/LoginPage/UserID' is visible

2018-07-06 00:21:17 - [TEST_STEP][PASSED] - sendKeys: Keys 'monicaqa@zycus.com' sent to object: 'Object Repository/LoginPage/UserID'

2018-07-06 00:21:17 - [MESSAGE][PASSED] - Keys 'monicaqa@zycus.com' sent to object: 'Object Repository/LoginPage/UserID'

2018-07-06 00:21:17 - [TEST_STEP][PASSED] - sendKeys: Keys 'eProc@123' sent to object: 'Object Repository/LoginPage/Password'

2018-07-06 00:21:17 - [MESSAGE][PASSED] - Keys 'eProc@123' sent to object: 'Object Repository/LoginPage/Password'

2018-07-06 00:21:17 - [TEST_STEP][PASSED] - click: Object: 'Object Repository/LoginPage/LoginButton' is clicked on

2018-07-06 00:21:21 - [MESSAGE][PASSED] - Object: 'Object Repository/LoginPage/LoginButton' is clicked on

2018-07-06 00:21:21 - [MESSAGE][PASSED] - Call Test Case 'Test Cases/CommonLibraries/Login' successfully

2018-07-06 00:21:21 - [TEST_STEP][PASSED] - waitForElementPresent: Object 'Object Repository/OnlineStorePage/Search Box' is present

2018-07-06 00:21:53 - [MESSAGE][PASSED] - Object 'Object Repository/OnlineStorePage/Search Box' is present

2018-07-06 00:21:53 - [TEST_STEP][PASSED] - waitForPageLoad: Wait for page load successfully

2018-07-06 00:21:53 - [MESSAGE][PASSED] - Wait for page load successfully

2018-07-06 00:21:53 - [TEST_STEP][PASSED] - sendKeys: Keys 'Item' sent to object: 'Object Repository/OnlineStorePage/Search Box'

2018-07-06 00:21:53 - [MESSAGE][PASSED] - Keys 'Item' sent to object: 'Object Repository/OnlineStorePage/Search Box'

2018-07-06 00:21:53 - [TEST_STEP][PASSED] - click: Object: 'Object Repository/OnlineStorePage/Search Icon' is clicked on

2018-07-06 00:21:53 - [MESSAGE][PASSED] - Object: 'Object Repository/OnlineStorePage/Search Icon' is clicked on]]></system-out>
         <system-err><![CDATA[]]></system-err>
      </testcase>
      <testcase name="Test Cases/CommonLibraries/Search By Laptop" classname="Test Cases/CommonLibraries/Search By Laptop" status="PASSED">
         <system-out><![CDATA[2018-07-06 00:21:53 - [TEST_CASE][PASSED] - Test Cases/CommonLibraries/Search By Laptop: Test Cases/CommonLibraries/Search By Laptop

2018-07-06 00:21:53 - [TEST_STEP][PASSED] - callTestCase: Call Test Case 'Test Cases/CommonLibraries/Login' successfully

2018-07-06 00:21:53 - [TEST_CASE][PASSED] - Test Cases/CommonLibraries/Login: Test Cases/CommonLibraries/Login

2018-07-06 00:21:53 - [TEST_STEP][PASSED] - openBrowser: Browser is opened with url: 'https://smtlogin.zycus.net/sso/login?serviceName=http://eproc-qa.zycus.net/'

2018-07-06 00:21:53 - [MESSAGE][WARNING] - A browser is already opened. Closing browser and opening a new one

2018-07-06 00:22:08 - [MESSAGE][PASSED] - Browser is opened with url: 'https://smtlogin.zycus.net/sso/login?serviceName=http://eproc-qa.zycus.net/'

2018-07-06 00:22:08 - [TEST_STEP][PASSED] - maximizeWindow: Current window maximized

2018-07-06 00:22:08 - [MESSAGE][PASSED] - Current window maximized

2018-07-06 00:22:08 - [TEST_STEP][PASSED] - waitForElementVisible: Object 'Object Repository/LoginPage/UserID' is visible

2018-07-06 00:22:08 - [MESSAGE][PASSED] - Object 'Object Repository/LoginPage/UserID' is visible

2018-07-06 00:22:08 - [TEST_STEP][PASSED] - sendKeys: Keys 'monicaqa@zycus.com' sent to object: 'Object Repository/LoginPage/UserID'

2018-07-06 00:22:08 - [MESSAGE][PASSED] - Keys 'monicaqa@zycus.com' sent to object: 'Object Repository/LoginPage/UserID'

2018-07-06 00:22:08 - [TEST_STEP][PASSED] - sendKeys: Keys 'eProc@123' sent to object: 'Object Repository/LoginPage/Password'

2018-07-06 00:22:08 - [MESSAGE][PASSED] - Keys 'eProc@123' sent to object: 'Object Repository/LoginPage/Password'

2018-07-06 00:22:08 - [TEST_STEP][PASSED] - click: Object: 'Object Repository/LoginPage/LoginButton' is clicked on

2018-07-06 00:22:13 - [MESSAGE][PASSED] - Object: 'Object Repository/LoginPage/LoginButton' is clicked on

2018-07-06 00:22:13 - [MESSAGE][PASSED] - Call Test Case 'Test Cases/CommonLibraries/Login' successfully

2018-07-06 00:22:13 - [TEST_STEP][PASSED] - waitForPageLoad: Wait for page load successfully

2018-07-06 00:22:13 - [MESSAGE][PASSED] - Wait for page load successfully

2018-07-06 00:22:13 - [TEST_STEP][PASSED] - sendKeys: Keys 'Laptop' sent to object: 'Object Repository/OnlineStorePage/Search Box'

2018-07-06 00:22:44 - [MESSAGE][PASSED] - Keys 'Laptop' sent to object: 'Object Repository/OnlineStorePage/Search Box'

2018-07-06 00:22:44 - [TEST_STEP][PASSED] - click: Object: 'Object Repository/OnlineStorePage/Search Icon' is clicked on

2018-07-06 00:22:45 - [MESSAGE][PASSED] - Object: 'Object Repository/OnlineStorePage/Search Icon' is clicked on]]></system-out>
         <system-err><![CDATA[]]></system-err>
      </testcase>
      <testcase name="Test Cases/CommonLibraries/Search By Pen" classname="Test Cases/CommonLibraries/Search By Pen" status="PASSED">
         <system-out><![CDATA[2018-07-06 00:22:45 - [TEST_CASE][PASSED] - Test Cases/CommonLibraries/Search By Pen: Test Cases/CommonLibraries/Search By Pen

2018-07-06 00:22:45 - [TEST_STEP][PASSED] - callTestCase: Call Test Case 'Test Cases/CommonLibraries/Login' successfully

2018-07-06 00:22:45 - [TEST_CASE][PASSED] - Test Cases/CommonLibraries/Login: Test Cases/CommonLibraries/Login

2018-07-06 00:22:45 - [TEST_STEP][PASSED] - openBrowser: Browser is opened with url: 'https://smtlogin.zycus.net/sso/login?serviceName=http://eproc-qa.zycus.net/'

2018-07-06 00:22:45 - [MESSAGE][WARNING] - A browser is already opened. Closing browser and opening a new one

2018-07-06 00:22:57 - [MESSAGE][PASSED] - Browser is opened with url: 'https://smtlogin.zycus.net/sso/login?serviceName=http://eproc-qa.zycus.net/'

2018-07-06 00:22:57 - [TEST_STEP][PASSED] - maximizeWindow: Current window maximized

2018-07-06 00:22:57 - [MESSAGE][PASSED] - Current window maximized

2018-07-06 00:22:57 - [TEST_STEP][PASSED] - waitForElementVisible: Object 'Object Repository/LoginPage/UserID' is visible

2018-07-06 00:22:57 - [MESSAGE][PASSED] - Object 'Object Repository/LoginPage/UserID' is visible

2018-07-06 00:22:57 - [TEST_STEP][PASSED] - sendKeys: Keys 'monicaqa@zycus.com' sent to object: 'Object Repository/LoginPage/UserID'

2018-07-06 00:22:57 - [MESSAGE][PASSED] - Keys 'monicaqa@zycus.com' sent to object: 'Object Repository/LoginPage/UserID'

2018-07-06 00:22:57 - [TEST_STEP][PASSED] - sendKeys: Keys 'eProc@123' sent to object: 'Object Repository/LoginPage/Password'

2018-07-06 00:22:57 - [MESSAGE][PASSED] - Keys 'eProc@123' sent to object: 'Object Repository/LoginPage/Password'

2018-07-06 00:22:57 - [TEST_STEP][PASSED] - click: Object: 'Object Repository/LoginPage/LoginButton' is clicked on

2018-07-06 00:23:01 - [MESSAGE][PASSED] - Object: 'Object Repository/LoginPage/LoginButton' is clicked on

2018-07-06 00:23:01 - [MESSAGE][PASSED] - Call Test Case 'Test Cases/CommonLibraries/Login' successfully

2018-07-06 00:23:01 - [TEST_STEP][PASSED] - waitForPageLoad: Wait for page load successfully

2018-07-06 00:23:01 - [MESSAGE][PASSED] - Wait for page load successfully

2018-07-06 00:23:01 - [TEST_STEP][PASSED] - sendKeys: Keys 'Pen' sent to object: 'Object Repository/OnlineStorePage/Search Box'

2018-07-06 00:23:26 - [MESSAGE][PASSED] - Keys 'Pen' sent to object: 'Object Repository/OnlineStorePage/Search Box'

2018-07-06 00:23:26 - [TEST_STEP][PASSED] - waitForElementPresent: Object 'Object Repository/OnlineStorePage/Search Box' is present

2018-07-06 00:23:26 - [MESSAGE][PASSED] - Object 'Object Repository/OnlineStorePage/Search Box' is present

2018-07-06 00:23:26 - [TEST_STEP][PASSED] - click: Object: 'Object Repository/OnlineStorePage/Search Icon' is clicked on

2018-07-06 00:23:26 - [MESSAGE][PASSED] - Object: 'Object Repository/OnlineStorePage/Search Icon' is clicked on]]></system-out>
         <system-err><![CDATA[]]></system-err>
      </testcase>
      <system-out><![CDATA[2018-07-05 20:59:41 - [TEST_SUITE][FAILED] - VikasTestCase: Test Cases/DDS-2053/DDS-3906 User should be able to remove item(s) from the favourites section FAILED because (of) Unable to click on object 'Object Repository/OnlineStorePage/HeaderTab/FavoritesAndPreviouslyUsedTab/View All Section/Menu Icon' (Root cause: com.kms.katalon.core.webui.exception.WebElementNotFoundException: Web element with id: 'Object Repository/OnlineStorePage/HeaderTab/FavoritesAndPreviouslyUsedTab/View All Section/Menu Icon' located by 'By.xpath: //dew-icon[@ng-reflect-icon='menu']' not found)]]></system-out>
      <system-err><![CDATA[2018-07-05 20:59:41 - [TEST_SUITE][FAILED] - VikasTestCase: Test Cases/DDS-2053/DDS-3906 User should be able to remove item(s) from the favourites section FAILED because (of) Unable to click on object 'Object Repository/OnlineStorePage/HeaderTab/FavoritesAndPreviouslyUsedTab/View All Section/Menu Icon' (Root cause: com.kms.katalon.core.webui.exception.WebElementNotFoundException: Web element with id: 'Object Repository/OnlineStorePage/HeaderTab/FavoritesAndPreviouslyUsedTab/View All Section/Menu Icon' located by 'By.xpath: //dew-icon[@ng-reflect-icon='menu']' not found)]]></system-err>
   </testsuite>
</testsuites>
