<?xml version="1.0" encoding="UTF-8"?>
<testsuites name="Run" time="7543" tests="62" failures="39" errors="27">
   <testsuite name="Run" tests="62" failures="39" errors="27" time="7543" timestamp="2018-07-02 20:30:17" hostname="vikas.kiroula - ZIPLBLRSY139.zycus.net" id="Test Suites/Run">
      <properties>
[...]
</properties>
      <testcase name="Test Cases/DDS-2052/DDS-3844" classname="Test Cases/DDS-2052/DDS-3844" status="FAILED">
         <failure type="FAILED" message="Unable to double click on object 'Object Repository/BasketsPage/NewBasket' (Root cause: com.kms.katalon.core.webui.exception.WebElementNotFoundException: Web element with id: 'Object Repository/BasketsPage/NewBasket' located by 'By.xpath: //*[@id='all-baskets']/dew-row/dew-col[1]/eproc-basket-card/dew-card/dew-card-body/dew-flex/dew-flex-item[1]/span' not found)"/>
         <system-out><![CDATA[2018-07-02 20:30:17 - [TEST_CASE][FAILED] - Test Cases/DDS-2052/DDS-3844: Test Cases/DDS-2052/DDS-3844 FAILED because (of) Unable to double click on object 'Object Repository/BasketsPage/NewBasket' (Root cause: com.kms.katalon.core.webui.exception.WebElementNotFoundException: Web element with id: 'Object Repository/BasketsPage/NewBasket' located by 'By.xpath: //*[@id='all-baskets']/dew-row/dew-col[1]/eproc-basket-card/dew-card/dew-card-body/dew-flex/dew-flex-item[1]/span' not found)

2018-07-02 20:30:17 - [TEST_STEP][PASSED] - callTestCase: Call Test Case 'Test Cases/CommonLibraries/Search By Item' successfully

2018-07-02 20:30:17 - [TEST_CASE][PASSED] - Test Cases/CommonLibraries/Search By Item: Test Cases/CommonLibraries/Search By Item

2018-07-02 20:30:17 - [TEST_STEP][PASSED] - callTestCase: Call Test Case 'Test Cases/CommonLibraries/Login' successfully

2018-07-02 20:30:17 - [TEST_CASE][PASSED] - Test Cases/CommonLibraries/Login: Test Cases/CommonLibraries/Login

2018-07-02 20:30:18 - [TEST_STEP][PASSED] - openBrowser: Browser is opened with url: 'https://smtlogin.zycus.net/sso/login?serviceName=http://eproc-qa.zycus.net/'

2018-07-02 20:30:28 - [MESSAGE][PASSED] - Browser is opened with url: 'https://smtlogin.zycus.net/sso/login?serviceName=http://eproc-qa.zycus.net/'

2018-07-02 20:30:28 - [TEST_STEP][PASSED] - maximizeWindow: Current window maximized

2018-07-02 20:30:28 - [MESSAGE][PASSED] - Current window maximized

2018-07-02 20:30:28 - [TEST_STEP][PASSED] - waitForElementVisible: Object 'Object Repository/LoginPage/UserID' is visible

2018-07-02 20:30:29 - [MESSAGE][PASSED] - Object 'Object Repository/LoginPage/UserID' is visible

2018-07-02 20:30:29 - [TEST_STEP][PASSED] - sendKeys: Keys 'monicaqa@zycus.com' sent to object: 'Object Repository/LoginPage/UserID'

2018-07-02 20:30:29 - [MESSAGE][PASSED] - Keys 'monicaqa@zycus.com' sent to object: 'Object Repository/LoginPage/UserID'

2018-07-02 20:30:29 - [TEST_STEP][PASSED] - sendKeys: Keys 'eProc@123' sent to object: 'Object Repository/LoginPage/Password'

2018-07-02 20:30:29 - [MESSAGE][PASSED] - Keys 'eProc@123' sent to object: 'Object Repository/LoginPage/Password'

2018-07-02 20:30:29 - [TEST_STEP][PASSED] - click: Object: 'Object Repository/LoginPage/LoginButton' is clicked on

2018-07-02 20:30:35 - [MESSAGE][PASSED] - Object: 'Object Repository/LoginPage/LoginButton' is clicked on

2018-07-02 20:30:35 - [MESSAGE][PASSED] - Call Test Case 'Test Cases/CommonLibraries/Login' successfully

2018-07-02 20:30:35 - [TEST_STEP][PASSED] - waitForElementPresent: Object 'Object Repository/OnlineStorePage/Search Box' is present

2018-07-02 20:30:56 - [MESSAGE][PASSED] - Object 'Object Repository/OnlineStorePage/Search Box' is present

2018-07-02 20:30:56 - [TEST_STEP][PASSED] - waitForPageLoad: Wait for page load successfully

2018-07-02 20:30:56 - [MESSAGE][PASSED] - Wait for page load successfully

2018-07-02 20:30:56 - [TEST_STEP][PASSED] - sendKeys: Keys 'Item' sent to object: 'Object Repository/OnlineStorePage/Search Box'

2018-07-02 20:30:56 - [MESSAGE][PASSED] - Keys 'Item' sent to object: 'Object Repository/OnlineStorePage/Search Box'

2018-07-02 20:30:56 - [TEST_STEP][PASSED] - click: Object: 'Object Repository/OnlineStorePage/Search Icon' is clicked on

2018-07-02 20:30:57 - [MESSAGE][PASSED] - Object: 'Object Repository/OnlineStorePage/Search Icon' is clicked on

2018-07-02 20:30:57 - [MESSAGE][PASSED] - Call Test Case 'Test Cases/CommonLibraries/Search By Item' successfully

2018-07-02 20:30:57 - [TEST_STEP][PASSED] - delay: Delayed 20 second(s)

2018-07-02 20:31:17 - [MESSAGE][PASSED] - Delayed 20 second(s)

2018-07-02 20:31:17 - [TEST_STEP][PASSED] - click: Object: 'Object Repository/SearchResultPage/SearchItemTab/CatalogItems/Check Box For 1 Row Item List' is clicked on

2018-07-02 20:31:21 - [MESSAGE][PASSED] - Object: 'Object Repository/SearchResultPage/SearchItemTab/CatalogItems/Check Box For 1 Row Item List' is clicked on

2018-07-02 20:31:21 - [TEST_STEP][PASSED] - click: Object: 'Object Repository/SearchResultPage/SearchItemTab/CatalogItems/Check Box For 2 row item list' is clicked on

2018-07-02 20:31:21 - [MESSAGE][PASSED] - Object: 'Object Repository/SearchResultPage/SearchItemTab/CatalogItems/Check Box For 2 row item list' is clicked on

2018-07-02 20:31:21 - [TEST_STEP][PASSED] - doubleClick: Object: 'Object Repository/SearchResultPage/SearchItemTab/CatalogItems/AddToBasketMultipleItem' is double clicked on

2018-07-02 20:31:21 - [MESSAGE][PASSED] - Object: 'Object Repository/SearchResultPage/SearchItemTab/CatalogItems/AddToBasketMultipleItem' is double clicked on

2018-07-02 20:31:21 - [TEST_STEP][PASSED] - sendKeys: Keys 'vidhi11' sent to object: 'tempBody'

2018-07-02 20:31:21 - [MESSAGE][WARNING] - Test object with id 'Object Repository/Popups/AddToBasket/BasketNameInputBox' does not exist

2018-07-02 20:31:21 - [MESSAGE][WARNING] - Test object with id 'Object Repository/' does not exist

2018-07-02 20:31:22 - [MESSAGE][PASSED] - Keys 'vidhi11' sent to object: 'tempBody'

2018-07-02 20:31:22 - [TEST_STEP][PASSED] - doubleClick: Object: 'Object Repository/Popups/AddToBasket/ButtonAddToBasket' is double clicked on

2018-07-02 20:31:22 - [MESSAGE][PASSED] - Object: 'Object Repository/Popups/AddToBasket/ButtonAddToBasket' is double clicked on

2018-07-02 20:31:22 - [TEST_STEP][PASSED] - delay: Delayed 5 second(s)

2018-07-02 20:31:27 - [MESSAGE][PASSED] - Delayed 5 second(s)

2018-07-02 20:31:27 - [TEST_STEP][PASSED] - back: Navigate back successfully

2018-07-02 20:31:27 - [MESSAGE][PASSED] - Navigate back successfully

2018-07-02 20:31:27 - [TEST_STEP][PASSED] - delay: Delayed 10 second(s)

2018-07-02 20:31:37 - [MESSAGE][PASSED] - Delayed 10 second(s)

2018-07-02 20:31:37 - [TEST_STEP][PASSED] - doubleClick: Object: 'Object Repository/OnlineStorePage/HeaderTab/BasketsTab/BasketsTab' is double clicked on

2018-07-02 20:31:37 - [MESSAGE][PASSED] - Object: 'Object Repository/OnlineStorePage/HeaderTab/BasketsTab/BasketsTab' is double clicked on

2018-07-02 20:31:37 - [TEST_STEP][PASSED] - doubleClick: Object: 'Object Repository/OnlineStorePage/HeaderTab/BasketsTab/ViewAllButton' is double clicked on

2018-07-02 20:31:37 - [MESSAGE][PASSED] - Object: 'Object Repository/OnlineStorePage/HeaderTab/BasketsTab/ViewAllButton' is double clicked on

2018-07-02 20:31:37 - [TEST_STEP][FAILED] - doubleClick: Unable to double click on object 'Object Repository/BasketsPage/NewBasket' (Root cause: com.kms.katalon.core.webui.exception.WebElementNotFoundException: Web element with id: 'Object Repository/BasketsPage/NewBasket' located by 'By.xpath: //*[@id='all-baskets']/dew-row/dew-col[1]/eproc-basket-card/dew-card/dew-card-body/dew-flex/dew-flex-item[1]/span' not found)

2018-07-02 20:32:09 - [MESSAGE][FAILED] - Unable to double click on object 'Object Repository/BasketsPage/NewBasket' (Root cause: com.kms.katalon.core.webui.exception.WebElementNotFoundException: Web element with id: 'Object Repository/BasketsPage/NewBasket' located by 'By.xpath: //*[@id='all-baskets']/dew-row/dew-col[1]/eproc-basket-card/dew-card/dew-card-body/dew-flex/dew-flex-item[1]/span' not found)
[[ATTACHMENT|C:\\Users\\vikas.kiroula\\git\\eProc\\Reports\\Run\\20180702_203015\\1530543729271.png]]]]></system-out>
         <system-err><![CDATA[2018-07-02 20:30:17 - [TEST_CASE][FAILED] - Test Cases/DDS-2052/DDS-3844: Test Cases/DDS-2052/DDS-3844 FAILED because (of) Unable to double click on object 'Object Repository/BasketsPage/NewBasket' (Root cause: com.kms.katalon.core.webui.exception.WebElementNotFoundException: Web element with id: 'Object Repository/BasketsPage/NewBasket' located by 'By.xpath: //*[@id='all-baskets']/dew-row/dew-col[1]/eproc-basket-card/dew-card/dew-card-body/dew-flex/dew-flex-item[1]/span' not found)]]></system-err>
      </testcase>
      <testcase name="Test Cases/DDS-2052/DDS-3845" classname="Test Cases/DDS-2052/DDS-3845" status="ERROR">
         <error type="ERROR" message="Test Cases/DDS-2052/DDS-3845 FAILED because (of) java.lang.IllegalArgumentException: Cannot find test case with id 'Test Cases/common/Login Logout'"/>
         <system-out><![CDATA[2018-07-02 20:32:09 - [TEST_CASE][ERROR] - Test Cases/DDS-2052/DDS-3845: Test Cases/DDS-2052/DDS-3845 FAILED because (of) java.lang.IllegalArgumentException: Cannot find test case with id 'Test Cases/common/Login Logout'

2018-07-02 20:32:09 - [TEST_STEP][PASSED] - callTestCase: null]]></system-out>
         <system-err><![CDATA[2018-07-02 20:32:09 - [TEST_CASE][ERROR] - Test Cases/DDS-2052/DDS-3845: Test Cases/DDS-2052/DDS-3845 FAILED because (of) java.lang.IllegalArgumentException: Cannot find test case with id 'Test Cases/common/Login Logout']]></system-err>
      </testcase>
      <testcase name="Test Cases/DDS-2052/DDS-3856" classname="Test Cases/DDS-2052/DDS-3856" status="FAILED">
         <failure type="FAILED" message="Unable to click on object (Root cause: java.lang.IllegalArgumentException: Object is null)"/>
         <system-out><![CDATA[2018-07-02 20:32:09 - [TEST_CASE][FAILED] - Test Cases/DDS-2052/DDS-3856: Test Cases/DDS-2052/DDS-3856 FAILED because (of) Unable to click on object (Root cause: java.lang.IllegalArgumentException: Object is null)

2018-07-02 20:32:09 - [TEST_STEP][PASSED] - callTestCase: Call Test Case 'Test Cases/CommonLibraries/Login' successfully

2018-07-02 20:32:09 - [TEST_CASE][PASSED] - Test Cases/CommonLibraries/Login: Test Cases/CommonLibraries/Login

2018-07-02 20:32:09 - [TEST_STEP][PASSED] - openBrowser: Browser is opened with url: 'https://smtlogin.zycus.net/sso/login?serviceName=http://eproc-qa.zycus.net/'

2018-07-02 20:32:09 - [MESSAGE][WARNING] - A browser is already opened. Closing browser and opening a new one

2018-07-02 20:32:20 - [MESSAGE][PASSED] - Browser is opened with url: 'https://smtlogin.zycus.net/sso/login?serviceName=http://eproc-qa.zycus.net/'

2018-07-02 20:32:20 - [TEST_STEP][PASSED] - maximizeWindow: Current window maximized

2018-07-02 20:32:21 - [MESSAGE][PASSED] - Current window maximized

2018-07-02 20:32:21 - [TEST_STEP][PASSED] - waitForElementVisible: Object 'Object Repository/LoginPage/UserID' is visible

2018-07-02 20:32:21 - [MESSAGE][PASSED] - Object 'Object Repository/LoginPage/UserID' is visible

2018-07-02 20:32:21 - [TEST_STEP][PASSED] - sendKeys: Keys 'monicaqa@zycus.com' sent to object: 'Object Repository/LoginPage/UserID'

2018-07-02 20:32:21 - [MESSAGE][PASSED] - Keys 'monicaqa@zycus.com' sent to object: 'Object Repository/LoginPage/UserID'

2018-07-02 20:32:21 - [TEST_STEP][PASSED] - sendKeys: Keys 'eProc@123' sent to object: 'Object Repository/LoginPage/Password'

2018-07-02 20:32:21 - [MESSAGE][PASSED] - Keys 'eProc@123' sent to object: 'Object Repository/LoginPage/Password'

2018-07-02 20:32:21 - [TEST_STEP][PASSED] - click: Object: 'Object Repository/LoginPage/LoginButton' is clicked on

2018-07-02 20:32:29 - [MESSAGE][PASSED] - Object: 'Object Repository/LoginPage/LoginButton' is clicked on

2018-07-02 20:32:29 - [MESSAGE][PASSED] - Call Test Case 'Test Cases/CommonLibraries/Login' successfully

2018-07-02 20:32:29 - [TEST_STEP][PASSED] - delay: Delayed 10 second(s)

2018-07-02 20:32:39 - [MESSAGE][PASSED] - Delayed 10 second(s)

2018-07-02 20:32:39 - [TEST_STEP][PASSED] - doubleClick: Object: 'Object Repository/OnlineStorePage/CartIcon' is double clicked on

2018-07-02 20:32:49 - [MESSAGE][PASSED] - Object: 'Object Repository/OnlineStorePage/CartIcon' is double clicked on

2018-07-02 20:32:49 - [TEST_STEP][PASSED] - Statement - If (com.kms.katalon.core.webui.keyword.WebUiBuiltInKeywords.verifyElementAttributeValue(com.kms.katalon.core.testobject.ObjectRepository.findTestObject(Cart Page/Empty Cart Button), "ng-reflect-is-disabled", "false", 5) == true): Delayed 5 second(s)

2018-07-02 20:32:49 - [MESSAGE][PASSED] - Object 'Object Repository/Cart Page/Empty Cart Button' has attribute 'ng-reflect-is-disabled' with value 'false'

2018-07-02 20:32:49 - [TEST_STEP][PASSED] - doubleClick: Object: 'Object Repository/Cart Page/Empty Cart Button' is double clicked on

2018-07-02 20:32:49 - [MESSAGE][PASSED] - Object: 'Object Repository/Cart Page/Empty Cart Button' is double clicked on

2018-07-02 20:32:49 - [TEST_STEP][PASSED] - doubleClick: Object: 'Object Repository/Popups/Empty cart/Yes Button' is double clicked on

2018-07-02 20:32:49 - [MESSAGE][PASSED] - Object: 'Object Repository/Popups/Empty cart/Yes Button' is double clicked on

2018-07-02 20:32:49 - [TEST_STEP][PASSED] - delay: Delayed 5 second(s)

2018-07-02 20:32:54 - [MESSAGE][PASSED] - Delayed 5 second(s)

2018-07-02 20:32:54 - [TEST_STEP][PASSED] - back: Navigate back successfully

2018-07-02 20:32:55 - [MESSAGE][PASSED] - Navigate back successfully

2018-07-02 20:32:55 - [TEST_STEP][PASSED] - delay: Delayed 10 second(s)

2018-07-02 20:33:05 - [MESSAGE][PASSED] - Delayed 10 second(s)

2018-07-02 20:33:05 - [TEST_STEP][PASSED] - sendKeys: Keys 'Item' sent to object: 'Object Repository/OnlineStorePage/Search Box'

2018-07-02 20:33:18 - [MESSAGE][PASSED] - Keys 'Item' sent to object: 'Object Repository/OnlineStorePage/Search Box'

2018-07-02 20:33:18 - [TEST_STEP][PASSED] - click: Object: 'Object Repository/OnlineStorePage/Search Icon' is clicked on

2018-07-02 20:33:18 - [MESSAGE][PASSED] - Object: 'Object Repository/OnlineStorePage/Search Icon' is clicked on

2018-07-02 20:33:18 - [TEST_STEP][PASSED] - delay: Delayed 30 second(s)

2018-07-02 20:33:48 - [MESSAGE][PASSED] - Delayed 30 second(s)

2018-07-02 20:33:48 - [TEST_STEP][FAILED] - click: Unable to click on object (Root cause: java.lang.IllegalArgumentException: Object is null)

2018-07-02 20:33:48 - [MESSAGE][WARNING] - Test object with id 'Object Repository/SearchResultPage/SearchItemTab/CatalogItems/CheckboxFirstItem' does not exist

2018-07-02 20:33:48 - [MESSAGE][WARNING] - Test object with id 'Object Repository/' does not exist

2018-07-02 20:33:49 - [MESSAGE][FAILED] - Unable to click on object (Root cause: java.lang.IllegalArgumentException: Object is null)
[[ATTACHMENT|C:\\Users\\vikas.kiroula\\git\\eProc\\Reports\\Run\\20180702_203015\\1530543828400.png]]]]></system-out>
         <system-err><![CDATA[2018-07-02 20:32:09 - [TEST_CASE][FAILED] - Test Cases/DDS-2052/DDS-3856: Test Cases/DDS-2052/DDS-3856 FAILED because (of) Unable to click on object (Root cause: java.lang.IllegalArgumentException: Object is null)]]></system-err>
      </testcase>
      <testcase name="Test Cases/DDS-2052/DDS-3864" classname="Test Cases/DDS-2052/DDS-3864" status="FAILED">
         <failure type="FAILED" message="Unable to click on object 'Object Repository/Home' (Root cause: org.openqa.selenium.WebDriverException: Element &lt;li class=&quot;breadcrumb-item&quot;>&lt;/li> is not clickable at point (268.5, 81). Other element would receive the click: &lt;dew-modal _ngcontent-c21=&quot;&quot; ng-reflect-should-show=&quot;true&quot; ng-reflect-is-extra-small=&quot;true&quot; ng-reflect-title=&quot;Add to Basket&quot; class=&quot;show modal fade&quot;>&lt;/dew-modal>
Command duration or timeout: 0 milliseconds
Build info: version: '3.7.1', revision: '8a0099a', time: '2017-11-06T21:07:36.161Z'
System info: host: 'ZIPLBLRSY139', ip: '10.30.30.239', os.name: 'Windows 10', os.arch: 'amd64', os.version: '10.0', java.version: '1.8.0_102'
Driver info: com.kms.katalon.core.webui.driver.firefox.CFirefoxDriver47
Capabilities {acceptSslCerts: true, applicationCacheEnabled: true, browserName: firefox, cssSelectorsEnabled: true, databaseEnabled: true, handlesAlerts: true, javascriptEnabled: true, locationContextEnabled: true, nativeEvents: false, platform: WINDOWS, platformName: WINDOWS, rotatable: false, takesScreenshot: true, version: 52.0, webStorageEnabled: true}
Session ID: 46ca6070-50c4-4e5e-b1ad-27e0e769f37d)"/>
         <system-out><![CDATA[2018-07-02 20:33:49 - [TEST_CASE][FAILED] - Test Cases/DDS-2052/DDS-3864: Test Cases/DDS-2052/DDS-3864 FAILED because (of) Unable to click on object 'Object Repository/Home' (Root cause: org.openqa.selenium.WebDriverException: Element <li class="breadcrumb-item"></li> is not clickable at point (268.5, 81). Other element would receive the click: <dew-modal _ngcontent-c21="" ng-reflect-should-show="true" ng-reflect-is-extra-small="true" ng-reflect-title="Add to Basket" class="show modal fade"></dew-modal>
Command duration or timeout: 0 milliseconds
Build info: version: '3.7.1', revision: '8a0099a', time: '2017-11-06T21:07:36.161Z'
System info: host: 'ZIPLBLRSY139', ip: '10.30.30.239', os.name: 'Windows 10', os.arch: 'amd64', os.version: '10.0', java.version: '1.8.0_102'
Driver info: com.kms.katalon.core.webui.driver.firefox.CFirefoxDriver47
Capabilities {acceptSslCerts: true, applicationCacheEnabled: true, browserName: firefox, cssSelectorsEnabled: true, databaseEnabled: true, handlesAlerts: true, javascriptEnabled: true, locationContextEnabled: true, nativeEvents: false, platform: WINDOWS, platformName: WINDOWS, rotatable: false, takesScreenshot: true, version: 52.0, webStorageEnabled: true}
Session ID: 46ca6070-50c4-4e5e-b1ad-27e0e769f37d)

2018-07-02 20:33:49 - [TEST_STEP][PASSED] - callTestCase: Call Test Case 'Test Cases/CommonLibraries/Search By Item' successfully

2018-07-02 20:33:49 - [TEST_CASE][PASSED] - Test Cases/CommonLibraries/Search By Item: Test Cases/CommonLibraries/Search By Item

2018-07-02 20:33:49 - [TEST_STEP][PASSED] - callTestCase: Call Test Case 'Test Cases/CommonLibraries/Login' successfully

2018-07-02 20:33:49 - [TEST_CASE][PASSED] - Test Cases/CommonLibraries/Login: Test Cases/CommonLibraries/Login

2018-07-02 20:33:49 - [TEST_STEP][PASSED] - openBrowser: Browser is opened with url: 'https://smtlogin.zycus.net/sso/login?serviceName=http://eproc-qa.zycus.net/'

2018-07-02 20:33:49 - [MESSAGE][WARNING] - A browser is already opened. Closing browser and opening a new one

2018-07-02 20:33:57 - [MESSAGE][PASSED] - Browser is opened with url: 'https://smtlogin.zycus.net/sso/login?serviceName=http://eproc-qa.zycus.net/'

2018-07-02 20:33:57 - [TEST_STEP][PASSED] - maximizeWindow: Current window maximized

2018-07-02 20:33:59 - [MESSAGE][PASSED] - Current window maximized

2018-07-02 20:33:59 - [TEST_STEP][PASSED] - waitForElementVisible: Object 'Object Repository/LoginPage/UserID' is visible

2018-07-02 20:33:59 - [MESSAGE][PASSED] - Object 'Object Repository/LoginPage/UserID' is visible

2018-07-02 20:33:59 - [TEST_STEP][PASSED] - sendKeys: Keys 'monicaqa@zycus.com' sent to object: 'Object Repository/LoginPage/UserID'

2018-07-02 20:33:59 - [MESSAGE][PASSED] - Keys 'monicaqa@zycus.com' sent to object: 'Object Repository/LoginPage/UserID'

2018-07-02 20:33:59 - [TEST_STEP][PASSED] - sendKeys: Keys 'eProc@123' sent to object: 'Object Repository/LoginPage/Password'

2018-07-02 20:34:00 - [MESSAGE][PASSED] - Keys 'eProc@123' sent to object: 'Object Repository/LoginPage/Password'

2018-07-02 20:34:00 - [TEST_STEP][PASSED] - click: Object: 'Object Repository/LoginPage/LoginButton' is clicked on

2018-07-02 20:34:07 - [MESSAGE][PASSED] - Object: 'Object Repository/LoginPage/LoginButton' is clicked on

2018-07-02 20:34:07 - [MESSAGE][PASSED] - Call Test Case 'Test Cases/CommonLibraries/Login' successfully

2018-07-02 20:34:07 - [TEST_STEP][PASSED] - waitForElementPresent: Object 'Object Repository/OnlineStorePage/Search Box' is present

2018-07-02 20:34:28 - [MESSAGE][PASSED] - Object 'Object Repository/OnlineStorePage/Search Box' is present

2018-07-02 20:34:28 - [TEST_STEP][PASSED] - waitForPageLoad: Wait for page load successfully

2018-07-02 20:34:28 - [MESSAGE][PASSED] - Wait for page load successfully

2018-07-02 20:34:28 - [TEST_STEP][PASSED] - sendKeys: Keys 'Item' sent to object: 'Object Repository/OnlineStorePage/Search Box'

2018-07-02 20:34:28 - [MESSAGE][PASSED] - Keys 'Item' sent to object: 'Object Repository/OnlineStorePage/Search Box'

2018-07-02 20:34:28 - [TEST_STEP][PASSED] - click: Object: 'Object Repository/OnlineStorePage/Search Icon' is clicked on

2018-07-02 20:34:29 - [MESSAGE][PASSED] - Object: 'Object Repository/OnlineStorePage/Search Icon' is clicked on

2018-07-02 20:34:29 - [MESSAGE][PASSED] - Call Test Case 'Test Cases/CommonLibraries/Search By Item' successfully

2018-07-02 20:34:29 - [TEST_STEP][PASSED] - waitForElementClickable: Object 'Object Repository/SearchResultPage/SearchItemTab/CatalogItems/Check Box For 3 Row Item List' is clickable

2018-07-02 20:34:50 - [MESSAGE][PASSED] - Object 'Object Repository/SearchResultPage/SearchItemTab/CatalogItems/Check Box For 3 Row Item List' is clickable

2018-07-02 20:34:50 - [TEST_STEP][PASSED] - click: Object: 'Object Repository/SearchResultPage/SearchItemTab/CatalogItems/Check Box For 3 Row Item List' is clicked on

2018-07-02 20:34:50 - [MESSAGE][PASSED] - Object: 'Object Repository/SearchResultPage/SearchItemTab/CatalogItems/Check Box For 3 Row Item List' is clicked on

2018-07-02 20:34:50 - [TEST_STEP][PASSED] - click: Object: 'Object Repository/SearchResultPage/SearchItemTab/CatalogItems/AddToBasketMultipleItem' is clicked on

2018-07-02 20:34:50 - [MESSAGE][PASSED] - Object: 'Object Repository/SearchResultPage/SearchItemTab/CatalogItems/AddToBasketMultipleItem' is clicked on

2018-07-02 20:34:50 - [TEST_STEP][PASSED] - click: Object: 'Object Repository/Popups/AddToBasket/RadioButtonExistingBasket' is clicked on

2018-07-02 20:34:50 - [MESSAGE][PASSED] - Object: 'Object Repository/Popups/AddToBasket/RadioButtonExistingBasket' is clicked on

2018-07-02 20:34:50 - [TEST_STEP][PASSED] - delay: Delayed 2 second(s)

2018-07-02 20:34:52 - [MESSAGE][PASSED] - Delayed 2 second(s)

2018-07-02 20:34:52 - [TEST_STEP][PASSED] - sendKeys: Keys 'vidhi' sent to object: 'Object Repository/Popups/AddToBasket/SearchAndSelectBox'

2018-07-02 20:34:52 - [MESSAGE][PASSED] - Keys 'vidhi' sent to object: 'Object Repository/Popups/AddToBasket/SearchAndSelectBox'

2018-07-02 20:34:52 - [TEST_STEP][PASSED] - click: Object: 'Object Repository/Popups/AddToBasket/SelectNameFromTextBox' is clicked on

2018-07-02 20:34:53 - [MESSAGE][PASSED] - Object: 'Object Repository/Popups/AddToBasket/SelectNameFromTextBox' is clicked on

2018-07-02 20:34:53 - [TEST_STEP][PASSED] - waitForElementVisible: Object 'Object Repository/Popups/AddToBasket/ButtonAddToBasket' is visible

2018-07-02 20:34:53 - [MESSAGE][WARNING] - Timeout '0' is invalid. Using default page load timeout: '30'

2018-07-02 20:34:53 - [MESSAGE][PASSED] - Object 'Object Repository/Popups/AddToBasket/ButtonAddToBasket' is visible

2018-07-02 20:34:53 - [TEST_STEP][PASSED] - click: Object: 'Object Repository/Popups/AddToBasket/ButtonAddToBasket' is clicked on

2018-07-02 20:34:53 - [MESSAGE][PASSED] - Object: 'Object Repository/Popups/AddToBasket/ButtonAddToBasket' is clicked on

2018-07-02 20:34:53 - [TEST_STEP][FAILED] - click: Unable to click on object 'Object Repository/Home' (Root cause: org.openqa.selenium.WebDriverException: Element <li class="breadcrumb-item"></li> is not clickable at point (268.5, 81). Other element would receive the click: <dew-modal _ngcontent-c21="" ng-reflect-should-show="true" ng-reflect-is-extra-small="true" ng-reflect-title="Add to Basket" class="show modal fade"></dew-modal>
Command duration or timeout: 0 milliseconds
Build info: version: '3.7.1', revision: '8a0099a', time: '2017-11-06T21:07:36.161Z'
System info: host: 'ZIPLBLRSY139', ip: '10.30.30.239', os.name: 'Windows 10', os.arch: 'amd64', os.version: '10.0', java.version: '1.8.0_102'
Driver info: com.kms.katalon.core.webui.driver.firefox.CFirefoxDriver47
Capabilities {acceptSslCerts: true, applicationCacheEnabled: true, browserName: firefox, cssSelectorsEnabled: true, databaseEnabled: true, handlesAlerts: true, javascriptEnabled: true, locationContextEnabled: true, nativeEvents: false, platform: WINDOWS, platformName: WINDOWS, rotatable: false, takesScreenshot: true, version: 52.0, webStorageEnabled: true}
Session ID: 46ca6070-50c4-4e5e-b1ad-27e0e769f37d)

2018-07-02 20:34:54 - [MESSAGE][FAILED] - Unable to click on object 'Object Repository/Home' (Root cause: org.openqa.selenium.WebDriverException: Element <li class="breadcrumb-item"></li> is not clickable at point (268.5, 81). Other element would receive the click: <dew-modal _ngcontent-c21="" ng-reflect-should-show="true" ng-reflect-is-extra-small="true" ng-reflect-title="Add to Basket" class="show modal fade"></dew-modal>
Command duration or timeout: 0 milliseconds
Build info: version: '3.7.1', revision: '8a0099a', time: '2017-11-06T21:07:36.161Z'
System info: host: 'ZIPLBLRSY139', ip: '10.30.30.239', os.name: 'Windows 10', os.arch: 'amd64', os.version: '10.0', java.version: '1.8.0_102'
Driver info: com.kms.katalon.core.webui.driver.firefox.CFirefoxDriver47
Capabilities {acceptSslCerts: true, applicationCacheEnabled: true, browserName: firefox, cssSelectorsEnabled: true, databaseEnabled: true, handlesAlerts: true, javascriptEnabled: true, locationContextEnabled: true, nativeEvents: false, platform: WINDOWS, platformName: WINDOWS, rotatable: false, takesScreenshot: true, version: 52.0, webStorageEnabled: true}
Session ID: 46ca6070-50c4-4e5e-b1ad-27e0e769f37d)
[[ATTACHMENT|C:\\Users\\vikas.kiroula\\git\\eProc\\Reports\\Run\\20180702_203015\\1530543893735.png]]]]></system-out>
         <system-err><![CDATA[2018-07-02 20:33:49 - [TEST_CASE][FAILED] - Test Cases/DDS-2052/DDS-3864: Test Cases/DDS-2052/DDS-3864 FAILED because (of) Unable to click on object 'Object Repository/Home' (Root cause: org.openqa.selenium.WebDriverException: Element <li class="breadcrumb-item"></li> is not clickable at point (268.5, 81). Other element would receive the click: <dew-modal _ngcontent-c21="" ng-reflect-should-show="true" ng-reflect-is-extra-small="true" ng-reflect-title="Add to Basket" class="show modal fade"></dew-modal>
Command duration or timeout: 0 milliseconds
Build info: version: '3.7.1', revision: '8a0099a', time: '2017-11-06T21:07:36.161Z'
System info: host: 'ZIPLBLRSY139', ip: '10.30.30.239', os.name: 'Windows 10', os.arch: 'amd64', os.version: '10.0', java.version: '1.8.0_102'
Driver info: com.kms.katalon.core.webui.driver.firefox.CFirefoxDriver47
Capabilities {acceptSslCerts: true, applicationCacheEnabled: true, browserName: firefox, cssSelectorsEnabled: true, databaseEnabled: true, handlesAlerts: true, javascriptEnabled: true, locationContextEnabled: true, nativeEvents: false, platform: WINDOWS, platformName: WINDOWS, rotatable: false, takesScreenshot: true, version: 52.0, webStorageEnabled: true}
Session ID: 46ca6070-50c4-4e5e-b1ad-27e0e769f37d)]]></system-err>
      </testcase>
      <testcase name="Test Cases/DDS-2052/DDS.3846" classname="Test Cases/DDS-2052/DDS.3846" status="FAILED">
         <failure type="FAILED" message="Unable to send keys 'Item' to object 'Object Repository/OnlineStorePage/Search Box' (Root cause: com.kms.katalon.core.webui.exception.WebElementNotFoundException: Web element with id: 'Object Repository/OnlineStorePage/Search Box' located by 'By.xpath: //eproc-online-store/eproc-spotlight/div[2]/div/div/div[2]/div/eproc-main-search/div[1]/input' not found)"/>
         <system-out><![CDATA[2018-07-02 20:34:54 - [TEST_CASE][FAILED] - Test Cases/DDS-2052/DDS.3846: Test Cases/DDS-2052/DDS.3846 FAILED because (of) Unable to send keys 'Item' to object 'Object Repository/OnlineStorePage/Search Box' (Root cause: com.kms.katalon.core.webui.exception.WebElementNotFoundException: Web element with id: 'Object Repository/OnlineStorePage/Search Box' located by 'By.xpath: //eproc-online-store/eproc-spotlight/div[2]/div/div/div[2]/div/eproc-main-search/div[1]/input' not found)

2018-07-02 20:34:54 - [TEST_STEP][PASSED] - openBrowser: Browser is opened with url: 'https://smtlogin.zycus.net/sso/login?serviceName=http://eproc-qa.zycus.net/'

2018-07-02 20:34:54 - [MESSAGE][WARNING] - A browser is already opened. Closing browser and opening a new one

2018-07-02 20:35:04 - [MESSAGE][PASSED] - Browser is opened with url: 'https://smtlogin.zycus.net/sso/login?serviceName=http://eproc-qa.zycus.net/'

2018-07-02 20:35:04 - [TEST_STEP][PASSED] - waitForElementVisible: Object 'Object Repository/LoginPage/UserID' is visible

2018-07-02 20:35:04 - [MESSAGE][PASSED] - Object 'Object Repository/LoginPage/UserID' is visible

2018-07-02 20:35:04 - [TEST_STEP][PASSED] - sendKeys: Keys '' sent to object: 'Object Repository/LoginPage/UserID'

2018-07-02 20:35:04 - [MESSAGE][PASSED] - Keys '' sent to object: 'Object Repository/LoginPage/UserID'

2018-07-02 20:35:04 - [TEST_STEP][PASSED] - sendKeys: Keys '' sent to object: 'Object Repository/LoginPage/Password'

2018-07-02 20:35:04 - [MESSAGE][PASSED] - Keys '' sent to object: 'Object Repository/LoginPage/Password'

2018-07-02 20:35:04 - [TEST_STEP][PASSED] - click: Object: 'Object Repository/LoginPage/LoginButton' is clicked on

2018-07-02 20:35:05 - [MESSAGE][PASSED] - Object: 'Object Repository/LoginPage/LoginButton' is clicked on

2018-07-02 20:35:05 - [TEST_STEP][PASSED] - delay: Delayed 5 second(s)

2018-07-02 20:35:10 - [MESSAGE][PASSED] - Delayed 5 second(s)

2018-07-02 20:35:10 - [TEST_STEP][FAILED] - sendKeys: Unable to send keys 'Item' to object 'Object Repository/OnlineStorePage/Search Box' (Root cause: com.kms.katalon.core.webui.exception.WebElementNotFoundException: Web element with id: 'Object Repository/OnlineStorePage/Search Box' located by 'By.xpath: //eproc-online-store/eproc-spotlight/div[2]/div/div/div[2]/div/eproc-main-search/div[1]/input' not found)

2018-07-02 20:35:42 - [MESSAGE][FAILED] - Unable to send keys 'Item' to object 'Object Repository/OnlineStorePage/Search Box' (Root cause: com.kms.katalon.core.webui.exception.WebElementNotFoundException: Web element with id: 'Object Repository/OnlineStorePage/Search Box' located by 'By.xpath: //eproc-online-store/eproc-spotlight/div[2]/div/div/div[2]/div/eproc-main-search/div[1]/input' not found)
[[ATTACHMENT|C:\\Users\\vikas.kiroula\\git\\eProc\\Reports\\Run\\20180702_203015\\1530543942666.png]]]]></system-out>
         <system-err><![CDATA[2018-07-02 20:34:54 - [TEST_CASE][FAILED] - Test Cases/DDS-2052/DDS.3846: Test Cases/DDS-2052/DDS.3846 FAILED because (of) Unable to send keys 'Item' to object 'Object Repository/OnlineStorePage/Search Box' (Root cause: com.kms.katalon.core.webui.exception.WebElementNotFoundException: Web element with id: 'Object Repository/OnlineStorePage/Search Box' located by 'By.xpath: //eproc-online-store/eproc-spotlight/div[2]/div/div/div[2]/div/eproc-main-search/div[1]/input' not found)]]></system-err>
      </testcase>
      <testcase name="Test Cases/DDS-2052/DDS.3859" classname="Test Cases/DDS-2052/DDS.3859" status="FAILED">
         <failure type="FAILED" message="Unable to send keys 'Item' to object 'Object Repository/OnlineStorePage/Search Box' (Root cause: com.kms.katalon.core.webui.exception.WebElementNotFoundException: Web element with id: 'Object Repository/OnlineStorePage/Search Box' located by 'By.xpath: //eproc-online-store/eproc-spotlight/div[2]/div/div/div[2]/div/eproc-main-search/div[1]/input' not found)"/>
         <system-out><![CDATA[2018-07-02 20:35:42 - [TEST_CASE][FAILED] - Test Cases/DDS-2052/DDS.3859: Test Cases/DDS-2052/DDS.3859 FAILED because (of) Unable to send keys 'Item' to object 'Object Repository/OnlineStorePage/Search Box' (Root cause: com.kms.katalon.core.webui.exception.WebElementNotFoundException: Web element with id: 'Object Repository/OnlineStorePage/Search Box' located by 'By.xpath: //eproc-online-store/eproc-spotlight/div[2]/div/div/div[2]/div/eproc-main-search/div[1]/input' not found)

2018-07-02 20:35:43 - [TEST_STEP][PASSED] - openBrowser: Browser is opened with url: 'https://smtlogin.zycus.net/sso/login?serviceName=http://eproc-qa.zycus.net/'

2018-07-02 20:35:43 - [MESSAGE][WARNING] - A browser is already opened. Closing browser and opening a new one

2018-07-02 20:35:52 - [MESSAGE][PASSED] - Browser is opened with url: 'https://smtlogin.zycus.net/sso/login?serviceName=http://eproc-qa.zycus.net/'

2018-07-02 20:35:52 - [TEST_STEP][PASSED] - waitForElementVisible: Object 'Object Repository/LoginPage/UserID' is visible

2018-07-02 20:35:52 - [MESSAGE][PASSED] - Object 'Object Repository/LoginPage/UserID' is visible

2018-07-02 20:35:52 - [TEST_STEP][PASSED] - sendKeys: Keys '' sent to object: 'Object Repository/LoginPage/UserID'

2018-07-02 20:35:52 - [MESSAGE][PASSED] - Keys '' sent to object: 'Object Repository/LoginPage/UserID'

2018-07-02 20:35:52 - [TEST_STEP][PASSED] - sendKeys: Keys '' sent to object: 'Object Repository/LoginPage/Password'

2018-07-02 20:35:52 - [MESSAGE][PASSED] - Keys '' sent to object: 'Object Repository/LoginPage/Password'

2018-07-02 20:35:52 - [TEST_STEP][PASSED] - click: Object: 'Object Repository/LoginPage/LoginButton' is clicked on

2018-07-02 20:35:53 - [MESSAGE][PASSED] - Object: 'Object Repository/LoginPage/LoginButton' is clicked on

2018-07-02 20:35:53 - [TEST_STEP][PASSED] - delay: Delayed 5 second(s)

2018-07-02 20:35:58 - [MESSAGE][PASSED] - Delayed 5 second(s)

2018-07-02 20:35:58 - [TEST_STEP][FAILED] - sendKeys: Unable to send keys 'Item' to object 'Object Repository/OnlineStorePage/Search Box' (Root cause: com.kms.katalon.core.webui.exception.WebElementNotFoundException: Web element with id: 'Object Repository/OnlineStorePage/Search Box' located by 'By.xpath: //eproc-online-store/eproc-spotlight/div[2]/div/div/div[2]/div/eproc-main-search/div[1]/input' not found)

2018-07-02 20:36:31 - [MESSAGE][FAILED] - Unable to send keys 'Item' to object 'Object Repository/OnlineStorePage/Search Box' (Root cause: com.kms.katalon.core.webui.exception.WebElementNotFoundException: Web element with id: 'Object Repository/OnlineStorePage/Search Box' located by 'By.xpath: //eproc-online-store/eproc-spotlight/div[2]/div/div/div[2]/div/eproc-main-search/div[1]/input' not found)
[[ATTACHMENT|C:\\Users\\vikas.kiroula\\git\\eProc\\Reports\\Run\\20180702_203015\\1530543990792.png]]]]></system-out>
         <system-err><![CDATA[2018-07-02 20:35:42 - [TEST_CASE][FAILED] - Test Cases/DDS-2052/DDS.3859: Test Cases/DDS-2052/DDS.3859 FAILED because (of) Unable to send keys 'Item' to object 'Object Repository/OnlineStorePage/Search Box' (Root cause: com.kms.katalon.core.webui.exception.WebElementNotFoundException: Web element with id: 'Object Repository/OnlineStorePage/Search Box' located by 'By.xpath: //eproc-online-store/eproc-spotlight/div[2]/div/div/div[2]/div/eproc-main-search/div[1]/input' not found)]]></system-err>
      </testcase>
      <testcase name="Test Cases/DDS-2052/DDS_3840" classname="Test Cases/DDS-2052/DDS_3840" status="ERROR">
         <error type="ERROR" message="Test Cases/DDS-2052/DDS_3840 FAILED because (of) java.lang.IllegalArgumentException: Cannot find test case with id 'Test Cases/CommonLibraries/Search'"/>
         <system-out><![CDATA[2018-07-02 20:36:31 - [TEST_CASE][ERROR] - Test Cases/DDS-2052/DDS_3840: Test Cases/DDS-2052/DDS_3840 FAILED because (of) java.lang.IllegalArgumentException: Cannot find test case with id 'Test Cases/CommonLibraries/Search'

2018-07-02 20:36:31 - [TEST_STEP][PASSED] - callTestCase: null]]></system-out>
         <system-err><![CDATA[2018-07-02 20:36:31 - [TEST_CASE][ERROR] - Test Cases/DDS-2052/DDS_3840: Test Cases/DDS-2052/DDS_3840 FAILED because (of) java.lang.IllegalArgumentException: Cannot find test case with id 'Test Cases/CommonLibraries/Search']]></system-err>
      </testcase>
      <testcase name="Test Cases/DDS-2052/DDS_3841" classname="Test Cases/DDS-2052/DDS_3841" status="ERROR">
         <error type="ERROR" message="Test Cases/DDS-2052/DDS_3841 FAILED because (of) java.lang.IllegalArgumentException: Cannot find test case with id 'Test Cases/CommonLibraries/Search'"/>
         <system-out><![CDATA[2018-07-02 20:36:31 - [TEST_CASE][ERROR] - Test Cases/DDS-2052/DDS_3841: Test Cases/DDS-2052/DDS_3841 FAILED because (of) java.lang.IllegalArgumentException: Cannot find test case with id 'Test Cases/CommonLibraries/Search'

2018-07-02 20:36:31 - [TEST_STEP][PASSED] - callTestCase: null]]></system-out>
         <system-err><![CDATA[2018-07-02 20:36:31 - [TEST_CASE][ERROR] - Test Cases/DDS-2052/DDS_3841: Test Cases/DDS-2052/DDS_3841 FAILED because (of) java.lang.IllegalArgumentException: Cannot find test case with id 'Test Cases/CommonLibraries/Search']]></system-err>
      </testcase>
      <testcase name="Test Cases/DDS-2052/DDS_3842" classname="Test Cases/DDS-2052/DDS_3842" status="ERROR">
         <error type="ERROR" message="Test Cases/DDS-2052/DDS_3842 FAILED because (of) java.lang.IllegalArgumentException: Cannot find test case with id 'Test Cases/CommonLibraries/Search'"/>
         <system-out><![CDATA[2018-07-02 20:36:31 - [TEST_CASE][ERROR] - Test Cases/DDS-2052/DDS_3842: Test Cases/DDS-2052/DDS_3842 FAILED because (of) java.lang.IllegalArgumentException: Cannot find test case with id 'Test Cases/CommonLibraries/Search'

2018-07-02 20:36:31 - [TEST_STEP][PASSED] - callTestCase: null]]></system-out>
         <system-err><![CDATA[2018-07-02 20:36:31 - [TEST_CASE][ERROR] - Test Cases/DDS-2052/DDS_3842: Test Cases/DDS-2052/DDS_3842 FAILED because (of) java.lang.IllegalArgumentException: Cannot find test case with id 'Test Cases/CommonLibraries/Search']]></system-err>
      </testcase>
      <testcase name="Test Cases/DDS-2052/DDS_3843" classname="Test Cases/DDS-2052/DDS_3843" status="ERROR">
         <error type="ERROR" message="Test Cases/DDS-2052/DDS_3843 FAILED because (of) java.lang.IllegalArgumentException: Cannot find test case with id 'Test Cases/CommonLibraries/Search'"/>
         <system-out><![CDATA[2018-07-02 20:36:31 - [TEST_CASE][ERROR] - Test Cases/DDS-2052/DDS_3843: Test Cases/DDS-2052/DDS_3843 FAILED because (of) java.lang.IllegalArgumentException: Cannot find test case with id 'Test Cases/CommonLibraries/Search'

2018-07-02 20:36:31 - [TEST_STEP][PASSED] - callTestCase: null]]></system-out>
         <system-err><![CDATA[2018-07-02 20:36:31 - [TEST_CASE][ERROR] - Test Cases/DDS-2052/DDS_3843: Test Cases/DDS-2052/DDS_3843 FAILED because (of) java.lang.IllegalArgumentException: Cannot find test case with id 'Test Cases/CommonLibraries/Search']]></system-err>
      </testcase>
      <testcase name="Test Cases/DDS-2052/DDS_3847" classname="Test Cases/DDS-2052/DDS_3847" status="FAILED">
         <failure type="FAILED" message="Unable to click on object (Root cause: java.lang.IllegalArgumentException: Object is null)"/>
         <system-out><![CDATA[2018-07-02 20:36:31 - [TEST_CASE][FAILED] - Test Cases/DDS-2052/DDS_3847: Test Cases/DDS-2052/DDS_3847 FAILED because (of) Unable to click on object (Root cause: java.lang.IllegalArgumentException: Object is null)

2018-07-02 20:36:31 - [TEST_STEP][PASSED] - callTestCase: Call Test Case 'Test Cases/CommonLibraries/Search By Item' successfully

2018-07-02 20:36:31 - [TEST_CASE][PASSED] - Test Cases/CommonLibraries/Search By Item: Test Cases/CommonLibraries/Search By Item

2018-07-02 20:36:31 - [TEST_STEP][PASSED] - callTestCase: Call Test Case 'Test Cases/CommonLibraries/Login' successfully

2018-07-02 20:36:31 - [TEST_CASE][PASSED] - Test Cases/CommonLibraries/Login: Test Cases/CommonLibraries/Login

2018-07-02 20:36:31 - [TEST_STEP][PASSED] - openBrowser: Browser is opened with url: 'https://smtlogin.zycus.net/sso/login?serviceName=http://eproc-qa.zycus.net/'

2018-07-02 20:36:31 - [MESSAGE][WARNING] - A browser is already opened. Closing browser and opening a new one

2018-07-02 20:36:39 - [MESSAGE][PASSED] - Browser is opened with url: 'https://smtlogin.zycus.net/sso/login?serviceName=http://eproc-qa.zycus.net/'

2018-07-02 20:36:39 - [TEST_STEP][PASSED] - maximizeWindow: Current window maximized

2018-07-02 20:36:41 - [MESSAGE][PASSED] - Current window maximized

2018-07-02 20:36:41 - [TEST_STEP][PASSED] - waitForElementVisible: Object 'Object Repository/LoginPage/UserID' is visible

2018-07-02 20:36:41 - [MESSAGE][PASSED] - Object 'Object Repository/LoginPage/UserID' is visible

2018-07-02 20:36:41 - [TEST_STEP][PASSED] - sendKeys: Keys 'monicaqa@zycus.com' sent to object: 'Object Repository/LoginPage/UserID'

2018-07-02 20:36:41 - [MESSAGE][PASSED] - Keys 'monicaqa@zycus.com' sent to object: 'Object Repository/LoginPage/UserID'

2018-07-02 20:36:41 - [TEST_STEP][PASSED] - sendKeys: Keys 'eProc@123' sent to object: 'Object Repository/LoginPage/Password'

2018-07-02 20:36:41 - [MESSAGE][PASSED] - Keys 'eProc@123' sent to object: 'Object Repository/LoginPage/Password'

2018-07-02 20:36:41 - [TEST_STEP][PASSED] - click: Object: 'Object Repository/LoginPage/LoginButton' is clicked on

2018-07-02 20:36:46 - [MESSAGE][PASSED] - Object: 'Object Repository/LoginPage/LoginButton' is clicked on

2018-07-02 20:36:46 - [MESSAGE][PASSED] - Call Test Case 'Test Cases/CommonLibraries/Login' successfully

2018-07-02 20:36:46 - [TEST_STEP][PASSED] - waitForElementPresent: Object 'Object Repository/OnlineStorePage/Search Box' is present

2018-07-02 20:37:08 - [MESSAGE][PASSED] - Object 'Object Repository/OnlineStorePage/Search Box' is present

2018-07-02 20:37:08 - [TEST_STEP][PASSED] - waitForPageLoad: Wait for page load successfully

2018-07-02 20:37:08 - [MESSAGE][PASSED] - Wait for page load successfully

2018-07-02 20:37:08 - [TEST_STEP][PASSED] - sendKeys: Keys 'Item' sent to object: 'Object Repository/OnlineStorePage/Search Box'

2018-07-02 20:37:08 - [MESSAGE][PASSED] - Keys 'Item' sent to object: 'Object Repository/OnlineStorePage/Search Box'

2018-07-02 20:37:08 - [TEST_STEP][PASSED] - click: Object: 'Object Repository/OnlineStorePage/Search Icon' is clicked on

2018-07-02 20:37:09 - [MESSAGE][PASSED] - Object: 'Object Repository/OnlineStorePage/Search Icon' is clicked on

2018-07-02 20:37:09 - [MESSAGE][PASSED] - Call Test Case 'Test Cases/CommonLibraries/Search By Item' successfully

2018-07-02 20:37:09 - [TEST_STEP][PASSED] - delay: Delayed 20 second(s)

2018-07-02 20:37:29 - [MESSAGE][PASSED] - Delayed 20 second(s)

2018-07-02 20:37:29 - [TEST_STEP][FAILED] - click: Unable to click on object (Root cause: java.lang.IllegalArgumentException: Object is null)

2018-07-02 20:37:29 - [MESSAGE][WARNING] - Test object with id 'Object Repository/SearchResultPage/SearchItemTab/CatalogItems/CheckboxFirstItem' does not exist

2018-07-02 20:37:29 - [MESSAGE][WARNING] - Test object with id 'Object Repository/' does not exist

2018-07-02 20:37:29 - [MESSAGE][FAILED] - Unable to click on object (Root cause: java.lang.IllegalArgumentException: Object is null)
[[ATTACHMENT|C:\\Users\\vikas.kiroula\\git\\eProc\\Reports\\Run\\20180702_203015\\1530544049067.png]]]]></system-out>
         <system-err><![CDATA[2018-07-02 20:36:31 - [TEST_CASE][FAILED] - Test Cases/DDS-2052/DDS_3847: Test Cases/DDS-2052/DDS_3847 FAILED because (of) Unable to click on object (Root cause: java.lang.IllegalArgumentException: Object is null)]]></system-err>
      </testcase>
      <testcase name="Test Cases/DDS-2052/DDS_3848" classname="Test Cases/DDS-2052/DDS_3848" status="ERROR">
         <error type="ERROR" message="Test Cases/DDS-2052/DDS_3848 FAILED because (of) java.lang.IllegalArgumentException: Cannot find test case with id 'Test Cases/CommonLibraries/Search'"/>
         <system-out><![CDATA[2018-07-02 20:37:29 - [TEST_CASE][ERROR] - Test Cases/DDS-2052/DDS_3848: Test Cases/DDS-2052/DDS_3848 FAILED because (of) java.lang.IllegalArgumentException: Cannot find test case with id 'Test Cases/CommonLibraries/Search'

2018-07-02 20:37:30 - [TEST_STEP][PASSED] - callTestCase: null]]></system-out>
         <system-err><![CDATA[2018-07-02 20:37:29 - [TEST_CASE][ERROR] - Test Cases/DDS-2052/DDS_3848: Test Cases/DDS-2052/DDS_3848 FAILED because (of) java.lang.IllegalArgumentException: Cannot find test case with id 'Test Cases/CommonLibraries/Search']]></system-err>
      </testcase>
      <testcase name="Test Cases/DDS-2052/DDS_3849" classname="Test Cases/DDS-2052/DDS_3849" status="ERROR">
         <error type="ERROR" message="Test Cases/DDS-2052/DDS_3849 FAILED because (of) java.lang.IllegalArgumentException: Cannot find test case with id 'Test Cases/CommonLibraries/Search'"/>
         <system-out><![CDATA[2018-07-02 20:37:30 - [TEST_CASE][ERROR] - Test Cases/DDS-2052/DDS_3849: Test Cases/DDS-2052/DDS_3849 FAILED because (of) java.lang.IllegalArgumentException: Cannot find test case with id 'Test Cases/CommonLibraries/Search'

2018-07-02 20:37:30 - [TEST_STEP][PASSED] - callTestCase: null]]></system-out>
         <system-err><![CDATA[2018-07-02 20:37:30 - [TEST_CASE][ERROR] - Test Cases/DDS-2052/DDS_3849: Test Cases/DDS-2052/DDS_3849 FAILED because (of) java.lang.IllegalArgumentException: Cannot find test case with id 'Test Cases/CommonLibraries/Search']]></system-err>
      </testcase>
      <testcase name="Test Cases/DDS-2052/DDS_3850" classname="Test Cases/DDS-2052/DDS_3850" status="ERROR">
         <error type="ERROR" message="Test Cases/DDS-2052/DDS_3850 FAILED because (of) java.lang.IllegalArgumentException: Cannot find test case with id 'Test Cases/CommonLibraries/Search'"/>
         <system-out><![CDATA[2018-07-02 20:37:30 - [TEST_CASE][ERROR] - Test Cases/DDS-2052/DDS_3850: Test Cases/DDS-2052/DDS_3850 FAILED because (of) java.lang.IllegalArgumentException: Cannot find test case with id 'Test Cases/CommonLibraries/Search'

2018-07-02 20:37:30 - [TEST_STEP][PASSED] - callTestCase: null]]></system-out>
         <system-err><![CDATA[2018-07-02 20:37:30 - [TEST_CASE][ERROR] - Test Cases/DDS-2052/DDS_3850: Test Cases/DDS-2052/DDS_3850 FAILED because (of) java.lang.IllegalArgumentException: Cannot find test case with id 'Test Cases/CommonLibraries/Search']]></system-err>
      </testcase>
      <testcase name="Test Cases/DDS-2052/DDS_3851" classname="Test Cases/DDS-2052/DDS_3851" status="ERROR">
         <error type="ERROR" message="Test Cases/DDS-2052/DDS_3851 FAILED because (of) java.lang.IllegalArgumentException: Cannot find test case with id 'Test Cases/CommonLibraries/Search'"/>
         <system-out><![CDATA[2018-07-02 20:37:30 - [TEST_CASE][ERROR] - Test Cases/DDS-2052/DDS_3851: Test Cases/DDS-2052/DDS_3851 FAILED because (of) java.lang.IllegalArgumentException: Cannot find test case with id 'Test Cases/CommonLibraries/Search'

2018-07-02 20:37:30 - [TEST_STEP][PASSED] - callTestCase: null]]></system-out>
         <system-err><![CDATA[2018-07-02 20:37:30 - [TEST_CASE][ERROR] - Test Cases/DDS-2052/DDS_3851: Test Cases/DDS-2052/DDS_3851 FAILED because (of) java.lang.IllegalArgumentException: Cannot find test case with id 'Test Cases/CommonLibraries/Search']]></system-err>
      </testcase>
      <testcase name="Test Cases/DDS-2052/DDS_3852" classname="Test Cases/DDS-2052/DDS_3852" status="ERROR">
         <error type="ERROR" message="Test Cases/DDS-2052/DDS_3852 FAILED because (of) java.lang.IllegalArgumentException: Cannot find test case with id 'Test Cases/CommonLibraries/Search'"/>
         <system-out><![CDATA[2018-07-02 20:37:30 - [TEST_CASE][ERROR] - Test Cases/DDS-2052/DDS_3852: Test Cases/DDS-2052/DDS_3852 FAILED because (of) java.lang.IllegalArgumentException: Cannot find test case with id 'Test Cases/CommonLibraries/Search'

2018-07-02 20:37:30 - [TEST_STEP][PASSED] - callTestCase: null]]></system-out>
         <system-err><![CDATA[2018-07-02 20:37:30 - [TEST_CASE][ERROR] - Test Cases/DDS-2052/DDS_3852: Test Cases/DDS-2052/DDS_3852 FAILED because (of) java.lang.IllegalArgumentException: Cannot find test case with id 'Test Cases/CommonLibraries/Search']]></system-err>
      </testcase>
      <testcase name="Test Cases/DDS-2052/DDS_3853" classname="Test Cases/DDS-2052/DDS_3853" status="ERROR">
         <error type="ERROR" message="Test Cases/DDS-2052/DDS_3853 FAILED because (of) java.lang.IllegalArgumentException: Cannot find test case with id 'Test Cases/CommonLibraries/Search'"/>
         <system-out><![CDATA[2018-07-02 20:37:30 - [TEST_CASE][ERROR] - Test Cases/DDS-2052/DDS_3853: Test Cases/DDS-2052/DDS_3853 FAILED because (of) java.lang.IllegalArgumentException: Cannot find test case with id 'Test Cases/CommonLibraries/Search'

2018-07-02 20:37:30 - [TEST_STEP][PASSED] - callTestCase: null]]></system-out>
         <system-err><![CDATA[2018-07-02 20:37:30 - [TEST_CASE][ERROR] - Test Cases/DDS-2052/DDS_3853: Test Cases/DDS-2052/DDS_3853 FAILED because (of) java.lang.IllegalArgumentException: Cannot find test case with id 'Test Cases/CommonLibraries/Search']]></system-err>
      </testcase>
      <testcase name="Test Cases/DDS-2052/DDS_3854" classname="Test Cases/DDS-2052/DDS_3854" status="ERROR">
         <error type="ERROR" message="Test Cases/DDS-2052/DDS_3854 FAILED because (of) java.lang.IllegalArgumentException: Cannot find test case with id 'Test Cases/CommonLibraries/Search'"/>
         <system-out><![CDATA[2018-07-02 20:37:30 - [TEST_CASE][ERROR] - Test Cases/DDS-2052/DDS_3854: Test Cases/DDS-2052/DDS_3854 FAILED because (of) java.lang.IllegalArgumentException: Cannot find test case with id 'Test Cases/CommonLibraries/Search'

2018-07-02 20:37:30 - [TEST_STEP][PASSED] - callTestCase: null]]></system-out>
         <system-err><![CDATA[2018-07-02 20:37:30 - [TEST_CASE][ERROR] - Test Cases/DDS-2052/DDS_3854: Test Cases/DDS-2052/DDS_3854 FAILED because (of) java.lang.IllegalArgumentException: Cannot find test case with id 'Test Cases/CommonLibraries/Search']]></system-err>
      </testcase>
      <testcase name="Test Cases/DDS-2052/DDS_3855" classname="Test Cases/DDS-2052/DDS_3855" status="ERROR">
         <error type="ERROR" message="Test Cases/DDS-2052/DDS_3855 FAILED because (of) java.lang.IllegalArgumentException: Cannot find test case with id 'Test Cases/CommonLibraries/Search'"/>
         <system-out><![CDATA[2018-07-02 20:37:30 - [TEST_CASE][ERROR] - Test Cases/DDS-2052/DDS_3855: Test Cases/DDS-2052/DDS_3855 FAILED because (of) java.lang.IllegalArgumentException: Cannot find test case with id 'Test Cases/CommonLibraries/Search'

2018-07-02 20:37:30 - [TEST_STEP][PASSED] - callTestCase: null]]></system-out>
         <system-err><![CDATA[2018-07-02 20:37:30 - [TEST_CASE][ERROR] - Test Cases/DDS-2052/DDS_3855: Test Cases/DDS-2052/DDS_3855 FAILED because (of) java.lang.IllegalArgumentException: Cannot find test case with id 'Test Cases/CommonLibraries/Search']]></system-err>
      </testcase>
      <testcase name="Test Cases/DDS-2052/DDS_3857" classname="Test Cases/DDS-2052/DDS_3857" status="ERROR">
         <error type="ERROR" message="Test Cases/DDS-2052/DDS_3857 FAILED because (of) java.lang.IllegalArgumentException: Cannot find test case with id 'Test Cases/CommonLibraries/Search'"/>
         <system-out><![CDATA[2018-07-02 20:37:30 - [TEST_CASE][ERROR] - Test Cases/DDS-2052/DDS_3857: Test Cases/DDS-2052/DDS_3857 FAILED because (of) java.lang.IllegalArgumentException: Cannot find test case with id 'Test Cases/CommonLibraries/Search'

2018-07-02 20:37:30 - [TEST_STEP][PASSED] - callTestCase: null]]></system-out>
         <system-err><![CDATA[2018-07-02 20:37:30 - [TEST_CASE][ERROR] - Test Cases/DDS-2052/DDS_3857: Test Cases/DDS-2052/DDS_3857 FAILED because (of) java.lang.IllegalArgumentException: Cannot find test case with id 'Test Cases/CommonLibraries/Search']]></system-err>
      </testcase>
      <testcase name="Test Cases/DDS-2052/DDS_3860" classname="Test Cases/DDS-2052/DDS_3860" status="ERROR">
         <error type="ERROR" message="Test Cases/DDS-2052/DDS_3860 FAILED because (of) java.lang.IllegalArgumentException: Cannot find test case with id 'Test Cases/CommonLibraries/Search'"/>
         <system-out><![CDATA[2018-07-02 20:37:30 - [TEST_CASE][ERROR] - Test Cases/DDS-2052/DDS_3860: Test Cases/DDS-2052/DDS_3860 FAILED because (of) java.lang.IllegalArgumentException: Cannot find test case with id 'Test Cases/CommonLibraries/Search'

2018-07-02 20:37:30 - [TEST_STEP][PASSED] - callTestCase: null]]></system-out>
         <system-err><![CDATA[2018-07-02 20:37:30 - [TEST_CASE][ERROR] - Test Cases/DDS-2052/DDS_3860: Test Cases/DDS-2052/DDS_3860 FAILED because (of) java.lang.IllegalArgumentException: Cannot find test case with id 'Test Cases/CommonLibraries/Search']]></system-err>
      </testcase>
      <testcase name="Test Cases/DDS-2052/DDS_3861" classname="Test Cases/DDS-2052/DDS_3861" status="FAILED">
         <failure type="FAILED" message="Unable to verify if object 'Object Repository/Cart Page/Empty Cart Button' has attribute 'ng-reflect-is-disabled' with value 'false' (Root cause: Object 'Object Repository/Cart Page/Empty Cart Button' has attribute 'ng-reflect-is-disabled' with actual value 'true' instead of expected value 'false')"/>
         <system-out><![CDATA[2018-07-02 20:37:30 - [TEST_CASE][FAILED] - Test Cases/DDS-2052/DDS_3861: Test Cases/DDS-2052/DDS_3861 FAILED because (of) Unable to verify if object 'Object Repository/Cart Page/Empty Cart Button' has attribute 'ng-reflect-is-disabled' with value 'false' (Root cause: Object 'Object Repository/Cart Page/Empty Cart Button' has attribute 'ng-reflect-is-disabled' with actual value 'true' instead of expected value 'false')

2018-07-02 20:37:30 - [TEST_STEP][PASSED] - callTestCase: Call Test Case 'Test Cases/CommonLibraries/Login' successfully

2018-07-02 20:37:30 - [TEST_CASE][PASSED] - Test Cases/CommonLibraries/Login: Test Cases/CommonLibraries/Login

2018-07-02 20:37:30 - [TEST_STEP][PASSED] - openBrowser: Browser is opened with url: 'https://smtlogin.zycus.net/sso/login?serviceName=http://eproc-qa.zycus.net/'

2018-07-02 20:37:30 - [MESSAGE][WARNING] - A browser is already opened. Closing browser and opening a new one

2018-07-02 20:37:40 - [MESSAGE][PASSED] - Browser is opened with url: 'https://smtlogin.zycus.net/sso/login?serviceName=http://eproc-qa.zycus.net/'

2018-07-02 20:37:40 - [TEST_STEP][PASSED] - maximizeWindow: Current window maximized

2018-07-02 20:37:40 - [MESSAGE][PASSED] - Current window maximized

2018-07-02 20:37:40 - [TEST_STEP][PASSED] - waitForElementVisible: Object 'Object Repository/LoginPage/UserID' is visible

2018-07-02 20:37:40 - [MESSAGE][PASSED] - Object 'Object Repository/LoginPage/UserID' is visible

2018-07-02 20:37:40 - [TEST_STEP][PASSED] - sendKeys: Keys 'monicaqa@zycus.com' sent to object: 'Object Repository/LoginPage/UserID'

2018-07-02 20:37:40 - [MESSAGE][PASSED] - Keys 'monicaqa@zycus.com' sent to object: 'Object Repository/LoginPage/UserID'

2018-07-02 20:37:40 - [TEST_STEP][PASSED] - sendKeys: Keys 'eProc@123' sent to object: 'Object Repository/LoginPage/Password'

2018-07-02 20:37:40 - [MESSAGE][PASSED] - Keys 'eProc@123' sent to object: 'Object Repository/LoginPage/Password'

2018-07-02 20:37:40 - [TEST_STEP][PASSED] - click: Object: 'Object Repository/LoginPage/LoginButton' is clicked on

2018-07-02 20:37:45 - [MESSAGE][PASSED] - Object: 'Object Repository/LoginPage/LoginButton' is clicked on

2018-07-02 20:37:45 - [MESSAGE][PASSED] - Call Test Case 'Test Cases/CommonLibraries/Login' successfully

2018-07-02 20:37:45 - [TEST_STEP][PASSED] - delay: Delayed 20 second(s)

2018-07-02 20:38:05 - [MESSAGE][PASSED] - Delayed 20 second(s)

2018-07-02 20:38:05 - [TEST_STEP][PASSED] - doubleClick: Object: 'Object Repository/OnlineStorePage/CartIcon' is double clicked on

2018-07-02 20:38:06 - [MESSAGE][PASSED] - Object: 'Object Repository/OnlineStorePage/CartIcon' is double clicked on

2018-07-02 20:38:06 - [TEST_STEP][PASSED] - delay: Delayed 5 second(s)

2018-07-02 20:38:11 - [MESSAGE][PASSED] - Delayed 5 second(s)

2018-07-02 20:38:11 - [TEST_STEP][FAILED] - Statement - If (com.kms.katalon.core.webui.keyword.WebUiBuiltInKeywords.verifyElementAttributeValue(com.kms.katalon.core.testobject.ObjectRepository.findTestObject(Cart Page/Empty Cart Button), "ng-reflect-is-disabled", "false", 5) == true): Unable to verify if object 'Object Repository/Cart Page/Empty Cart Button' has attribute 'ng-reflect-is-disabled' with value 'false' (Root cause: Object 'Object Repository/Cart Page/Empty Cart Button' has attribute 'ng-reflect-is-disabled' with actual value 'true' instead of expected value 'false')

2018-07-02 20:38:11 - [MESSAGE][FAILED] - Object 'Object Repository/Cart Page/Empty Cart Button' has attribute 'ng-reflect-is-disabled' with actual value 'true' instead of expected value 'false'
[[ATTACHMENT|C:\\Users\\vikas.kiroula\\git\\eProc\\Reports\\Run\\20180702_203015\\1530544091492.png]]

2018-07-02 20:38:11 - [MESSAGE][FAILED] - Unable to verify if object 'Object Repository/Cart Page/Empty Cart Button' has attribute 'ng-reflect-is-disabled' with value 'false' (Root cause: Object 'Object Repository/Cart Page/Empty Cart Button' has attribute 'ng-reflect-is-disabled' with actual value 'true' instead of expected value 'false')
[[ATTACHMENT|C:\\Users\\vikas.kiroula\\git\\eProc\\Reports\\Run\\20180702_203015\\1530544091696.png]]]]></system-out>
         <system-err><![CDATA[2018-07-02 20:37:30 - [TEST_CASE][FAILED] - Test Cases/DDS-2052/DDS_3861: Test Cases/DDS-2052/DDS_3861 FAILED because (of) Unable to verify if object 'Object Repository/Cart Page/Empty Cart Button' has attribute 'ng-reflect-is-disabled' with value 'false' (Root cause: Object 'Object Repository/Cart Page/Empty Cart Button' has attribute 'ng-reflect-is-disabled' with actual value 'true' instead of expected value 'false')]]></system-err>
      </testcase>
      <testcase name="Test Cases/DDS-2052/DDS_3865" classname="Test Cases/DDS-2052/DDS_3865" status="ERROR">
         <error type="ERROR" message="Test Cases/DDS-2052/DDS_3865 FAILED because (of) java.lang.IllegalArgumentException: Cannot find test case with id 'Test Cases/CommonLibraries/Search'"/>
         <system-out><![CDATA[2018-07-02 20:38:11 - [TEST_CASE][ERROR] - Test Cases/DDS-2052/DDS_3865: Test Cases/DDS-2052/DDS_3865 FAILED because (of) java.lang.IllegalArgumentException: Cannot find test case with id 'Test Cases/CommonLibraries/Search'

2018-07-02 20:38:11 - [TEST_STEP][PASSED] - callTestCase: null]]></system-out>
         <system-err><![CDATA[2018-07-02 20:38:11 - [TEST_CASE][ERROR] - Test Cases/DDS-2052/DDS_3865: Test Cases/DDS-2052/DDS_3865 FAILED because (of) java.lang.IllegalArgumentException: Cannot find test case with id 'Test Cases/CommonLibraries/Search']]></system-err>
      </testcase>
      <testcase name="Test Cases/DDS-2052/DDS_3877" classname="Test Cases/DDS-2052/DDS_3877" status="FAILED">
         <failure type="FAILED" message="Unable to send keys 'Item' to object 'Object Repository/OnlineStorePage/Search Box' (Root cause: com.kms.katalon.core.webui.exception.WebElementNotFoundException: Web element with id: 'Object Repository/OnlineStorePage/Search Box' located by 'By.xpath: //eproc-online-store/eproc-spotlight/div[2]/div/div/div[2]/div/eproc-main-search/div[1]/input' not found)"/>
         <system-out><![CDATA[2018-07-02 20:38:11 - [TEST_CASE][FAILED] - Test Cases/DDS-2052/DDS_3877: Test Cases/DDS-2052/DDS_3877 FAILED because (of) Unable to send keys 'Item' to object 'Object Repository/OnlineStorePage/Search Box' (Root cause: com.kms.katalon.core.webui.exception.WebElementNotFoundException: Web element with id: 'Object Repository/OnlineStorePage/Search Box' located by 'By.xpath: //eproc-online-store/eproc-spotlight/div[2]/div/div/div[2]/div/eproc-main-search/div[1]/input' not found)

2018-07-02 20:38:12 - [TEST_STEP][PASSED] - openBrowser: Browser is opened with url: 'https://smtlogin.zycus.net/sso/login?serviceName=http://eproc-qa.zycus.net/'

2018-07-02 20:38:12 - [MESSAGE][WARNING] - A browser is already opened. Closing browser and opening a new one

2018-07-02 20:38:21 - [MESSAGE][PASSED] - Browser is opened with url: 'https://smtlogin.zycus.net/sso/login?serviceName=http://eproc-qa.zycus.net/'

2018-07-02 20:38:21 - [TEST_STEP][PASSED] - waitForElementVisible: Object 'Object Repository/LoginPage/UserID' is visible

2018-07-02 20:38:21 - [MESSAGE][PASSED] - Object 'Object Repository/LoginPage/UserID' is visible

2018-07-02 20:38:21 - [TEST_STEP][PASSED] - sendKeys: Keys '' sent to object: 'Object Repository/LoginPage/UserID'

2018-07-02 20:38:21 - [MESSAGE][PASSED] - Keys '' sent to object: 'Object Repository/LoginPage/UserID'

2018-07-02 20:38:21 - [TEST_STEP][PASSED] - sendKeys: Keys '' sent to object: 'Object Repository/LoginPage/Password'

2018-07-02 20:38:21 - [MESSAGE][PASSED] - Keys '' sent to object: 'Object Repository/LoginPage/Password'

2018-07-02 20:38:21 - [TEST_STEP][PASSED] - click: Object: 'Object Repository/LoginPage/LoginButton' is clicked on

2018-07-02 20:38:22 - [MESSAGE][PASSED] - Object: 'Object Repository/LoginPage/LoginButton' is clicked on

2018-07-02 20:38:22 - [TEST_STEP][PASSED] - delay: Delayed 5 second(s)

2018-07-02 20:38:27 - [MESSAGE][PASSED] - Delayed 5 second(s)

2018-07-02 20:38:27 - [TEST_STEP][FAILED] - sendKeys: Unable to send keys 'Item' to object 'Object Repository/OnlineStorePage/Search Box' (Root cause: com.kms.katalon.core.webui.exception.WebElementNotFoundException: Web element with id: 'Object Repository/OnlineStorePage/Search Box' located by 'By.xpath: //eproc-online-store/eproc-spotlight/div[2]/div/div/div[2]/div/eproc-main-search/div[1]/input' not found)

2018-07-02 20:38:59 - [MESSAGE][FAILED] - Unable to send keys 'Item' to object 'Object Repository/OnlineStorePage/Search Box' (Root cause: com.kms.katalon.core.webui.exception.WebElementNotFoundException: Web element with id: 'Object Repository/OnlineStorePage/Search Box' located by 'By.xpath: //eproc-online-store/eproc-spotlight/div[2]/div/div/div[2]/div/eproc-main-search/div[1]/input' not found)
[[ATTACHMENT|C:\\Users\\vikas.kiroula\\git\\eProc\\Reports\\Run\\20180702_203015\\1530544139362.png]]]]></system-out>
         <system-err><![CDATA[2018-07-02 20:38:11 - [TEST_CASE][FAILED] - Test Cases/DDS-2052/DDS_3877: Test Cases/DDS-2052/DDS_3877 FAILED because (of) Unable to send keys 'Item' to object 'Object Repository/OnlineStorePage/Search Box' (Root cause: com.kms.katalon.core.webui.exception.WebElementNotFoundException: Web element with id: 'Object Repository/OnlineStorePage/Search Box' located by 'By.xpath: //eproc-online-store/eproc-spotlight/div[2]/div/div/div[2]/div/eproc-main-search/div[1]/input' not found)]]></system-err>
      </testcase>
      <testcase name="Test Cases/DDS-2052/DDS_3885" classname="Test Cases/DDS-2052/DDS_3885" status="ERROR">
         <error type="ERROR" message="Test Cases/DDS-2052/DDS_3885 FAILED because (of) java.lang.IllegalArgumentException: Cannot find test case with id 'Test Cases/CommonLibraries/Search'"/>
         <system-out><![CDATA[2018-07-02 20:38:59 - [TEST_CASE][ERROR] - Test Cases/DDS-2052/DDS_3885: Test Cases/DDS-2052/DDS_3885 FAILED because (of) java.lang.IllegalArgumentException: Cannot find test case with id 'Test Cases/CommonLibraries/Search'

2018-07-02 20:38:59 - [TEST_STEP][PASSED] - callTestCase: null]]></system-out>
         <system-err><![CDATA[2018-07-02 20:38:59 - [TEST_CASE][ERROR] - Test Cases/DDS-2052/DDS_3885: Test Cases/DDS-2052/DDS_3885 FAILED because (of) java.lang.IllegalArgumentException: Cannot find test case with id 'Test Cases/CommonLibraries/Search']]></system-err>
      </testcase>
      <testcase name="Test Cases/DDS-2052/DDS_3888" classname="Test Cases/DDS-2052/DDS_3888" status="ERROR">
         <error type="ERROR" message="Test Cases/DDS-2052/DDS_3888 FAILED because (of) java.lang.IllegalArgumentException: Cannot find test case with id 'Test Cases/CommonLibraries/Search'"/>
         <system-out><![CDATA[2018-07-02 20:38:59 - [TEST_CASE][ERROR] - Test Cases/DDS-2052/DDS_3888: Test Cases/DDS-2052/DDS_3888 FAILED because (of) java.lang.IllegalArgumentException: Cannot find test case with id 'Test Cases/CommonLibraries/Search'

2018-07-02 20:38:59 - [TEST_STEP][PASSED] - callTestCase: null]]></system-out>
         <system-err><![CDATA[2018-07-02 20:38:59 - [TEST_CASE][ERROR] - Test Cases/DDS-2052/DDS_3888: Test Cases/DDS-2052/DDS_3888 FAILED because (of) java.lang.IllegalArgumentException: Cannot find test case with id 'Test Cases/CommonLibraries/Search']]></system-err>
      </testcase>
      <testcase name="Test Cases/DDS-2053/DDS- 3890 User should be able to mark individual items as favourites on the online store search results page" classname="Test Cases/DDS-2053/DDS- 3890 User should be able to mark individual items as favourites on the online store search results page" status="PASSED">
         <system-out><![CDATA[2018-07-02 20:38:59 - [TEST_CASE][PASSED] - Test Cases/DDS-2053/DDS- 3890 User should be able to mark individual items as favourites on the online store search results page: Test Cases/DDS-2053/DDS- 3890 User should be able to mark individual items as favourites on the online store search results page

2018-07-02 20:38:59 - [TEST_STEP][PASSED] - callTestCase: Call Test Case 'Test Cases/CommonLibraries/Search By Item' successfully

2018-07-02 20:38:59 - [TEST_CASE][PASSED] - Test Cases/CommonLibraries/Search By Item: Test Cases/CommonLibraries/Search By Item

2018-07-02 20:38:59 - [TEST_STEP][PASSED] - callTestCase: Call Test Case 'Test Cases/CommonLibraries/Login' successfully

2018-07-02 20:38:59 - [TEST_CASE][PASSED] - Test Cases/CommonLibraries/Login: Test Cases/CommonLibraries/Login

2018-07-02 20:38:59 - [TEST_STEP][PASSED] - openBrowser: Browser is opened with url: 'https://smtlogin.zycus.net/sso/login?serviceName=http://eproc-qa.zycus.net/'

2018-07-02 20:38:59 - [MESSAGE][WARNING] - A browser is already opened. Closing browser and opening a new one

2018-07-02 20:39:09 - [MESSAGE][PASSED] - Browser is opened with url: 'https://smtlogin.zycus.net/sso/login?serviceName=http://eproc-qa.zycus.net/'

2018-07-02 20:39:09 - [TEST_STEP][PASSED] - maximizeWindow: Current window maximized

2018-07-02 20:39:09 - [MESSAGE][PASSED] - Current window maximized

2018-07-02 20:39:09 - [TEST_STEP][PASSED] - waitForElementVisible: Object 'Object Repository/LoginPage/UserID' is visible

2018-07-02 20:39:09 - [MESSAGE][PASSED] - Object 'Object Repository/LoginPage/UserID' is visible

2018-07-02 20:39:09 - [TEST_STEP][PASSED] - sendKeys: Keys 'monicaqa@zycus.com' sent to object: 'Object Repository/LoginPage/UserID'

2018-07-02 20:39:09 - [MESSAGE][PASSED] - Keys 'monicaqa@zycus.com' sent to object: 'Object Repository/LoginPage/UserID'

2018-07-02 20:39:09 - [TEST_STEP][PASSED] - sendKeys: Keys 'eProc@123' sent to object: 'Object Repository/LoginPage/Password'

2018-07-02 20:39:09 - [MESSAGE][PASSED] - Keys 'eProc@123' sent to object: 'Object Repository/LoginPage/Password'

2018-07-02 20:39:09 - [TEST_STEP][PASSED] - click: Object: 'Object Repository/LoginPage/LoginButton' is clicked on

2018-07-02 20:39:14 - [MESSAGE][PASSED] - Object: 'Object Repository/LoginPage/LoginButton' is clicked on

2018-07-02 20:39:14 - [MESSAGE][PASSED] - Call Test Case 'Test Cases/CommonLibraries/Login' successfully

2018-07-02 20:39:14 - [TEST_STEP][PASSED] - waitForElementPresent: Object 'Object Repository/OnlineStorePage/Search Box' is present

2018-07-02 20:39:38 - [MESSAGE][PASSED] - Object 'Object Repository/OnlineStorePage/Search Box' is present

2018-07-02 20:39:38 - [TEST_STEP][PASSED] - waitForPageLoad: Wait for page load successfully

2018-07-02 20:39:38 - [MESSAGE][PASSED] - Wait for page load successfully

2018-07-02 20:39:38 - [TEST_STEP][PASSED] - sendKeys: Keys 'Item' sent to object: 'Object Repository/OnlineStorePage/Search Box'

2018-07-02 20:39:38 - [MESSAGE][PASSED] - Keys 'Item' sent to object: 'Object Repository/OnlineStorePage/Search Box'

2018-07-02 20:39:38 - [TEST_STEP][PASSED] - click: Object: 'Object Repository/OnlineStorePage/Search Icon' is clicked on

2018-07-02 20:39:39 - [MESSAGE][PASSED] - Object: 'Object Repository/OnlineStorePage/Search Icon' is clicked on

2018-07-02 20:39:39 - [MESSAGE][PASSED] - Call Test Case 'Test Cases/CommonLibraries/Search By Item' successfully

2018-07-02 20:39:39 - [TEST_STEP][PASSED] - waitForElementPresent: Object 'Object Repository/SearchResultPage/SearchItemTab/CatalogItems/Check Box For 2 row item list' is present

2018-07-02 20:40:15 - [MESSAGE][PASSED] - Object 'Object Repository/SearchResultPage/SearchItemTab/CatalogItems/Check Box For 2 row item list' is present

2018-07-02 20:40:15 - [TEST_STEP][PASSED] - waitForElementPresent: Object 'Object Repository/SearchResultPage/SearchItemTab/CatalogItems/Favorite Button For ITEM1' is present

2018-07-02 20:40:15 - [MESSAGE][PASSED] - Object 'Object Repository/SearchResultPage/SearchItemTab/CatalogItems/Favorite Button For ITEM1' is present

2018-07-02 20:40:15 - [TEST_STEP][PASSED] - waitForElementPresent: Object 'Object Repository/SearchResultPage/SearchItemTab/CatalogItems/Favorite Button For Item3' is present

2018-07-02 20:40:15 - [MESSAGE][PASSED] - Object 'Object Repository/SearchResultPage/SearchItemTab/CatalogItems/Favorite Button For Item3' is present

2018-07-02 20:40:15 - [TEST_STEP][PASSED] - Statement - Attribute1 = com.kms.katalon.core.webui.keyword.WebUiBuiltInKeywords.getAttribute(com.kms.katalon.core.testobject.ObjectRepository.findTestObject(SearchResultPage/SearchItemTab/CatalogItems/Favorite Button For ITEM1), "ng-reflect-icon"): Attribute 'ng-reflect-icon' of object 'Object Repository/SearchResultPage/SearchItemTab/CatalogItems/Favorite Button For ITEM1' is: 'heart'

2018-07-02 20:40:15 - [MESSAGE][PASSED] - Attribute 'ng-reflect-icon' of object 'Object Repository/SearchResultPage/SearchItemTab/CatalogItems/Favorite Button For ITEM1' is: 'heart'

2018-07-02 20:40:15 - [TEST_STEP][PASSED] - Statement - Attribute2 = com.kms.katalon.core.webui.keyword.WebUiBuiltInKeywords.getAttribute(com.kms.katalon.core.testobject.ObjectRepository.findTestObject(SearchResultPage/SearchItemTab/CatalogItems/Favorite Button For Item3), "ng-reflect-icon"): Attribute 'ng-reflect-icon' of object 'Object Repository/SearchResultPage/SearchItemTab/CatalogItems/Favorite Button For Item3' is: 'heart'

2018-07-02 20:40:15 - [MESSAGE][PASSED] - Attribute 'ng-reflect-icon' of object 'Object Repository/SearchResultPage/SearchItemTab/CatalogItems/Favorite Button For Item3' is: 'heart'

2018-07-02 20:40:15 - [TEST_STEP][PASSED] - Statement - If (Attribute1 == "heart-fill"): null

2018-07-02 20:40:15 - [TEST_STEP][PASSED] - Statement - Else: Object 'Object Repository/SearchResultPage/SearchItemTab/CatalogItems/Favorite Button For ITEM1' has attribute 'ng-reflect-icon' with value 'heart-fill'

2018-07-02 20:40:15 - [TEST_STEP][PASSED] - mouseOver: Object: 'Object Repository/SearchResultPage/SearchItemTab/CatalogItems/Favorite Button For ITEM1' is hovered

2018-07-02 20:40:15 - [MESSAGE][PASSED] - Object: 'Object Repository/SearchResultPage/SearchItemTab/CatalogItems/Favorite Button For ITEM1' is hovered

2018-07-02 20:40:15 - [TEST_STEP][PASSED] - click: Object: 'Object Repository/SearchResultPage/SearchItemTab/CatalogItems/Favorite Button For ITEM1' is clicked on

2018-07-02 20:40:15 - [MESSAGE][PASSED] - Object: 'Object Repository/SearchResultPage/SearchItemTab/CatalogItems/Favorite Button For ITEM1' is clicked on

2018-07-02 20:40:15 - [TEST_STEP][PASSED] - delay: Delayed 2 second(s)

2018-07-02 20:40:17 - [MESSAGE][PASSED] - Delayed 2 second(s)

2018-07-02 20:40:17 - [TEST_STEP][PASSED] - verifyElementAttributeValue: Object 'Object Repository/SearchResultPage/SearchItemTab/CatalogItems/Favorite Button For ITEM1' has attribute 'ng-reflect-icon' with value 'heart-fill'

2018-07-02 20:40:17 - [MESSAGE][PASSED] - Object 'Object Repository/SearchResultPage/SearchItemTab/CatalogItems/Favorite Button For ITEM1' has attribute 'ng-reflect-icon' with value 'heart-fill'

2018-07-02 20:40:17 - [TEST_STEP][PASSED] - Statement - If (Attribute2 == "heart-fill"): null

2018-07-02 20:40:17 - [TEST_STEP][PASSED] - Statement - Else: Object 'Object Repository/SearchResultPage/SearchItemTab/CatalogItems/Favorite Button For Item3' has attribute 'ng-reflect-icon' with value 'heart-fill'

2018-07-02 20:40:17 - [TEST_STEP][PASSED] - mouseOver: Object: 'Object Repository/SearchResultPage/SearchItemTab/CatalogItems/Favorite Button For Item3' is hovered

2018-07-02 20:40:17 - [MESSAGE][PASSED] - Object: 'Object Repository/SearchResultPage/SearchItemTab/CatalogItems/Favorite Button For Item3' is hovered

2018-07-02 20:40:17 - [TEST_STEP][PASSED] - click: Object: 'Object Repository/SearchResultPage/SearchItemTab/CatalogItems/Favorite Button For Item3' is clicked on

2018-07-02 20:40:17 - [MESSAGE][PASSED] - Object: 'Object Repository/SearchResultPage/SearchItemTab/CatalogItems/Favorite Button For Item3' is clicked on

2018-07-02 20:40:17 - [TEST_STEP][PASSED] - delay: Delayed 3 second(s)

2018-07-02 20:40:20 - [MESSAGE][PASSED] - Delayed 3 second(s)

2018-07-02 20:40:20 - [TEST_STEP][PASSED] - verifyElementAttributeValue: Object 'Object Repository/SearchResultPage/SearchItemTab/CatalogItems/Favorite Button For Item3' has attribute 'ng-reflect-icon' with value 'heart-fill'

2018-07-02 20:40:21 - [MESSAGE][PASSED] - Object 'Object Repository/SearchResultPage/SearchItemTab/CatalogItems/Favorite Button For Item3' has attribute 'ng-reflect-icon' with value 'heart-fill'

2018-07-02 20:40:21 - [TEST_STEP][PASSED] - closeBrowser: Browser is closed

2018-07-02 20:40:21 - [MESSAGE][PASSED] - Browser is closed]]></system-out>
         <system-err><![CDATA[]]></system-err>
      </testcase>
      <testcase name="Test Cases/DDS-2053/DDS-2890" classname="Test Cases/DDS-2053/DDS-2890" status="ERROR">
         <error type="ERROR" message="Test Cases/DDS-2053/DDS-2890 FAILED because (of) java.lang.IllegalArgumentException: Cannot find test case with id 'Test Cases/CommonLibraries/Search'"/>
         <system-out><![CDATA[2018-07-02 20:40:21 - [TEST_CASE][ERROR] - Test Cases/DDS-2053/DDS-2890: Test Cases/DDS-2053/DDS-2890 FAILED because (of) java.lang.IllegalArgumentException: Cannot find test case with id 'Test Cases/CommonLibraries/Search'

2018-07-02 20:40:21 - [TEST_STEP][PASSED] - callTestCase: null]]></system-out>
         <system-err><![CDATA[2018-07-02 20:40:21 - [TEST_CASE][ERROR] - Test Cases/DDS-2053/DDS-2890: Test Cases/DDS-2053/DDS-2890 FAILED because (of) java.lang.IllegalArgumentException: Cannot find test case with id 'Test Cases/CommonLibraries/Search']]></system-err>
      </testcase>
      <testcase name="Test Cases/DDS-2053/DDS-3894 Verify that items marked as favorites should be visible on the favourite section of the online store" classname="Test Cases/DDS-2053/DDS-3894 Verify that items marked as favorites should be visible on the favourite section of the online store" status="FAILED">
         <failure type="FAILED" message="Unable to get text of object 'Object Repository/SearchResultPage/SearchItemTab/CatalogItems/Catalog Item List Verification/ITEM1 For 2 Row' (Root cause: com.kms.katalon.core.webui.exception.WebElementNotFoundException: Web element with id: 'Object Repository/SearchResultPage/SearchItemTab/CatalogItems/Catalog Item List Verification/ITEM1 For 2 Row' located by 'By.xpath: //dew-flex-item[2]//span[text()='ITEM1']' not found)"/>
         <system-out><![CDATA[2018-07-02 20:40:21 - [TEST_CASE][FAILED] - Test Cases/DDS-2053/DDS-3894 Verify that items marked as favorites should be visible on the favourite section of the online store: Test Cases/DDS-2053/DDS-3894 Verify that items marked as favorites should be visible on the favourite section of the online store FAILED because (of) Unable to get text of object 'Object Repository/SearchResultPage/SearchItemTab/CatalogItems/Catalog Item List Verification/ITEM1 For 2 Row' (Root cause: com.kms.katalon.core.webui.exception.WebElementNotFoundException: Web element with id: 'Object Repository/SearchResultPage/SearchItemTab/CatalogItems/Catalog Item List Verification/ITEM1 For 2 Row' located by 'By.xpath: //dew-flex-item[2]//span[text()='ITEM1']' not found)

2018-07-02 20:40:21 - [TEST_STEP][PASSED] - callTestCase: Call Test Case 'Test Cases/CommonLibraries/Search By Item' successfully

2018-07-02 20:40:21 - [TEST_CASE][PASSED] - Test Cases/CommonLibraries/Search By Item: Test Cases/CommonLibraries/Search By Item

2018-07-02 20:40:21 - [TEST_STEP][PASSED] - callTestCase: Call Test Case 'Test Cases/CommonLibraries/Login' successfully

2018-07-02 20:40:21 - [TEST_CASE][PASSED] - Test Cases/CommonLibraries/Login: Test Cases/CommonLibraries/Login

2018-07-02 20:40:21 - [TEST_STEP][PASSED] - openBrowser: Browser is opened with url: 'https://smtlogin.zycus.net/sso/login?serviceName=http://eproc-qa.zycus.net/'

2018-07-02 20:40:31 - [MESSAGE][PASSED] - Browser is opened with url: 'https://smtlogin.zycus.net/sso/login?serviceName=http://eproc-qa.zycus.net/'

2018-07-02 20:40:31 - [TEST_STEP][PASSED] - maximizeWindow: Current window maximized

2018-07-02 20:40:31 - [MESSAGE][PASSED] - Current window maximized

2018-07-02 20:40:31 - [TEST_STEP][PASSED] - waitForElementVisible: Object 'Object Repository/LoginPage/UserID' is visible

2018-07-02 20:40:31 - [MESSAGE][PASSED] - Object 'Object Repository/LoginPage/UserID' is visible

2018-07-02 20:40:31 - [TEST_STEP][PASSED] - sendKeys: Keys 'monicaqa@zycus.com' sent to object: 'Object Repository/LoginPage/UserID'

2018-07-02 20:40:31 - [MESSAGE][PASSED] - Keys 'monicaqa@zycus.com' sent to object: 'Object Repository/LoginPage/UserID'

2018-07-02 20:40:31 - [TEST_STEP][PASSED] - sendKeys: Keys 'eProc@123' sent to object: 'Object Repository/LoginPage/Password'

2018-07-02 20:40:31 - [MESSAGE][PASSED] - Keys 'eProc@123' sent to object: 'Object Repository/LoginPage/Password'

2018-07-02 20:40:31 - [TEST_STEP][PASSED] - click: Object: 'Object Repository/LoginPage/LoginButton' is clicked on

2018-07-02 20:40:38 - [MESSAGE][PASSED] - Object: 'Object Repository/LoginPage/LoginButton' is clicked on

2018-07-02 20:40:38 - [MESSAGE][PASSED] - Call Test Case 'Test Cases/CommonLibraries/Login' successfully

2018-07-02 20:40:38 - [TEST_STEP][PASSED] - waitForElementPresent: Object 'Object Repository/OnlineStorePage/Search Box' is present

2018-07-02 20:41:18 - [MESSAGE][PASSED] - Object 'Object Repository/OnlineStorePage/Search Box' is present

2018-07-02 20:41:18 - [TEST_STEP][PASSED] - waitForPageLoad: Wait for page load successfully

2018-07-02 20:41:18 - [MESSAGE][PASSED] - Wait for page load successfully

2018-07-02 20:41:18 - [TEST_STEP][PASSED] - sendKeys: Keys 'Item' sent to object: 'Object Repository/OnlineStorePage/Search Box'

[...]
         <failure type="FAILED" message="Unable to click on object 'Object Repository/SearchResultPage/SearchItemTab/CatalogItems/Check Box For 3 Row Item List' (Root cause: com.kms.katalon.core.webui.exception.WebElementNotFoundException: Web element with id: 'Object Repository/SearchResultPage/SearchItemTab/CatalogItems/Check Box For 3 Row Item List' located by 'By.xpath: //dew-tab[@id='items-in-catalogs']/eproc-product-list/dew-card/dew-flex/dew-flex-item[3]/eproc-product-card/dew-card/dew-row/dew-col[1]/div' not found)"/>
         <system-out><![CDATA[2018-07-02 22:32:08 - [TEST_CASE][FAILED] - Test Cases/DDS-280/DDS-4315 Add cart to basket Empty cart and checkout button should be disabled if cart is empty: Test Cases/DDS-280/DDS-4315 Add cart to basket Empty cart and checkout button should be disabled if cart is empty FAILED because (of) Unable to click on object 'Object Repository/SearchResultPage/SearchItemTab/CatalogItems/Check Box For 3 Row Item List' (Root cause: com.kms.katalon.core.webui.exception.WebElementNotFoundException: Web element with id: 'Object Repository/SearchResultPage/SearchItemTab/CatalogItems/Check Box For 3 Row Item List' located by 'By.xpath: //dew-tab[@id='items-in-catalogs']/eproc-product-list/dew-card/dew-flex/dew-flex-item[3]/eproc-product-card/dew-card/dew-row/dew-col[1]/div' not found)

2018-07-02 22:32:08 - [TEST_STEP][PASSED] - callTestCase: Call Test Case 'Test Cases/CommonLibraries/Search By Item' successfully

2018-07-02 22:32:08 - [TEST_CASE][PASSED] - Test Cases/CommonLibraries/Search By Item: Test Cases/CommonLibraries/Search By Item

2018-07-02 22:32:08 - [TEST_STEP][PASSED] - callTestCase: Call Test Case 'Test Cases/CommonLibraries/Login' successfully

2018-07-02 22:32:08 - [TEST_CASE][PASSED] - Test Cases/CommonLibraries/Login: Test Cases/CommonLibraries/Login

2018-07-02 22:32:08 - [TEST_STEP][PASSED] - openBrowser: Browser is opened with url: 'https://smtlogin.zycus.net/sso/login?serviceName=http://eproc-qa.zycus.net/'

2018-07-02 22:32:08 - [MESSAGE][WARNING] - A browser is already opened. Closing browser and opening a new one

2018-07-02 22:32:15 - [MESSAGE][PASSED] - Browser is opened with url: 'https://smtlogin.zycus.net/sso/login?serviceName=http://eproc-qa.zycus.net/'

2018-07-02 22:32:15 - [TEST_STEP][PASSED] - maximizeWindow: Current window maximized

2018-07-02 22:32:17 - [MESSAGE][PASSED] - Current window maximized

2018-07-02 22:32:17 - [TEST_STEP][PASSED] - waitForElementVisible: Object 'Object Repository/LoginPage/UserID' is visible

2018-07-02 22:32:17 - [MESSAGE][PASSED] - Object 'Object Repository/LoginPage/UserID' is visible

2018-07-02 22:32:17 - [TEST_STEP][PASSED] - sendKeys: Keys 'monicaqa@zycus.com' sent to object: 'Object Repository/LoginPage/UserID'

2018-07-02 22:32:17 - [MESSAGE][PASSED] - Keys 'monicaqa@zycus.com' sent to object: 'Object Repository/LoginPage/UserID'

2018-07-02 22:32:17 - [TEST_STEP][PASSED] - sendKeys: Keys 'eProc@123' sent to object: 'Object Repository/LoginPage/Password'

2018-07-02 22:32:18 - [MESSAGE][PASSED] - Keys 'eProc@123' sent to object: 'Object Repository/LoginPage/Password'

2018-07-02 22:32:18 - [TEST_STEP][PASSED] - click: Object: 'Object Repository/LoginPage/LoginButton' is clicked on

2018-07-02 22:32:22 - [MESSAGE][PASSED] - Object: 'Object Repository/LoginPage/LoginButton' is clicked on

2018-07-02 22:32:22 - [MESSAGE][PASSED] - Call Test Case 'Test Cases/CommonLibraries/Login' successfully

2018-07-02 22:32:22 - [TEST_STEP][PASSED] - waitForElementPresent: Object 'Object Repository/OnlineStorePage/Search Box' is present

2018-07-02 22:32:44 - [MESSAGE][PASSED] - Object 'Object Repository/OnlineStorePage/Search Box' is present

2018-07-02 22:32:44 - [TEST_STEP][PASSED] - waitForPageLoad: Wait for page load successfully

2018-07-02 22:32:44 - [MESSAGE][PASSED] - Wait for page load successfully

2018-07-02 22:32:44 - [TEST_STEP][PASSED] - sendKeys: Keys 'Item' sent to object: 'Object Repository/OnlineStorePage/Search Box'

2018-07-02 22:32:44 - [MESSAGE][PASSED] - Keys 'Item' sent to object: 'Object Repository/OnlineStorePage/Search Box'

2018-07-02 22:32:44 - [TEST_STEP][PASSED] - click: Object: 'Object Repository/OnlineStorePage/Search Icon' is clicked on

2018-07-02 22:32:44 - [MESSAGE][PASSED] - Object: 'Object Repository/OnlineStorePage/Search Icon' is clicked on

2018-07-02 22:32:44 - [MESSAGE][PASSED] - Call Test Case 'Test Cases/CommonLibraries/Search By Item' successfully

2018-07-02 22:32:44 - [TEST_STEP][PASSED] - waitForElementVisible: Web element with id: 'Object Repository/SearchResultPage/SearchItemTab/CatalogItems/Check Box For 3 Row Item List' located by 'By.xpath: //dew-tab[@id='items-in-catalogs']/eproc-product-list/dew-card/dew-flex/dew-flex-item[3]/eproc-product-card/dew-card/dew-row/dew-col[1]/div' not found

2018-07-02 22:33:05 - [MESSAGE][WARNING] - Web element with id: 'Object Repository/SearchResultPage/SearchItemTab/CatalogItems/Check Box For 3 Row Item List' located by 'By.xpath: //dew-tab[@id='items-in-catalogs']/eproc-product-list/dew-card/dew-flex/dew-flex-item[3]/eproc-product-card/dew-card/dew-row/dew-col[1]/div' not found

2018-07-02 22:33:05 - [TEST_STEP][FAILED] - click: Unable to click on object 'Object Repository/SearchResultPage/SearchItemTab/CatalogItems/Check Box For 3 Row Item List' (Root cause: com.kms.katalon.core.webui.exception.WebElementNotFoundException: Web element with id: 'Object Repository/SearchResultPage/SearchItemTab/CatalogItems/Check Box For 3 Row Item List' located by 'By.xpath: //dew-tab[@id='items-in-catalogs']/eproc-product-list/dew-card/dew-flex/dew-flex-item[3]/eproc-product-card/dew-card/dew-row/dew-col[1]/div' not found)

2018-07-02 22:33:37 - [MESSAGE][FAILED] - Unable to click on object 'Object Repository/SearchResultPage/SearchItemTab/CatalogItems/Check Box For 3 Row Item List' (Root cause: com.kms.katalon.core.webui.exception.WebElementNotFoundException: Web element with id: 'Object Repository/SearchResultPage/SearchItemTab/CatalogItems/Check Box For 3 Row Item List' located by 'By.xpath: //dew-tab[@id='items-in-catalogs']/eproc-product-list/dew-card/dew-flex/dew-flex-item[3]/eproc-product-card/dew-card/dew-row/dew-col[1]/div' not found)
[[ATTACHMENT|C:\\Users\\vikas.kiroula\\git\\eProc\\Reports\\Run\\20180702_203015\\1530551017394.png]]]]></system-out>
         <system-err><![CDATA[2018-07-02 22:32:08 - [TEST_CASE][FAILED] - Test Cases/DDS-280/DDS-4315 Add cart to basket Empty cart and checkout button should be disabled if cart is empty: Test Cases/DDS-280/DDS-4315 Add cart to basket Empty cart and checkout button should be disabled if cart is empty FAILED because (of) Unable to click on object 'Object Repository/SearchResultPage/SearchItemTab/CatalogItems/Check Box For 3 Row Item List' (Root cause: com.kms.katalon.core.webui.exception.WebElementNotFoundException: Web element with id: 'Object Repository/SearchResultPage/SearchItemTab/CatalogItems/Check Box For 3 Row Item List' located by 'By.xpath: //dew-tab[@id='items-in-catalogs']/eproc-product-list/dew-card/dew-flex/dew-flex-item[3]/eproc-product-card/dew-card/dew-row/dew-col[1]/div' not found)]]></system-err>
      </testcase>
      <testcase name="Test Cases/DDS_281/DDS_4316" classname="Test Cases/DDS_281/DDS_4316" status="PASSED">
         <system-out><![CDATA[2018-07-02 22:33:37 - [TEST_CASE][PASSED] - Test Cases/DDS_281/DDS_4316: Test Cases/DDS_281/DDS_4316

2018-07-02 22:33:37 - [TEST_STEP][PASSED] - callTestCase: Call Test Case 'Test Cases/CommonLibraries/Login' successfully

2018-07-02 22:33:37 - [TEST_CASE][PASSED] - Test Cases/CommonLibraries/Login: Test Cases/CommonLibraries/Login

2018-07-02 22:33:37 - [TEST_STEP][PASSED] - openBrowser: Browser is opened with url: 'https://smtlogin.zycus.net/sso/login?serviceName=http://eproc-qa.zycus.net/'

2018-07-02 22:33:37 - [MESSAGE][WARNING] - A browser is already opened. Closing browser and opening a new one

2018-07-02 22:33:47 - [MESSAGE][PASSED] - Browser is opened with url: 'https://smtlogin.zycus.net/sso/login?serviceName=http://eproc-qa.zycus.net/'

2018-07-02 22:33:47 - [TEST_STEP][PASSED] - maximizeWindow: Current window maximized

2018-07-02 22:33:47 - [MESSAGE][PASSED] - Current window maximized

2018-07-02 22:33:47 - [TEST_STEP][PASSED] - waitForElementVisible: Object 'Object Repository/LoginPage/UserID' is visible

2018-07-02 22:33:47 - [MESSAGE][PASSED] - Object 'Object Repository/LoginPage/UserID' is visible

2018-07-02 22:33:47 - [TEST_STEP][PASSED] - sendKeys: Keys 'monicaqa@zycus.com' sent to object: 'Object Repository/LoginPage/UserID'

2018-07-02 22:33:47 - [MESSAGE][PASSED] - Keys 'monicaqa@zycus.com' sent to object: 'Object Repository/LoginPage/UserID'

2018-07-02 22:33:47 - [TEST_STEP][PASSED] - sendKeys: Keys 'eProc@123' sent to object: 'Object Repository/LoginPage/Password'

2018-07-02 22:33:47 - [MESSAGE][PASSED] - Keys 'eProc@123' sent to object: 'Object Repository/LoginPage/Password'

2018-07-02 22:33:47 - [TEST_STEP][PASSED] - click: Object: 'Object Repository/LoginPage/LoginButton' is clicked on

2018-07-02 22:33:52 - [MESSAGE][PASSED] - Object: 'Object Repository/LoginPage/LoginButton' is clicked on

2018-07-02 22:33:52 - [MESSAGE][PASSED] - Call Test Case 'Test Cases/CommonLibraries/Login' successfully

2018-07-02 22:33:52 - [TEST_STEP][PASSED] - doubleClick: Object: 'Object Repository/OnlineStorePage/CartIcon' is double clicked on

2018-07-02 22:34:13 - [MESSAGE][PASSED] - Object: 'Object Repository/OnlineStorePage/CartIcon' is double clicked on

2018-07-02 22:34:13 - [TEST_STEP][PASSED] - verifyElementPresent: Object 'Object Repository/CartPage/EmptyCartButton' is present

2018-07-02 22:34:13 - [MESSAGE][PASSED] - Object 'Object Repository/CartPage/EmptyCartButton' is present

2018-07-02 22:34:13 - [TEST_STEP][PASSED] - delay: Delayed 5 second(s)

2018-07-02 22:34:18 - [MESSAGE][PASSED] - Delayed 5 second(s)

2018-07-02 22:34:18 - [TEST_STEP][PASSED] - closeBrowser: Browser is closed

2018-07-02 22:34:18 - [MESSAGE][PASSED] - Browser is closed]]></system-out>
         <system-err><![CDATA[]]></system-err>
      </testcase>
      <testcase name="Test Cases/DDS_281/DDS_4317" classname="Test Cases/DDS_281/DDS_4317" status="FAILED">
         <failure type="FAILED" message="Unable to click on object 'Object Repository/SearchResultPage/SearchItemTab/CatalogItems/Check Box For 1 Row Item List' (Root cause: com.kms.katalon.core.webui.exception.WebElementNotFoundException: Web element with id: 'Object Repository/SearchResultPage/SearchItemTab/CatalogItems/Check Box For 1 Row Item List' located by 'By.xpath: //dew-tab[@id='items-in-catalogs']/eproc-product-list/dew-card/dew-flex/dew-flex-item[1]/eproc-product-card/dew-card/dew-row/dew-col[1]/div' not found)"/>
         <system-out><![CDATA[2018-07-02 22:34:18 - [TEST_CASE][FAILED] - Test Cases/DDS_281/DDS_4317: Test Cases/DDS_281/DDS_4317 FAILED because (of) Unable to click on object 'Object Repository/SearchResultPage/SearchItemTab/CatalogItems/Check Box For 1 Row Item List' (Root cause: com.kms.katalon.core.webui.exception.WebElementNotFoundException: Web element with id: 'Object Repository/SearchResultPage/SearchItemTab/CatalogItems/Check Box For 1 Row Item List' located by 'By.xpath: //dew-tab[@id='items-in-catalogs']/eproc-product-list/dew-card/dew-flex/dew-flex-item[1]/eproc-product-card/dew-card/dew-row/dew-col[1]/div' not found)

2018-07-02 22:34:18 - [TEST_STEP][PASSED] - callTestCase: Call Test Case 'Test Cases/CommonLibraries/Search By Item' successfully

2018-07-02 22:34:18 - [TEST_CASE][PASSED] - Test Cases/CommonLibraries/Search By Item: Test Cases/CommonLibraries/Search By Item

2018-07-02 22:34:18 - [TEST_STEP][PASSED] - callTestCase: Call Test Case 'Test Cases/CommonLibraries/Login' successfully

2018-07-02 22:34:18 - [TEST_CASE][PASSED] - Test Cases/CommonLibraries/Login: Test Cases/CommonLibraries/Login

2018-07-02 22:34:18 - [TEST_STEP][PASSED] - openBrowser: Browser is opened with url: 'https://smtlogin.zycus.net/sso/login?serviceName=http://eproc-qa.zycus.net/'

2018-07-02 22:34:26 - [MESSAGE][PASSED] - Browser is opened with url: 'https://smtlogin.zycus.net/sso/login?serviceName=http://eproc-qa.zycus.net/'

2018-07-02 22:34:26 - [TEST_STEP][PASSED] - maximizeWindow: Current window maximized

2018-07-02 22:34:28 - [MESSAGE][PASSED] - Current window maximized

2018-07-02 22:34:28 - [TEST_STEP][PASSED] - waitForElementVisible: Object 'Object Repository/LoginPage/UserID' is visible

2018-07-02 22:34:28 - [MESSAGE][PASSED] - Object 'Object Repository/LoginPage/UserID' is visible

2018-07-02 22:34:28 - [TEST_STEP][PASSED] - sendKeys: Keys 'monicaqa@zycus.com' sent to object: 'Object Repository/LoginPage/UserID'

2018-07-02 22:34:28 - [MESSAGE][PASSED] - Keys 'monicaqa@zycus.com' sent to object: 'Object Repository/LoginPage/UserID'

2018-07-02 22:34:28 - [TEST_STEP][PASSED] - sendKeys: Keys 'eProc@123' sent to object: 'Object Repository/LoginPage/Password'

2018-07-02 22:34:28 - [MESSAGE][PASSED] - Keys 'eProc@123' sent to object: 'Object Repository/LoginPage/Password'

2018-07-02 22:34:28 - [TEST_STEP][PASSED] - click: Object: 'Object Repository/LoginPage/LoginButton' is clicked on

2018-07-02 22:34:33 - [MESSAGE][PASSED] - Object: 'Object Repository/LoginPage/LoginButton' is clicked on

2018-07-02 22:34:33 - [MESSAGE][PASSED] - Call Test Case 'Test Cases/CommonLibraries/Login' successfully

2018-07-02 22:34:33 - [TEST_STEP][PASSED] - waitForElementPresent: Object 'Object Repository/OnlineStorePage/Search Box' is present

2018-07-02 22:34:55 - [MESSAGE][PASSED] - Object 'Object Repository/OnlineStorePage/Search Box' is present

2018-07-02 22:34:55 - [TEST_STEP][PASSED] - waitForPageLoad: Wait for page load successfully

2018-07-02 22:34:55 - [MESSAGE][PASSED] - Wait for page load successfully

2018-07-02 22:34:55 - [TEST_STEP][PASSED] - sendKeys: Keys 'Item' sent to object: 'Object Repository/OnlineStorePage/Search Box'

2018-07-02 22:34:56 - [MESSAGE][PASSED] - Keys 'Item' sent to object: 'Object Repository/OnlineStorePage/Search Box'

2018-07-02 22:34:56 - [TEST_STEP][PASSED] - click: Object: 'Object Repository/OnlineStorePage/Search Icon' is clicked on

2018-07-02 22:34:56 - [MESSAGE][PASSED] - Object: 'Object Repository/OnlineStorePage/Search Icon' is clicked on

2018-07-02 22:34:56 - [MESSAGE][PASSED] - Call Test Case 'Test Cases/CommonLibraries/Search By Item' successfully

2018-07-02 22:34:56 - [TEST_STEP][PASSED] - waitForElementPresent: Object 'Object Repository/SearchResultPage/SearchItemTab/CatalogItems/Check Box For 1 Row Item List' is not present after 0 second(s)

2018-07-02 22:34:56 - [MESSAGE][WARNING] - Timeout '0' is invalid. Using default page load timeout: '30'

2018-07-02 22:35:28 - [MESSAGE][WARNING] - Object 'Object Repository/SearchResultPage/SearchItemTab/CatalogItems/Check Box For 1 Row Item List' is not present after 0 second(s)

2018-07-02 22:35:28 - [TEST_STEP][FAILED] - click: Unable to click on object 'Object Repository/SearchResultPage/SearchItemTab/CatalogItems/Check Box For 1 Row Item List' (Root cause: com.kms.katalon.core.webui.exception.WebElementNotFoundException: Web element with id: 'Object Repository/SearchResultPage/SearchItemTab/CatalogItems/Check Box For 1 Row Item List' located by 'By.xpath: //dew-tab[@id='items-in-catalogs']/eproc-product-list/dew-card/dew-flex/dew-flex-item[1]/eproc-product-card/dew-card/dew-row/dew-col[1]/div' not found)

2018-07-02 22:36:00 - [MESSAGE][FAILED] - Unable to click on object 'Object Repository/SearchResultPage/SearchItemTab/CatalogItems/Check Box For 1 Row Item List' (Root cause: com.kms.katalon.core.webui.exception.WebElementNotFoundException: Web element with id: 'Object Repository/SearchResultPage/SearchItemTab/CatalogItems/Check Box For 1 Row Item List' located by 'By.xpath: //dew-tab[@id='items-in-catalogs']/eproc-product-list/dew-card/dew-flex/dew-flex-item[1]/eproc-product-card/dew-card/dew-row/dew-col[1]/div' not found)
[[ATTACHMENT|C:\\Users\\vikas.kiroula\\git\\eProc\\Reports\\Run\\20180702_203015\\1530551159838.png]]]]></system-out>
         <system-err><![CDATA[2018-07-02 22:34:18 - [TEST_CASE][FAILED] - Test Cases/DDS_281/DDS_4317: Test Cases/DDS_281/DDS_4317 FAILED because (of) Unable to click on object 'Object Repository/SearchResultPage/SearchItemTab/CatalogItems/Check Box For 1 Row Item List' (Root cause: com.kms.katalon.core.webui.exception.WebElementNotFoundException: Web element with id: 'Object Repository/SearchResultPage/SearchItemTab/CatalogItems/Check Box For 1 Row Item List' located by 'By.xpath: //dew-tab[@id='items-in-catalogs']/eproc-product-list/dew-card/dew-flex/dew-flex-item[1]/eproc-product-card/dew-card/dew-row/dew-col[1]/div' not found)]]></system-err>
      </testcase>
      <testcase name="Test Cases/DDS_281/DDS_4318" classname="Test Cases/DDS_281/DDS_4318" status="ERROR">
         <error type="ERROR" message="Test Cases/DDS_281/DDS_4318 FAILED because (of) java.lang.IllegalArgumentException: Cannot find test case with id 'Test Cases/CommonLibraries/Search'"/>
         <system-out><![CDATA[2018-07-02 22:36:00 - [TEST_CASE][ERROR] - Test Cases/DDS_281/DDS_4318: Test Cases/DDS_281/DDS_4318 FAILED because (of) java.lang.IllegalArgumentException: Cannot find test case with id 'Test Cases/CommonLibraries/Search'

2018-07-02 22:36:00 - [TEST_STEP][PASSED] - callTestCase: null]]></system-out>
         <system-err><![CDATA[2018-07-02 22:36:00 - [TEST_CASE][ERROR] - Test Cases/DDS_281/DDS_4318: Test Cases/DDS_281/DDS_4318 FAILED because (of) java.lang.IllegalArgumentException: Cannot find test case with id 'Test Cases/CommonLibraries/Search']]></system-err>
      </testcase>
      <testcase name="Test Cases/DDS_281/DDS_4319" classname="Test Cases/DDS_281/DDS_4319" status="ERROR">
         <error type="ERROR" message="Test Cases/DDS_281/DDS_4319 FAILED because (of) java.lang.IllegalArgumentException: Cannot find test case with id 'Test Cases/CommonLibraries/Search'"/>
         <system-out><![CDATA[2018-07-02 22:36:00 - [TEST_CASE][ERROR] - Test Cases/DDS_281/DDS_4319: Test Cases/DDS_281/DDS_4319 FAILED because (of) java.lang.IllegalArgumentException: Cannot find test case with id 'Test Cases/CommonLibraries/Search'

2018-07-02 22:36:00 - [TEST_STEP][PASSED] - callTestCase: null]]></system-out>
         <system-err><![CDATA[2018-07-02 22:36:00 - [TEST_CASE][ERROR] - Test Cases/DDS_281/DDS_4319: Test Cases/DDS_281/DDS_4319 FAILED because (of) java.lang.IllegalArgumentException: Cannot find test case with id 'Test Cases/CommonLibraries/Search']]></system-err>
      </testcase>
      <system-out><![CDATA[2018-07-02 20:30:17 - [TEST_SUITE][FAILED] - Run: Test Cases/DDS-2052/DDS-3844 FAILED because (of) Unable to double click on object 'Object Repository/BasketsPage/NewBasket' (Root cause: com.kms.katalon.core.webui.exception.WebElementNotFoundException: Web element with id: 'Object Repository/BasketsPage/NewBasket' located by 'By.xpath: //*[@id='all-baskets']/dew-row/dew-col[1]/eproc-basket-card/dew-card/dew-card-body/dew-flex/dew-flex-item[1]/span' not found)]]></system-out>
      <system-err><![CDATA[2018-07-02 20:30:17 - [TEST_SUITE][FAILED] - Run: Test Cases/DDS-2052/DDS-3844 FAILED because (of) Unable to double click on object 'Object Repository/BasketsPage/NewBasket' (Root cause: com.kms.katalon.core.webui.exception.WebElementNotFoundException: Web element with id: 'Object Repository/BasketsPage/NewBasket' located by 'By.xpath: //*[@id='all-baskets']/dew-row/dew-col[1]/eproc-basket-card/dew-card/dew-card-body/dew-flex/dew-flex-item[1]/span' not found)]]></system-err>
   </testsuite>
</testsuites>
